-- Install configuration: ""
-- Up-to-date: /home/eldry/dv_ws/install/tank_description/share/tank_description//urdf
-- Installing: /home/eldry/dv_ws/install/tank_description/share/tank_description//urdf/slambot_urdf.gazebo
-- Installing: /home/eldry/dv_ws/install/tank_description/share/tank_description//urdf/slambot_urdf.trans
-- Installing: /home/eldry/dv_ws/install/tank_description/share/tank_description//urdf/slambot_urdf.xacro
-- Installing: /home/eldry/dv_ws/install/tank_description/share/tank_description//urdf/world.urdf
-- Installing: /home/eldry/dv_ws/install/tank_description/share/tank_description//urdf/slambot.sdf
-- Up-to-date: /home/eldry/dv_ws/install/tank_description/share/tank_description//urdf/tank.urdf
-- Up-to-date: /home/eldry/dv_ws/install/tank_description/share/tank_description//rviz
-- Up-to-date: /home/eldry/dv_ws/install/tank_description/share/tank_description//rviz/urdf_config.rviz
-- Installing: /home/eldry/dv_ws/install/tank_description/share/tank_description//rviz/display.rviz
-- Up-to-date: /home/eldry/dv_ws/install/tank_description/share/tank_description//meshes
-- Up-to-date: /home/eldry/dv_ws/install/tank_description/share/tank_description//meshes/Wheel2_1.stl
-- Up-to-date: /home/eldry/dv_ws/install/tank_description/share/tank_description//meshes/base_link.stl
-- Up-to-date: /home/eldry/dv_ws/install/tank_description/share/tank_description//meshes/Wheel1_1.stl
-- Up-to-date: /home/eldry/dv_ws/install/tank_description/share/ament_index/resource_index/package_run_dependencies/tank_description
-- Up-to-date: /home/eldry/dv_ws/install/tank_description/share/ament_index/resource_index/parent_prefix_path/tank_description
-- Up-to-date: /home/eldry/dv_ws/install/tank_description/share/tank_description/environment/ament_prefix_path.sh
-- Up-to-date: /home/eldry/dv_ws/install/tank_description/share/tank_description/environment/ament_prefix_path.dsv
-- Up-to-date: /home/eldry/dv_ws/install/tank_description/share/tank_description/environment/path.sh
-- Up-to-date: /home/eldry/dv_ws/install/tank_description/share/tank_description/environment/path.dsv
-- Up-to-date: /home/eldry/dv_ws/install/tank_description/share/tank_description/local_setup.bash
-- Up-to-date: /home/eldry/dv_ws/install/tank_description/share/tank_description/local_setup.sh
-- Up-to-date: /home/eldry/dv_ws/install/tank_description/share/tank_description/local_setup.zsh
-- Up-to-date: /home/eldry/dv_ws/install/tank_description/share/tank_description/local_setup.dsv
-- Installing: /home/eldry/dv_ws/install/tank_description/share/tank_description/package.dsv
-- Up-to-date: /home/eldry/dv_ws/install/tank_description/share/ament_index/resource_index/packages/tank_description
-- Up-to-date: /home/eldry/dv_ws/install/tank_description/share/tank_description/cmake/tank_descriptionConfig.cmake
-- Up-to-date: /home/eldry/dv_ws/install/tank_description/share/tank_description/cmake/tank_descriptionConfig-version.cmake
-- Up-to-date: /home/eldry/dv_ws/install/tank_description/share/tank_description/package.xml
