[0.226s] DEBUG:colcon:Command line arguments: ['/usr/bin/colcon', 'build']
[0.227s] DEBUG:colcon:Parsed command line arguments: Namespace(log_base=None, log_level=None, verb_name='build', build_base='build', install_base='install', merge_install=False, symlink_install=False, test_result_base=None, continue_on_error=False, executor='parallel', parallel_workers=4, event_handlers=None, ignore_user_meta=False, metas=['./colcon.meta'], base_paths=['.'], packages_ignore=None, packages_ignore_regex=None, paths=None, packages_up_to=None, packages_up_to_regex=None, packages_above=None, packages_above_and_dependencies=None, packages_above_depth=None, packages_select_by_dep=None, packages_skip_by_dep=None, packages_skip_up_to=None, packages_select_build_failed=False, packages_skip_build_finished=False, packages_select_test_failures=False, packages_skip_test_passed=False, packages_select=None, packages_skip=None, packages_select_regex=None, packages_skip_regex=None, packages_start=None, packages_end=None, allow_overriding=[], cmake_args=None, cmake_target=None, cmake_target_skip_unavailable=False, cmake_clean_cache=False, cmake_clean_first=False, cmake_force_configure=False, ament_cmake_args=None, catkin_cmake_args=None, catkin_skip_building_tests=False, mixin_files=None, mixin=None, verb_parser=<colcon_mixin.mixin.mixin_argument.MixinArgumentDecorator object at 0x78cc570ac4a0>, verb_extension=<colcon_core.verb.build.BuildVerb object at 0x78cc57056f30>, main=<bound method BuildVerb.main of <colcon_core.verb.build.BuildVerb object at 0x78cc57056f30>>, mixin_verb=('build',))
[0.271s] Level 1:colcon.colcon_core.package_discovery:discover_packages(colcon_meta) check parameters
[0.271s] Level 1:colcon.colcon_core.package_discovery:discover_packages(recursive) check parameters
[0.271s] Level 1:colcon.colcon_core.package_discovery:discover_packages(ignore) check parameters
[0.271s] Level 1:colcon.colcon_core.package_discovery:discover_packages(path) check parameters
[0.271s] Level 1:colcon.colcon_core.package_discovery:discover_packages(colcon_meta) discover
[0.271s] Level 1:colcon.colcon_core.package_discovery:discover_packages(recursive) discover
[0.271s] INFO:colcon.colcon_core.package_discovery:Crawling recursively for packages in '/home/eldry/dv_ws'
[0.271s] Level 1:colcon.colcon_core.package_identification:_identify(.) by extensions ['ignore', 'ignore_ament_install']
[0.271s] Level 1:colcon.colcon_core.package_identification:_identify(.) by extension 'ignore'
[0.271s] Level 1:colcon.colcon_core.package_identification:_identify(.) by extension 'ignore_ament_install'
[0.271s] Level 1:colcon.colcon_core.package_identification:_identify(.) by extensions ['colcon_pkg']
[0.271s] Level 1:colcon.colcon_core.package_identification:_identify(.) by extension 'colcon_pkg'
[0.271s] Level 1:colcon.colcon_core.package_identification:_identify(.) by extensions ['colcon_meta']
[0.272s] Level 1:colcon.colcon_core.package_identification:_identify(.) by extension 'colcon_meta'
[0.272s] Level 1:colcon.colcon_core.package_identification:_identify(.) by extensions ['ros']
[0.272s] Level 1:colcon.colcon_core.package_identification:_identify(.) by extension 'ros'
[0.303s] Level 1:colcon.colcon_core.package_identification:_identify(.) by extensions ['cmake', 'python']
[0.303s] Level 1:colcon.colcon_core.package_identification:_identify(.) by extension 'cmake'
[0.303s] Level 1:colcon.colcon_core.package_identification:_identify(.) by extension 'python'
[0.303s] Level 1:colcon.colcon_core.package_identification:_identify(.) by extensions ['python_setup_py']
[0.303s] Level 1:colcon.colcon_core.package_identification:_identify(.) by extension 'python_setup_py'
[0.304s] Level 1:colcon.colcon_core.package_identification:_identify(build) by extensions ['ignore', 'ignore_ament_install']
[0.304s] Level 1:colcon.colcon_core.package_identification:_identify(build) by extension 'ignore'
[0.304s] Level 1:colcon.colcon_core.package_identification:_identify(build) ignored
[0.304s] Level 1:colcon.colcon_core.package_identification:_identify(install) by extensions ['ignore', 'ignore_ament_install']
[0.304s] Level 1:colcon.colcon_core.package_identification:_identify(install) by extension 'ignore'
[0.304s] Level 1:colcon.colcon_core.package_identification:_identify(install) ignored
[0.304s] Level 1:colcon.colcon_core.package_identification:_identify(log) by extensions ['ignore', 'ignore_ament_install']
[0.304s] Level 1:colcon.colcon_core.package_identification:_identify(log) by extension 'ignore'
[0.304s] Level 1:colcon.colcon_core.package_identification:_identify(log) ignored
[0.304s] Level 1:colcon.colcon_core.package_identification:_identify(src) by extensions ['ignore', 'ignore_ament_install']
[0.304s] Level 1:colcon.colcon_core.package_identification:_identify(src) by extension 'ignore'
[0.304s] Level 1:colcon.colcon_core.package_identification:_identify(src) by extension 'ignore_ament_install'
[0.304s] Level 1:colcon.colcon_core.package_identification:_identify(src) by extensions ['colcon_pkg']
[0.304s] Level 1:colcon.colcon_core.package_identification:_identify(src) by extension 'colcon_pkg'
[0.304s] Level 1:colcon.colcon_core.package_identification:_identify(src) by extensions ['colcon_meta']
[0.304s] Level 1:colcon.colcon_core.package_identification:_identify(src) by extension 'colcon_meta'
[0.305s] Level 1:colcon.colcon_core.package_identification:_identify(src) by extensions ['ros']
[0.305s] Level 1:colcon.colcon_core.package_identification:_identify(src) by extension 'ros'
[0.305s] Level 1:colcon.colcon_core.package_identification:_identify(src) by extensions ['cmake', 'python']
[0.305s] Level 1:colcon.colcon_core.package_identification:_identify(src) by extension 'cmake'
[0.305s] Level 1:colcon.colcon_core.package_identification:_identify(src) by extension 'python'
[0.305s] Level 1:colcon.colcon_core.package_identification:_identify(src) by extensions ['python_setup_py']
[0.305s] Level 1:colcon.colcon_core.package_identification:_identify(src) by extension 'python_setup_py'
[0.305s] Level 1:colcon.colcon_core.package_identification:_identify(src/tank_bringup) by extensions ['ignore', 'ignore_ament_install']
[0.305s] Level 1:colcon.colcon_core.package_identification:_identify(src/tank_bringup) by extension 'ignore'
[0.305s] Level 1:colcon.colcon_core.package_identification:_identify(src/tank_bringup) by extension 'ignore_ament_install'
[0.305s] Level 1:colcon.colcon_core.package_identification:_identify(src/tank_bringup) by extensions ['colcon_pkg']
[0.305s] Level 1:colcon.colcon_core.package_identification:_identify(src/tank_bringup) by extension 'colcon_pkg'
[0.305s] Level 1:colcon.colcon_core.package_identification:_identify(src/tank_bringup) by extensions ['colcon_meta']
[0.305s] Level 1:colcon.colcon_core.package_identification:_identify(src/tank_bringup) by extension 'colcon_meta'
[0.305s] Level 1:colcon.colcon_core.package_identification:_identify(src/tank_bringup) by extensions ['ros']
[0.305s] Level 1:colcon.colcon_core.package_identification:_identify(src/tank_bringup) by extension 'ros'
[0.308s] DEBUG:colcon.colcon_core.package_identification:Package 'src/tank_bringup' with type 'ros.ament_cmake' and name 'tank_bringup'
[0.308s] Level 1:colcon.colcon_core.package_identification:_identify(src/tank_description) by extensions ['ignore', 'ignore_ament_install']
[0.308s] Level 1:colcon.colcon_core.package_identification:_identify(src/tank_description) by extension 'ignore'
[0.308s] Level 1:colcon.colcon_core.package_identification:_identify(src/tank_description) by extension 'ignore_ament_install'
[0.309s] Level 1:colcon.colcon_core.package_identification:_identify(src/tank_description) by extensions ['colcon_pkg']
[0.309s] Level 1:colcon.colcon_core.package_identification:_identify(src/tank_description) by extension 'colcon_pkg'
[0.309s] Level 1:colcon.colcon_core.package_identification:_identify(src/tank_description) by extensions ['colcon_meta']
[0.309s] Level 1:colcon.colcon_core.package_identification:_identify(src/tank_description) by extension 'colcon_meta'
[0.309s] Level 1:colcon.colcon_core.package_identification:_identify(src/tank_description) by extensions ['ros']
[0.309s] Level 1:colcon.colcon_core.package_identification:_identify(src/tank_description) by extension 'ros'
[0.309s] DEBUG:colcon.colcon_core.package_identification:Package 'src/tank_description' with type 'ros.ament_cmake' and name 'tank_description'
[0.309s] Level 1:colcon.colcon_core.package_identification:_identify(src/tank_interfaces) by extensions ['ignore', 'ignore_ament_install']
[0.309s] Level 1:colcon.colcon_core.package_identification:_identify(src/tank_interfaces) by extension 'ignore'
[0.309s] Level 1:colcon.colcon_core.package_identification:_identify(src/tank_interfaces) by extension 'ignore_ament_install'
[0.309s] Level 1:colcon.colcon_core.package_identification:_identify(src/tank_interfaces) by extensions ['colcon_pkg']
[0.309s] Level 1:colcon.colcon_core.package_identification:_identify(src/tank_interfaces) by extension 'colcon_pkg'
[0.310s] Level 1:colcon.colcon_core.package_identification:_identify(src/tank_interfaces) by extensions ['colcon_meta']
[0.310s] Level 1:colcon.colcon_core.package_identification:_identify(src/tank_interfaces) by extension 'colcon_meta'
[0.310s] Level 1:colcon.colcon_core.package_identification:_identify(src/tank_interfaces) by extensions ['ros']
[0.310s] Level 1:colcon.colcon_core.package_identification:_identify(src/tank_interfaces) by extension 'ros'
[0.310s] DEBUG:colcon.colcon_core.package_identification:Package 'src/tank_interfaces' with type 'ros.ament_cmake' and name 'tank_interfaces'
[0.310s] Level 1:colcon.colcon_core.package_discovery:discover_packages(recursive) using defaults
[0.310s] Level 1:colcon.colcon_core.package_discovery:discover_packages(ignore) discover
[0.310s] Level 1:colcon.colcon_core.package_discovery:discover_packages(ignore) using defaults
[0.310s] Level 1:colcon.colcon_core.package_discovery:discover_packages(path) discover
[0.310s] Level 1:colcon.colcon_core.package_discovery:discover_packages(path) using defaults
[0.331s] Level 1:colcon.colcon_core.package_discovery:discover_packages(prefix_path) check parameters
[0.331s] Level 1:colcon.colcon_core.package_discovery:discover_packages(prefix_path) discover
[0.335s] DEBUG:colcon.colcon_installed_package_information.package_discovery:Found 3 installed packages in /home/eldry/dv_ws/install
[0.337s] DEBUG:colcon.colcon_installed_package_information.package_discovery:Found 374 installed packages in /opt/ros/jazzy
[0.338s] Level 1:colcon.colcon_core.package_discovery:discover_packages(prefix_path) using defaults
[0.395s] Level 5:colcon.colcon_core.verb:set package 'tank_description' build argument 'cmake_args' from command line to 'None'
[0.395s] Level 5:colcon.colcon_core.verb:set package 'tank_description' build argument 'cmake_target' from command line to 'None'
[0.395s] Level 5:colcon.colcon_core.verb:set package 'tank_description' build argument 'cmake_target_skip_unavailable' from command line to 'False'
[0.395s] Level 5:colcon.colcon_core.verb:set package 'tank_description' build argument 'cmake_clean_cache' from command line to 'False'
[0.395s] Level 5:colcon.colcon_core.verb:set package 'tank_description' build argument 'cmake_clean_first' from command line to 'False'
[0.395s] Level 5:colcon.colcon_core.verb:set package 'tank_description' build argument 'cmake_force_configure' from command line to 'False'
[0.395s] Level 5:colcon.colcon_core.verb:set package 'tank_description' build argument 'ament_cmake_args' from command line to 'None'
[0.395s] Level 5:colcon.colcon_core.verb:set package 'tank_description' build argument 'catkin_cmake_args' from command line to 'None'
[0.395s] Level 5:colcon.colcon_core.verb:set package 'tank_description' build argument 'catkin_skip_building_tests' from command line to 'False'
[0.395s] DEBUG:colcon.colcon_core.verb:Building package 'tank_description' with the following arguments: {'ament_cmake_args': None, 'build_base': '/home/eldry/dv_ws/build/tank_description', 'catkin_cmake_args': None, 'catkin_skip_building_tests': False, 'cmake_args': None, 'cmake_clean_cache': False, 'cmake_clean_first': False, 'cmake_force_configure': False, 'cmake_target': None, 'cmake_target_skip_unavailable': False, 'install_base': '/home/eldry/dv_ws/install/tank_description', 'merge_install': False, 'path': '/home/eldry/dv_ws/src/tank_description', 'symlink_install': False, 'test_result_base': None}
[0.396s] Level 5:colcon.colcon_core.verb:set package 'tank_interfaces' build argument 'cmake_args' from command line to 'None'
[0.396s] Level 5:colcon.colcon_core.verb:set package 'tank_interfaces' build argument 'cmake_target' from command line to 'None'
[0.396s] Level 5:colcon.colcon_core.verb:set package 'tank_interfaces' build argument 'cmake_target_skip_unavailable' from command line to 'False'
[0.396s] Level 5:colcon.colcon_core.verb:set package 'tank_interfaces' build argument 'cmake_clean_cache' from command line to 'False'
[0.396s] Level 5:colcon.colcon_core.verb:set package 'tank_interfaces' build argument 'cmake_clean_first' from command line to 'False'
[0.396s] Level 5:colcon.colcon_core.verb:set package 'tank_interfaces' build argument 'cmake_force_configure' from command line to 'False'
[0.396s] Level 5:colcon.colcon_core.verb:set package 'tank_interfaces' build argument 'ament_cmake_args' from command line to 'None'
[0.396s] Level 5:colcon.colcon_core.verb:set package 'tank_interfaces' build argument 'catkin_cmake_args' from command line to 'None'
[0.396s] Level 5:colcon.colcon_core.verb:set package 'tank_interfaces' build argument 'catkin_skip_building_tests' from command line to 'False'
[0.396s] DEBUG:colcon.colcon_core.verb:Building package 'tank_interfaces' with the following arguments: {'ament_cmake_args': None, 'build_base': '/home/eldry/dv_ws/build/tank_interfaces', 'catkin_cmake_args': None, 'catkin_skip_building_tests': False, 'cmake_args': None, 'cmake_clean_cache': False, 'cmake_clean_first': False, 'cmake_force_configure': False, 'cmake_target': None, 'cmake_target_skip_unavailable': False, 'install_base': '/home/eldry/dv_ws/install/tank_interfaces', 'merge_install': False, 'path': '/home/eldry/dv_ws/src/tank_interfaces', 'symlink_install': False, 'test_result_base': None}
[0.396s] Level 5:colcon.colcon_core.verb:set package 'tank_bringup' build argument 'cmake_args' from command line to 'None'
[0.396s] Level 5:colcon.colcon_core.verb:set package 'tank_bringup' build argument 'cmake_target' from command line to 'None'
[0.396s] Level 5:colcon.colcon_core.verb:set package 'tank_bringup' build argument 'cmake_target_skip_unavailable' from command line to 'False'
[0.396s] Level 5:colcon.colcon_core.verb:set package 'tank_bringup' build argument 'cmake_clean_cache' from command line to 'False'
[0.396s] Level 5:colcon.colcon_core.verb:set package 'tank_bringup' build argument 'cmake_clean_first' from command line to 'False'
[0.396s] Level 5:colcon.colcon_core.verb:set package 'tank_bringup' build argument 'cmake_force_configure' from command line to 'False'
[0.396s] Level 5:colcon.colcon_core.verb:set package 'tank_bringup' build argument 'ament_cmake_args' from command line to 'None'
[0.396s] Level 5:colcon.colcon_core.verb:set package 'tank_bringup' build argument 'catkin_cmake_args' from command line to 'None'
[0.396s] Level 5:colcon.colcon_core.verb:set package 'tank_bringup' build argument 'catkin_skip_building_tests' from command line to 'False'
[0.396s] DEBUG:colcon.colcon_core.verb:Building package 'tank_bringup' with the following arguments: {'ament_cmake_args': None, 'build_base': '/home/eldry/dv_ws/build/tank_bringup', 'catkin_cmake_args': None, 'catkin_skip_building_tests': False, 'cmake_args': None, 'cmake_clean_cache': False, 'cmake_clean_first': False, 'cmake_force_configure': False, 'cmake_target': None, 'cmake_target_skip_unavailable': False, 'install_base': '/home/eldry/dv_ws/install/tank_bringup', 'merge_install': False, 'path': '/home/eldry/dv_ws/src/tank_bringup', 'symlink_install': False, 'test_result_base': None}
[0.396s] INFO:colcon.colcon_core.executor:Executing jobs using 'parallel' executor
[0.397s] DEBUG:colcon.colcon_parallel_executor.executor.parallel:run_until_complete
[0.398s] INFO:colcon.colcon_ros.task.ament_cmake.build:Building ROS package in '/home/eldry/dv_ws/src/tank_description' with build type 'ament_cmake'
[0.398s] INFO:colcon.colcon_cmake.task.cmake.build:Building CMake package in '/home/eldry/dv_ws/src/tank_description'
[0.405s] INFO:colcon.colcon_core.plugin_system:Skipping extension 'colcon_core.shell.bat': Not used on non-Windows systems
[0.405s] INFO:colcon.colcon_core.shell:Skip shell extension 'powershell' for command environment: Not usable outside of PowerShell
[0.405s] DEBUG:colcon.colcon_core.shell:Skip shell extension 'dsv' for command environment
[0.409s] INFO:colcon.colcon_ros.task.ament_cmake.build:Building ROS package in '/home/eldry/dv_ws/src/tank_interfaces' with build type 'ament_cmake'
[0.409s] INFO:colcon.colcon_cmake.task.cmake.build:Building CMake package in '/home/eldry/dv_ws/src/tank_interfaces'
[0.409s] INFO:colcon.colcon_core.shell:Skip shell extension 'powershell' for command environment: Not usable outside of PowerShell
[0.409s] DEBUG:colcon.colcon_core.shell:Skip shell extension 'dsv' for command environment
[0.419s] DEBUG:colcon.colcon_core.event_handler.log_command:Invoking command in '/home/eldry/dv_ws/build/tank_description': CMAKE_PREFIX_PATH=${CMAKE_PREFIX_PATH}:/opt/ros/jazzy DEBUGINFOD_URLS=https://debuginfod.ubuntu.com /usr/bin/cmake --build /home/eldry/dv_ws/build/tank_description -- -j4 -l4
[0.425s] DEBUG:colcon.colcon_core.event_handler.log_command:Invoking command in '/home/eldry/dv_ws/build/tank_interfaces': CMAKE_PREFIX_PATH=${CMAKE_PREFIX_PATH}:/opt/ros/jazzy DEBUGINFOD_URLS=https://debuginfod.ubuntu.com /usr/bin/cmake --build /home/eldry/dv_ws/build/tank_interfaces -- -j4 -l4
[0.457s] DEBUG:colcon.colcon_core.event_handler.log_command:Invoked command in '/home/eldry/dv_ws/build/tank_description' returned '0': CMAKE_PREFIX_PATH=${CMAKE_PREFIX_PATH}:/opt/ros/jazzy DEBUGINFOD_URLS=https://debuginfod.ubuntu.com /usr/bin/cmake --build /home/eldry/dv_ws/build/tank_description -- -j4 -l4
[0.466s] DEBUG:colcon.colcon_core.event_handler.log_command:Invoking command in '/home/eldry/dv_ws/build/tank_description': CMAKE_PREFIX_PATH=${CMAKE_PREFIX_PATH}:/opt/ros/jazzy DEBUGINFOD_URLS=https://debuginfod.ubuntu.com /usr/bin/cmake --install /home/eldry/dv_ws/build/tank_description
[0.477s] Level 1:colcon.colcon_core.environment:create_environment_scripts_only(tank_description)
[0.477s] DEBUG:colcon.colcon_core.event_handler.log_command:Invoked command in '/home/eldry/dv_ws/build/tank_description' returned '0': CMAKE_PREFIX_PATH=${CMAKE_PREFIX_PATH}:/opt/ros/jazzy DEBUGINFOD_URLS=https://debuginfod.ubuntu.com /usr/bin/cmake --install /home/eldry/dv_ws/build/tank_description
[0.482s] Level 1:colcon.colcon_core.environment:checking '/home/eldry/dv_ws/install/tank_description' for CMake module files
[0.483s] Level 1:colcon.colcon_core.environment:checking '/home/eldry/dv_ws/install/tank_description' for CMake config files
[0.483s] Level 1:colcon.colcon_core.shell:create_environment_hook('tank_description', 'cmake_prefix_path')
[0.483s] INFO:colcon.colcon_core.shell:Creating environment hook '/home/eldry/dv_ws/install/tank_description/share/tank_description/hook/cmake_prefix_path.ps1'
[0.484s] INFO:colcon.colcon_core.shell:Creating environment descriptor '/home/eldry/dv_ws/install/tank_description/share/tank_description/hook/cmake_prefix_path.dsv'
[0.484s] INFO:colcon.colcon_core.shell:Creating environment hook '/home/eldry/dv_ws/install/tank_description/share/tank_description/hook/cmake_prefix_path.sh'
[0.485s] Level 1:colcon.colcon_core.environment:checking '/home/eldry/dv_ws/install/tank_description/bin'
[0.485s] Level 1:colcon.colcon_core.environment:checking '/home/eldry/dv_ws/install/tank_description/lib/pkgconfig/tank_description.pc'
[0.485s] Level 1:colcon.colcon_core.environment:checking '/home/eldry/dv_ws/install/tank_description/lib/python3.12/site-packages'
[0.486s] Level 1:colcon.colcon_core.environment:checking '/home/eldry/dv_ws/install/tank_description/bin'
[0.486s] INFO:colcon.colcon_core.shell:Creating package script '/home/eldry/dv_ws/install/tank_description/share/tank_description/package.ps1'
[0.487s] INFO:colcon.colcon_core.shell:Creating package descriptor '/home/eldry/dv_ws/install/tank_description/share/tank_description/package.dsv'
[0.487s] INFO:colcon.colcon_core.shell:Creating package script '/home/eldry/dv_ws/install/tank_description/share/tank_description/package.sh'
[0.488s] INFO:colcon.colcon_core.shell:Creating package script '/home/eldry/dv_ws/install/tank_description/share/tank_description/package.bash'
[0.489s] INFO:colcon.colcon_core.shell:Creating package script '/home/eldry/dv_ws/install/tank_description/share/tank_description/package.zsh'
[0.490s] Level 1:colcon.colcon_core.environment:create_file_with_runtime_dependencies(/home/eldry/dv_ws/install/tank_description/share/colcon-core/packages/tank_description)
[0.490s] Level 1:colcon.colcon_core.environment:create_environment_scripts_only(tank_description)
[0.491s] Level 1:colcon.colcon_core.environment:checking '/home/eldry/dv_ws/install/tank_description' for CMake module files
[0.491s] Level 1:colcon.colcon_core.environment:checking '/home/eldry/dv_ws/install/tank_description' for CMake config files
[0.491s] Level 1:colcon.colcon_core.shell:create_environment_hook('tank_description', 'cmake_prefix_path')
[0.492s] INFO:colcon.colcon_core.shell:Creating environment hook '/home/eldry/dv_ws/install/tank_description/share/tank_description/hook/cmake_prefix_path.ps1'
[0.492s] INFO:colcon.colcon_core.shell:Creating environment descriptor '/home/eldry/dv_ws/install/tank_description/share/tank_description/hook/cmake_prefix_path.dsv'
[0.493s] INFO:colcon.colcon_core.shell:Creating environment hook '/home/eldry/dv_ws/install/tank_description/share/tank_description/hook/cmake_prefix_path.sh'
[0.493s] Level 1:colcon.colcon_core.environment:checking '/home/eldry/dv_ws/install/tank_description/bin'
[0.493s] Level 1:colcon.colcon_core.environment:checking '/home/eldry/dv_ws/install/tank_description/lib/pkgconfig/tank_description.pc'
[0.493s] Level 1:colcon.colcon_core.environment:checking '/home/eldry/dv_ws/install/tank_description/lib/python3.12/site-packages'
[0.494s] Level 1:colcon.colcon_core.environment:checking '/home/eldry/dv_ws/install/tank_description/bin'
[0.494s] INFO:colcon.colcon_core.shell:Creating package script '/home/eldry/dv_ws/install/tank_description/share/tank_description/package.ps1'
[0.495s] INFO:colcon.colcon_core.shell:Creating package descriptor '/home/eldry/dv_ws/install/tank_description/share/tank_description/package.dsv'
[0.495s] INFO:colcon.colcon_core.shell:Creating package script '/home/eldry/dv_ws/install/tank_description/share/tank_description/package.sh'
[0.496s] INFO:colcon.colcon_core.shell:Creating package script '/home/eldry/dv_ws/install/tank_description/share/tank_description/package.bash'
[0.497s] INFO:colcon.colcon_core.shell:Creating package script '/home/eldry/dv_ws/install/tank_description/share/tank_description/package.zsh'
[0.497s] Level 1:colcon.colcon_core.environment:create_file_with_runtime_dependencies(/home/eldry/dv_ws/install/tank_description/share/colcon-core/packages/tank_description)
[0.497s] INFO:colcon.colcon_ros.task.ament_cmake.build:Building ROS package in '/home/eldry/dv_ws/src/tank_bringup' with build type 'ament_cmake'
[0.498s] INFO:colcon.colcon_cmake.task.cmake.build:Building CMake package in '/home/eldry/dv_ws/src/tank_bringup'
[0.498s] INFO:colcon.colcon_core.shell:Skip shell extension 'powershell' for command environment: Not usable outside of PowerShell
[0.498s] DEBUG:colcon.colcon_core.shell:Skip shell extension 'dsv' for command environment
[0.516s] DEBUG:colcon.colcon_core.event_handler.log_command:Invoking command in '/home/eldry/dv_ws/build/tank_bringup': CMAKE_PREFIX_PATH=${CMAKE_PREFIX_PATH}:/opt/ros/jazzy DEBUGINFOD_URLS=https://debuginfod.ubuntu.com /usr/bin/cmake --build /home/eldry/dv_ws/build/tank_bringup -- -j4 -l4
[0.568s] DEBUG:colcon.colcon_core.event_handler.log_command:Invoked command in '/home/eldry/dv_ws/build/tank_bringup' returned '0': CMAKE_PREFIX_PATH=${CMAKE_PREFIX_PATH}:/opt/ros/jazzy DEBUGINFOD_URLS=https://debuginfod.ubuntu.com /usr/bin/cmake --build /home/eldry/dv_ws/build/tank_bringup -- -j4 -l4
[0.569s] DEBUG:colcon.colcon_core.event_handler.log_command:Invoking command in '/home/eldry/dv_ws/build/tank_bringup': CMAKE_PREFIX_PATH=${CMAKE_PREFIX_PATH}:/opt/ros/jazzy DEBUGINFOD_URLS=https://debuginfod.ubuntu.com /usr/bin/cmake --install /home/eldry/dv_ws/build/tank_bringup
[0.582s] Level 1:colcon.colcon_core.environment:create_environment_scripts_only(tank_bringup)
[0.582s] Level 1:colcon.colcon_core.environment:checking '/home/eldry/dv_ws/install/tank_bringup' for CMake module files
[0.583s] Level 1:colcon.colcon_core.environment:checking '/home/eldry/dv_ws/install/tank_bringup' for CMake config files
[0.583s] DEBUG:colcon.colcon_core.event_handler.log_command:Invoked command in '/home/eldry/dv_ws/build/tank_bringup' returned '0': CMAKE_PREFIX_PATH=${CMAKE_PREFIX_PATH}:/opt/ros/jazzy DEBUGINFOD_URLS=https://debuginfod.ubuntu.com /usr/bin/cmake --install /home/eldry/dv_ws/build/tank_bringup
[0.583s] Level 1:colcon.colcon_core.shell:create_environment_hook('tank_bringup', 'cmake_prefix_path')
[0.583s] INFO:colcon.colcon_core.shell:Creating environment hook '/home/eldry/dv_ws/install/tank_bringup/share/tank_bringup/hook/cmake_prefix_path.ps1'
[0.584s] INFO:colcon.colcon_core.shell:Creating environment descriptor '/home/eldry/dv_ws/install/tank_bringup/share/tank_bringup/hook/cmake_prefix_path.dsv'
[0.584s] INFO:colcon.colcon_core.shell:Creating environment hook '/home/eldry/dv_ws/install/tank_bringup/share/tank_bringup/hook/cmake_prefix_path.sh'
[0.585s] Level 1:colcon.colcon_core.environment:checking '/home/eldry/dv_ws/install/tank_bringup/bin'
[0.585s] Level 1:colcon.colcon_core.environment:checking '/home/eldry/dv_ws/install/tank_bringup/lib/pkgconfig/tank_bringup.pc'
[0.585s] Level 1:colcon.colcon_core.environment:checking '/home/eldry/dv_ws/install/tank_bringup/lib/python3.12/site-packages'
[0.585s] Level 1:colcon.colcon_core.environment:checking '/home/eldry/dv_ws/install/tank_bringup/bin'
[0.586s] INFO:colcon.colcon_core.shell:Creating package script '/home/eldry/dv_ws/install/tank_bringup/share/tank_bringup/package.ps1'
[0.586s] INFO:colcon.colcon_core.shell:Creating package descriptor '/home/eldry/dv_ws/install/tank_bringup/share/tank_bringup/package.dsv'
[0.587s] INFO:colcon.colcon_core.shell:Creating package script '/home/eldry/dv_ws/install/tank_bringup/share/tank_bringup/package.sh'
[0.587s] INFO:colcon.colcon_core.shell:Creating package script '/home/eldry/dv_ws/install/tank_bringup/share/tank_bringup/package.bash'
[0.587s] INFO:colcon.colcon_core.shell:Creating package script '/home/eldry/dv_ws/install/tank_bringup/share/tank_bringup/package.zsh'
[0.588s] Level 1:colcon.colcon_core.environment:create_file_with_runtime_dependencies(/home/eldry/dv_ws/install/tank_bringup/share/colcon-core/packages/tank_bringup)
[0.588s] Level 1:colcon.colcon_core.environment:create_environment_scripts_only(tank_bringup)
[0.588s] Level 1:colcon.colcon_core.environment:checking '/home/eldry/dv_ws/install/tank_bringup' for CMake module files
[0.589s] Level 1:colcon.colcon_core.environment:checking '/home/eldry/dv_ws/install/tank_bringup' for CMake config files
[0.589s] Level 1:colcon.colcon_core.shell:create_environment_hook('tank_bringup', 'cmake_prefix_path')
[0.589s] INFO:colcon.colcon_core.shell:Creating environment hook '/home/eldry/dv_ws/install/tank_bringup/share/tank_bringup/hook/cmake_prefix_path.ps1'
[0.590s] INFO:colcon.colcon_core.shell:Creating environment descriptor '/home/eldry/dv_ws/install/tank_bringup/share/tank_bringup/hook/cmake_prefix_path.dsv'
[0.590s] INFO:colcon.colcon_core.shell:Creating environment hook '/home/eldry/dv_ws/install/tank_bringup/share/tank_bringup/hook/cmake_prefix_path.sh'
[0.591s] Level 1:colcon.colcon_core.environment:checking '/home/eldry/dv_ws/install/tank_bringup/bin'
[0.591s] Level 1:colcon.colcon_core.environment:checking '/home/eldry/dv_ws/install/tank_bringup/lib/pkgconfig/tank_bringup.pc'
[0.591s] Level 1:colcon.colcon_core.environment:checking '/home/eldry/dv_ws/install/tank_bringup/lib/python3.12/site-packages'
[0.591s] Level 1:colcon.colcon_core.environment:checking '/home/eldry/dv_ws/install/tank_bringup/bin'
[0.591s] INFO:colcon.colcon_core.shell:Creating package script '/home/eldry/dv_ws/install/tank_bringup/share/tank_bringup/package.ps1'
[0.592s] INFO:colcon.colcon_core.shell:Creating package descriptor '/home/eldry/dv_ws/install/tank_bringup/share/tank_bringup/package.dsv'
[0.593s] INFO:colcon.colcon_core.shell:Creating package script '/home/eldry/dv_ws/install/tank_bringup/share/tank_bringup/package.sh'
[0.593s] INFO:colcon.colcon_core.shell:Creating package script '/home/eldry/dv_ws/install/tank_bringup/share/tank_bringup/package.bash'
[0.593s] INFO:colcon.colcon_core.shell:Creating package script '/home/eldry/dv_ws/install/tank_bringup/share/tank_bringup/package.zsh'
[0.594s] Level 1:colcon.colcon_core.environment:create_file_with_runtime_dependencies(/home/eldry/dv_ws/install/tank_bringup/share/colcon-core/packages/tank_bringup)
[0.918s] DEBUG:colcon.colcon_core.event_handler.log_command:Invoked command in '/home/eldry/dv_ws/build/tank_interfaces' returned '0': CMAKE_PREFIX_PATH=${CMAKE_PREFIX_PATH}:/opt/ros/jazzy DEBUGINFOD_URLS=https://debuginfod.ubuntu.com /usr/bin/cmake --build /home/eldry/dv_ws/build/tank_interfaces -- -j4 -l4
[0.919s] DEBUG:colcon.colcon_core.event_handler.log_command:Invoking command in '/home/eldry/dv_ws/build/tank_interfaces': CMAKE_PREFIX_PATH=${CMAKE_PREFIX_PATH}:/opt/ros/jazzy DEBUGINFOD_URLS=https://debuginfod.ubuntu.com /usr/bin/cmake --install /home/eldry/dv_ws/build/tank_interfaces
[0.983s] Level 1:colcon.colcon_core.environment:create_environment_scripts_only(tank_interfaces)
[0.984s] Level 1:colcon.colcon_core.environment:checking '/home/eldry/dv_ws/install/tank_interfaces' for CMake module files
[0.985s] DEBUG:colcon.colcon_core.event_handler.log_command:Invoked command in '/home/eldry/dv_ws/build/tank_interfaces' returned '0': CMAKE_PREFIX_PATH=${CMAKE_PREFIX_PATH}:/opt/ros/jazzy DEBUGINFOD_URLS=https://debuginfod.ubuntu.com /usr/bin/cmake --install /home/eldry/dv_ws/build/tank_interfaces
[0.986s] Level 1:colcon.colcon_core.environment:checking '/home/eldry/dv_ws/install/tank_interfaces' for CMake config files
[0.987s] Level 1:colcon.colcon_core.shell:create_environment_hook('tank_interfaces', 'cmake_prefix_path')
[0.988s] INFO:colcon.colcon_core.shell:Creating environment hook '/home/eldry/dv_ws/install/tank_interfaces/share/tank_interfaces/hook/cmake_prefix_path.ps1'
[0.989s] INFO:colcon.colcon_core.shell:Creating environment descriptor '/home/eldry/dv_ws/install/tank_interfaces/share/tank_interfaces/hook/cmake_prefix_path.dsv'
[0.990s] INFO:colcon.colcon_core.shell:Creating environment hook '/home/eldry/dv_ws/install/tank_interfaces/share/tank_interfaces/hook/cmake_prefix_path.sh'
[0.991s] Level 1:colcon.colcon_core.environment:checking '/home/eldry/dv_ws/install/tank_interfaces/lib'
[0.991s] Level 1:colcon.colcon_core.shell:create_environment_hook('tank_interfaces', 'ld_library_path_lib')
[0.992s] INFO:colcon.colcon_core.shell:Creating environment hook '/home/eldry/dv_ws/install/tank_interfaces/share/tank_interfaces/hook/ld_library_path_lib.ps1'
[0.993s] INFO:colcon.colcon_core.shell:Creating environment descriptor '/home/eldry/dv_ws/install/tank_interfaces/share/tank_interfaces/hook/ld_library_path_lib.dsv'
[0.993s] INFO:colcon.colcon_core.shell:Creating environment hook '/home/eldry/dv_ws/install/tank_interfaces/share/tank_interfaces/hook/ld_library_path_lib.sh'
[0.994s] Level 1:colcon.colcon_core.environment:checking '/home/eldry/dv_ws/install/tank_interfaces/bin'
[0.994s] Level 1:colcon.colcon_core.environment:checking '/home/eldry/dv_ws/install/tank_interfaces/lib/pkgconfig/tank_interfaces.pc'
[0.995s] Level 1:colcon.colcon_core.environment:checking '/home/eldry/dv_ws/install/tank_interfaces/lib/python3.12/site-packages'
[0.995s] Level 1:colcon.colcon_core.shell:create_environment_hook('tank_interfaces', 'pythonpath')
[0.996s] INFO:colcon.colcon_core.shell:Creating environment hook '/home/eldry/dv_ws/install/tank_interfaces/share/tank_interfaces/hook/pythonpath.ps1'
[0.996s] INFO:colcon.colcon_core.shell:Creating environment descriptor '/home/eldry/dv_ws/install/tank_interfaces/share/tank_interfaces/hook/pythonpath.dsv'
[0.997s] INFO:colcon.colcon_core.shell:Creating environment hook '/home/eldry/dv_ws/install/tank_interfaces/share/tank_interfaces/hook/pythonpath.sh'
[0.999s] Level 1:colcon.colcon_core.environment:checking '/home/eldry/dv_ws/install/tank_interfaces/bin'
[1.000s] INFO:colcon.colcon_core.shell:Creating package script '/home/eldry/dv_ws/install/tank_interfaces/share/tank_interfaces/package.ps1'
[1.002s] INFO:colcon.colcon_core.shell:Creating package descriptor '/home/eldry/dv_ws/install/tank_interfaces/share/tank_interfaces/package.dsv'
[1.003s] INFO:colcon.colcon_core.shell:Creating package script '/home/eldry/dv_ws/install/tank_interfaces/share/tank_interfaces/package.sh'
[1.004s] INFO:colcon.colcon_core.shell:Creating package script '/home/eldry/dv_ws/install/tank_interfaces/share/tank_interfaces/package.bash'
[1.005s] INFO:colcon.colcon_core.shell:Creating package script '/home/eldry/dv_ws/install/tank_interfaces/share/tank_interfaces/package.zsh'
[1.006s] Level 1:colcon.colcon_core.environment:create_file_with_runtime_dependencies(/home/eldry/dv_ws/install/tank_interfaces/share/colcon-core/packages/tank_interfaces)
[1.008s] Level 1:colcon.colcon_core.environment:create_environment_scripts_only(tank_interfaces)
[1.008s] Level 1:colcon.colcon_core.environment:checking '/home/eldry/dv_ws/install/tank_interfaces' for CMake module files
[1.010s] Level 1:colcon.colcon_core.environment:checking '/home/eldry/dv_ws/install/tank_interfaces' for CMake config files
[1.011s] Level 1:colcon.colcon_core.shell:create_environment_hook('tank_interfaces', 'cmake_prefix_path')
[1.012s] INFO:colcon.colcon_core.shell:Creating environment hook '/home/eldry/dv_ws/install/tank_interfaces/share/tank_interfaces/hook/cmake_prefix_path.ps1'
[1.013s] INFO:colcon.colcon_core.shell:Creating environment descriptor '/home/eldry/dv_ws/install/tank_interfaces/share/tank_interfaces/hook/cmake_prefix_path.dsv'
[1.014s] INFO:colcon.colcon_core.shell:Creating environment hook '/home/eldry/dv_ws/install/tank_interfaces/share/tank_interfaces/hook/cmake_prefix_path.sh'
[1.015s] Level 1:colcon.colcon_core.environment:checking '/home/eldry/dv_ws/install/tank_interfaces/lib'
[1.016s] Level 1:colcon.colcon_core.shell:create_environment_hook('tank_interfaces', 'ld_library_path_lib')
[1.016s] INFO:colcon.colcon_core.shell:Creating environment hook '/home/eldry/dv_ws/install/tank_interfaces/share/tank_interfaces/hook/ld_library_path_lib.ps1'
[1.017s] INFO:colcon.colcon_core.shell:Creating environment descriptor '/home/eldry/dv_ws/install/tank_interfaces/share/tank_interfaces/hook/ld_library_path_lib.dsv'
[1.018s] INFO:colcon.colcon_core.shell:Creating environment hook '/home/eldry/dv_ws/install/tank_interfaces/share/tank_interfaces/hook/ld_library_path_lib.sh'
[1.019s] Level 1:colcon.colcon_core.environment:checking '/home/eldry/dv_ws/install/tank_interfaces/bin'
[1.019s] Level 1:colcon.colcon_core.environment:checking '/home/eldry/dv_ws/install/tank_interfaces/lib/pkgconfig/tank_interfaces.pc'
[1.020s] Level 1:colcon.colcon_core.environment:checking '/home/eldry/dv_ws/install/tank_interfaces/lib/python3.12/site-packages'
[1.020s] Level 1:colcon.colcon_core.shell:create_environment_hook('tank_interfaces', 'pythonpath')
[1.020s] INFO:colcon.colcon_core.shell:Creating environment hook '/home/eldry/dv_ws/install/tank_interfaces/share/tank_interfaces/hook/pythonpath.ps1'
[1.021s] INFO:colcon.colcon_core.shell:Creating environment descriptor '/home/eldry/dv_ws/install/tank_interfaces/share/tank_interfaces/hook/pythonpath.dsv'
[1.022s] INFO:colcon.colcon_core.shell:Creating environment hook '/home/eldry/dv_ws/install/tank_interfaces/share/tank_interfaces/hook/pythonpath.sh'
[1.024s] Level 1:colcon.colcon_core.environment:checking '/home/eldry/dv_ws/install/tank_interfaces/bin'
[1.025s] INFO:colcon.colcon_core.shell:Creating package script '/home/eldry/dv_ws/install/tank_interfaces/share/tank_interfaces/package.ps1'
[1.026s] INFO:colcon.colcon_core.shell:Creating package descriptor '/home/eldry/dv_ws/install/tank_interfaces/share/tank_interfaces/package.dsv'
[1.028s] INFO:colcon.colcon_core.shell:Creating package script '/home/eldry/dv_ws/install/tank_interfaces/share/tank_interfaces/package.sh'
[1.029s] INFO:colcon.colcon_core.shell:Creating package script '/home/eldry/dv_ws/install/tank_interfaces/share/tank_interfaces/package.bash'
[1.030s] INFO:colcon.colcon_core.shell:Creating package script '/home/eldry/dv_ws/install/tank_interfaces/share/tank_interfaces/package.zsh'
[1.031s] Level 1:colcon.colcon_core.environment:create_file_with_runtime_dependencies(/home/eldry/dv_ws/install/tank_interfaces/share/colcon-core/packages/tank_interfaces)
[1.031s] DEBUG:colcon.colcon_parallel_executor.executor.parallel:closing loop
[1.032s] DEBUG:colcon.colcon_parallel_executor.executor.parallel:loop closed
[1.032s] DEBUG:colcon.colcon_parallel_executor.executor.parallel:run_until_complete finished with '0'
[1.032s] DEBUG:colcon.colcon_core.event_reactor:joining thread
[1.042s] INFO:colcon.colcon_core.plugin_system:Skipping extension 'colcon_notification.desktop_notification.terminal_notifier': Not used on non-Darwin systems
[1.042s] INFO:colcon.colcon_core.plugin_system:Skipping extension 'colcon_notification.desktop_notification.win32': Not used on non-Windows systems
[1.042s] INFO:colcon.colcon_notification.desktop_notification:Sending desktop notification using 'notify2'
[1.059s] DEBUG:colcon.colcon_core.event_reactor:joined thread
[1.059s] INFO:colcon.colcon_core.shell:Creating prefix script '/home/eldry/dv_ws/install/local_setup.ps1'
[1.061s] INFO:colcon.colcon_core.shell:Creating prefix util module '/home/eldry/dv_ws/install/_local_setup_util_ps1.py'
[1.064s] INFO:colcon.colcon_core.shell:Creating prefix chain script '/home/eldry/dv_ws/install/setup.ps1'
[1.066s] INFO:colcon.colcon_core.shell:Creating prefix script '/home/eldry/dv_ws/install/local_setup.sh'
[1.067s] INFO:colcon.colcon_core.shell:Creating prefix util module '/home/eldry/dv_ws/install/_local_setup_util_sh.py'
[1.069s] INFO:colcon.colcon_core.shell:Creating prefix chain script '/home/eldry/dv_ws/install/setup.sh'
[1.071s] INFO:colcon.colcon_core.shell:Creating prefix script '/home/eldry/dv_ws/install/local_setup.bash'
[1.072s] INFO:colcon.colcon_core.shell:Creating prefix chain script '/home/eldry/dv_ws/install/setup.bash'
[1.075s] INFO:colcon.colcon_core.shell:Creating prefix script '/home/eldry/dv_ws/install/local_setup.zsh'
[1.076s] INFO:colcon.colcon_core.shell:Creating prefix chain script '/home/eldry/dv_ws/install/setup.zsh'
