-- Install configuration: ""
-- Up-to-date: /home/eldry/dv_ws/install/tank_bringup/share/tank_bringup//launch
-- Installing: /home/eldry/dv_ws/install/tank_bringup/share/tank_bringup//launch/display.launch.xml
-- Up-to-date: /home/eldry/dv_ws/install/tank_bringup/share/tank_bringup//config
-- Up-to-date: /home/eldry/dv_ws/install/tank_bringup/share/tank_bringup//config/parameter.yaml
-- Up-to-date: /home/eldry/dv_ws/install/tank_bringup/share/tank_bringup//rviz
-- Installing: /home/eldry/dv_ws/install/tank_bringup/share/tank_bringup//rviz/urdf_config.rviz
-- Up-to-date: /home/eldry/dv_ws/install/tank_bringup/share/ament_index/resource_index/package_run_dependencies/tank_bringup
-- Up-to-date: /home/eldry/dv_ws/install/tank_bringup/share/ament_index/resource_index/parent_prefix_path/tank_bringup
-- Up-to-date: /home/eldry/dv_ws/install/tank_bringup/share/tank_bringup/environment/ament_prefix_path.sh
-- Up-to-date: /home/eldry/dv_ws/install/tank_bringup/share/tank_bringup/environment/ament_prefix_path.dsv
-- Up-to-date: /home/eldry/dv_ws/install/tank_bringup/share/tank_bringup/environment/path.sh
-- Up-to-date: /home/eldry/dv_ws/install/tank_bringup/share/tank_bringup/environment/path.dsv
-- Up-to-date: /home/eldry/dv_ws/install/tank_bringup/share/tank_bringup/local_setup.bash
-- Up-to-date: /home/eldry/dv_ws/install/tank_bringup/share/tank_bringup/local_setup.sh
-- Up-to-date: /home/eldry/dv_ws/install/tank_bringup/share/tank_bringup/local_setup.zsh
-- Up-to-date: /home/eldry/dv_ws/install/tank_bringup/share/tank_bringup/local_setup.dsv
-- Installing: /home/eldry/dv_ws/install/tank_bringup/share/tank_bringup/package.dsv
-- Up-to-date: /home/eldry/dv_ws/install/tank_bringup/share/ament_index/resource_index/packages/tank_bringup
-- Up-to-date: /home/eldry/dv_ws/install/tank_bringup/share/tank_bringup/cmake/tank_bringupConfig.cmake
-- Up-to-date: /home/eldry/dv_ws/install/tank_bringup/share/tank_bringup/cmake/tank_bringupConfig-version.cmake
-- Up-to-date: /home/eldry/dv_ws/install/tank_bringup/share/tank_bringup/package.xml
