[0.198s] DEBUG:colcon:Command line arguments: ['/usr/bin/colcon', 'build']
[0.198s] DEBUG:colcon:Parsed command line arguments: Namespace(log_base=None, log_level=None, verb_name='build', build_base='build', install_base='install', merge_install=False, symlink_install=False, test_result_base=None, continue_on_error=False, executor='parallel', parallel_workers=4, event_handlers=None, ignore_user_meta=False, metas=['./colcon.meta'], base_paths=['.'], packages_ignore=None, packages_ignore_regex=None, paths=None, packages_up_to=None, packages_up_to_regex=None, packages_above=None, packages_above_and_dependencies=None, packages_above_depth=None, packages_select_by_dep=None, packages_skip_by_dep=None, packages_skip_up_to=None, packages_select_build_failed=False, packages_skip_build_finished=False, packages_select_test_failures=False, packages_skip_test_passed=False, packages_select=None, packages_skip=None, packages_select_regex=None, packages_skip_regex=None, packages_start=None, packages_end=None, allow_overriding=[], cmake_args=None, cmake_target=None, cmake_target_skip_unavailable=False, cmake_clean_cache=False, cmake_clean_first=False, cmake_force_configure=False, ament_cmake_args=None, catkin_cmake_args=None, catkin_skip_building_tests=False, mixin_files=None, mixin=None, verb_parser=<colcon_mixin.mixin.mixin_argument.MixinArgumentDecorator object at 0x743dd4eb0650>, verb_extension=<colcon_core.verb.build.BuildVerb object at 0x743dd4e59640>, main=<bound method BuildVerb.main of <colcon_core.verb.build.BuildVerb object at 0x743dd4e59640>>, mixin_verb=('build',))
[0.241s] Level 1:colcon.colcon_core.package_discovery:discover_packages(colcon_meta) check parameters
[0.241s] Level 1:colcon.colcon_core.package_discovery:discover_packages(recursive) check parameters
[0.241s] Level 1:colcon.colcon_core.package_discovery:discover_packages(ignore) check parameters
[0.241s] Level 1:colcon.colcon_core.package_discovery:discover_packages(path) check parameters
[0.241s] Level 1:colcon.colcon_core.package_discovery:discover_packages(colcon_meta) discover
[0.241s] Level 1:colcon.colcon_core.package_discovery:discover_packages(recursive) discover
[0.241s] INFO:colcon.colcon_core.package_discovery:Crawling recursively for packages in '/home/eldry/dv_ws'
[0.241s] Level 1:colcon.colcon_core.package_identification:_identify(.) by extensions ['ignore', 'ignore_ament_install']
[0.241s] Level 1:colcon.colcon_core.package_identification:_identify(.) by extension 'ignore'
[0.241s] Level 1:colcon.colcon_core.package_identification:_identify(.) by extension 'ignore_ament_install'
[0.241s] Level 1:colcon.colcon_core.package_identification:_identify(.) by extensions ['colcon_pkg']
[0.242s] Level 1:colcon.colcon_core.package_identification:_identify(.) by extension 'colcon_pkg'
[0.242s] Level 1:colcon.colcon_core.package_identification:_identify(.) by extensions ['colcon_meta']
[0.242s] Level 1:colcon.colcon_core.package_identification:_identify(.) by extension 'colcon_meta'
[0.242s] Level 1:colcon.colcon_core.package_identification:_identify(.) by extensions ['ros']
[0.242s] Level 1:colcon.colcon_core.package_identification:_identify(.) by extension 'ros'
[0.273s] Level 1:colcon.colcon_core.package_identification:_identify(.) by extensions ['cmake', 'python']
[0.273s] Level 1:colcon.colcon_core.package_identification:_identify(.) by extension 'cmake'
[0.273s] Level 1:colcon.colcon_core.package_identification:_identify(.) by extension 'python'
[0.273s] Level 1:colcon.colcon_core.package_identification:_identify(.) by extensions ['python_setup_py']
[0.273s] Level 1:colcon.colcon_core.package_identification:_identify(.) by extension 'python_setup_py'
[0.273s] Level 1:colcon.colcon_core.package_identification:_identify(build) by extensions ['ignore', 'ignore_ament_install']
[0.273s] Level 1:colcon.colcon_core.package_identification:_identify(build) by extension 'ignore'
[0.273s] Level 1:colcon.colcon_core.package_identification:_identify(build) ignored
[0.273s] Level 1:colcon.colcon_core.package_identification:_identify(install) by extensions ['ignore', 'ignore_ament_install']
[0.273s] Level 1:colcon.colcon_core.package_identification:_identify(install) by extension 'ignore'
[0.273s] Level 1:colcon.colcon_core.package_identification:_identify(install) ignored
[0.274s] Level 1:colcon.colcon_core.package_identification:_identify(log) by extensions ['ignore', 'ignore_ament_install']
[0.274s] Level 1:colcon.colcon_core.package_identification:_identify(log) by extension 'ignore'
[0.274s] Level 1:colcon.colcon_core.package_identification:_identify(log) ignored
[0.274s] Level 1:colcon.colcon_core.package_identification:_identify(src) by extensions ['ignore', 'ignore_ament_install']
[0.274s] Level 1:colcon.colcon_core.package_identification:_identify(src) by extension 'ignore'
[0.274s] Level 1:colcon.colcon_core.package_identification:_identify(src) by extension 'ignore_ament_install'
[0.274s] Level 1:colcon.colcon_core.package_identification:_identify(src) by extensions ['colcon_pkg']
[0.274s] Level 1:colcon.colcon_core.package_identification:_identify(src) by extension 'colcon_pkg'
[0.274s] Level 1:colcon.colcon_core.package_identification:_identify(src) by extensions ['colcon_meta']
[0.274s] Level 1:colcon.colcon_core.package_identification:_identify(src) by extension 'colcon_meta'
[0.274s] Level 1:colcon.colcon_core.package_identification:_identify(src) by extensions ['ros']
[0.274s] Level 1:colcon.colcon_core.package_identification:_identify(src) by extension 'ros'
[0.274s] Level 1:colcon.colcon_core.package_identification:_identify(src) by extensions ['cmake', 'python']
[0.274s] Level 1:colcon.colcon_core.package_identification:_identify(src) by extension 'cmake'
[0.274s] Level 1:colcon.colcon_core.package_identification:_identify(src) by extension 'python'
[0.274s] Level 1:colcon.colcon_core.package_identification:_identify(src) by extensions ['python_setup_py']
[0.274s] Level 1:colcon.colcon_core.package_identification:_identify(src) by extension 'python_setup_py'
[0.274s] Level 1:colcon.colcon_core.package_identification:_identify(src/tank_bringup) by extensions ['ignore', 'ignore_ament_install']
[0.274s] Level 1:colcon.colcon_core.package_identification:_identify(src/tank_bringup) by extension 'ignore'
[0.274s] Level 1:colcon.colcon_core.package_identification:_identify(src/tank_bringup) by extension 'ignore_ament_install'
[0.275s] Level 1:colcon.colcon_core.package_identification:_identify(src/tank_bringup) by extensions ['colcon_pkg']
[0.275s] Level 1:colcon.colcon_core.package_identification:_identify(src/tank_bringup) by extension 'colcon_pkg'
[0.275s] Level 1:colcon.colcon_core.package_identification:_identify(src/tank_bringup) by extensions ['colcon_meta']
[0.275s] Level 1:colcon.colcon_core.package_identification:_identify(src/tank_bringup) by extension 'colcon_meta'
[0.275s] Level 1:colcon.colcon_core.package_identification:_identify(src/tank_bringup) by extensions ['ros']
[0.275s] Level 1:colcon.colcon_core.package_identification:_identify(src/tank_bringup) by extension 'ros'
[0.278s] DEBUG:colcon.colcon_core.package_identification:Package 'src/tank_bringup' with type 'ros.ament_cmake' and name 'tank_bringup'
[0.278s] Level 1:colcon.colcon_core.package_identification:_identify(src/tank_interfaces) by extensions ['ignore', 'ignore_ament_install']
[0.278s] Level 1:colcon.colcon_core.package_identification:_identify(src/tank_interfaces) by extension 'ignore'
[0.278s] Level 1:colcon.colcon_core.package_identification:_identify(src/tank_interfaces) by extension 'ignore_ament_install'
[0.278s] Level 1:colcon.colcon_core.package_identification:_identify(src/tank_interfaces) by extensions ['colcon_pkg']
[0.278s] Level 1:colcon.colcon_core.package_identification:_identify(src/tank_interfaces) by extension 'colcon_pkg'
[0.278s] Level 1:colcon.colcon_core.package_identification:_identify(src/tank_interfaces) by extensions ['colcon_meta']
[0.278s] Level 1:colcon.colcon_core.package_identification:_identify(src/tank_interfaces) by extension 'colcon_meta'
[0.278s] Level 1:colcon.colcon_core.package_identification:_identify(src/tank_interfaces) by extensions ['ros']
[0.278s] Level 1:colcon.colcon_core.package_identification:_identify(src/tank_interfaces) by extension 'ros'
[0.279s] DEBUG:colcon.colcon_core.package_identification:Package 'src/tank_interfaces' with type 'ros.ament_cmake' and name 'tank_interfaces'
[0.279s] Level 1:colcon.colcon_core.package_discovery:discover_packages(recursive) using defaults
[0.279s] Level 1:colcon.colcon_core.package_discovery:discover_packages(ignore) discover
[0.279s] Level 1:colcon.colcon_core.package_discovery:discover_packages(ignore) using defaults
[0.279s] Level 1:colcon.colcon_core.package_discovery:discover_packages(path) discover
[0.279s] Level 1:colcon.colcon_core.package_discovery:discover_packages(path) using defaults
[0.299s] Level 1:colcon.colcon_core.package_discovery:discover_packages(prefix_path) check parameters
[0.299s] Level 1:colcon.colcon_core.package_discovery:discover_packages(prefix_path) discover
[0.304s] DEBUG:colcon.colcon_installed_package_information.package_discovery:Found 372 installed packages in /opt/ros/jazzy
[0.305s] Level 1:colcon.colcon_core.package_discovery:discover_packages(prefix_path) using defaults
[0.361s] Level 5:colcon.colcon_core.verb:set package 'tank_bringup' build argument 'cmake_args' from command line to 'None'
[0.361s] Level 5:colcon.colcon_core.verb:set package 'tank_bringup' build argument 'cmake_target' from command line to 'None'
[0.361s] Level 5:colcon.colcon_core.verb:set package 'tank_bringup' build argument 'cmake_target_skip_unavailable' from command line to 'False'
[0.361s] Level 5:colcon.colcon_core.verb:set package 'tank_bringup' build argument 'cmake_clean_cache' from command line to 'False'
[0.361s] Level 5:colcon.colcon_core.verb:set package 'tank_bringup' build argument 'cmake_clean_first' from command line to 'False'
[0.361s] Level 5:colcon.colcon_core.verb:set package 'tank_bringup' build argument 'cmake_force_configure' from command line to 'False'
[0.361s] Level 5:colcon.colcon_core.verb:set package 'tank_bringup' build argument 'ament_cmake_args' from command line to 'None'
[0.361s] Level 5:colcon.colcon_core.verb:set package 'tank_bringup' build argument 'catkin_cmake_args' from command line to 'None'
[0.361s] Level 5:colcon.colcon_core.verb:set package 'tank_bringup' build argument 'catkin_skip_building_tests' from command line to 'False'
[0.361s] DEBUG:colcon.colcon_core.verb:Building package 'tank_bringup' with the following arguments: {'ament_cmake_args': None, 'build_base': '/home/eldry/dv_ws/build/tank_bringup', 'catkin_cmake_args': None, 'catkin_skip_building_tests': False, 'cmake_args': None, 'cmake_clean_cache': False, 'cmake_clean_first': False, 'cmake_force_configure': False, 'cmake_target': None, 'cmake_target_skip_unavailable': False, 'install_base': '/home/eldry/dv_ws/install/tank_bringup', 'merge_install': False, 'path': '/home/eldry/dv_ws/src/tank_bringup', 'symlink_install': False, 'test_result_base': None}
[0.362s] Level 5:colcon.colcon_core.verb:set package 'tank_interfaces' build argument 'cmake_args' from command line to 'None'
[0.362s] Level 5:colcon.colcon_core.verb:set package 'tank_interfaces' build argument 'cmake_target' from command line to 'None'
[0.362s] Level 5:colcon.colcon_core.verb:set package 'tank_interfaces' build argument 'cmake_target_skip_unavailable' from command line to 'False'
[0.362s] Level 5:colcon.colcon_core.verb:set package 'tank_interfaces' build argument 'cmake_clean_cache' from command line to 'False'
[0.362s] Level 5:colcon.colcon_core.verb:set package 'tank_interfaces' build argument 'cmake_clean_first' from command line to 'False'
[0.362s] Level 5:colcon.colcon_core.verb:set package 'tank_interfaces' build argument 'cmake_force_configure' from command line to 'False'
[0.362s] Level 5:colcon.colcon_core.verb:set package 'tank_interfaces' build argument 'ament_cmake_args' from command line to 'None'
[0.362s] Level 5:colcon.colcon_core.verb:set package 'tank_interfaces' build argument 'catkin_cmake_args' from command line to 'None'
[0.362s] Level 5:colcon.colcon_core.verb:set package 'tank_interfaces' build argument 'catkin_skip_building_tests' from command line to 'False'
[0.362s] DEBUG:colcon.colcon_core.verb:Building package 'tank_interfaces' with the following arguments: {'ament_cmake_args': None, 'build_base': '/home/eldry/dv_ws/build/tank_interfaces', 'catkin_cmake_args': None, 'catkin_skip_building_tests': False, 'cmake_args': None, 'cmake_clean_cache': False, 'cmake_clean_first': False, 'cmake_force_configure': False, 'cmake_target': None, 'cmake_target_skip_unavailable': False, 'install_base': '/home/eldry/dv_ws/install/tank_interfaces', 'merge_install': False, 'path': '/home/eldry/dv_ws/src/tank_interfaces', 'symlink_install': False, 'test_result_base': None}
[0.362s] INFO:colcon.colcon_core.executor:Executing jobs using 'parallel' executor
[0.363s] DEBUG:colcon.colcon_parallel_executor.executor.parallel:run_until_complete
[0.363s] INFO:colcon.colcon_ros.task.ament_cmake.build:Building ROS package in '/home/eldry/dv_ws/src/tank_bringup' with build type 'ament_cmake'
[0.363s] INFO:colcon.colcon_cmake.task.cmake.build:Building CMake package in '/home/eldry/dv_ws/src/tank_bringup'
[0.369s] INFO:colcon.colcon_core.plugin_system:Skipping extension 'colcon_core.shell.bat': Not used on non-Windows systems
[0.370s] INFO:colcon.colcon_core.shell:Skip shell extension 'powershell' for command environment: Not usable outside of PowerShell
[0.370s] DEBUG:colcon.colcon_core.shell:Skip shell extension 'dsv' for command environment
[0.373s] INFO:colcon.colcon_ros.task.ament_cmake.build:Building ROS package in '/home/eldry/dv_ws/src/tank_interfaces' with build type 'ament_cmake'
[0.373s] INFO:colcon.colcon_cmake.task.cmake.build:Building CMake package in '/home/eldry/dv_ws/src/tank_interfaces'
[0.373s] INFO:colcon.colcon_core.shell:Skip shell extension 'powershell' for command environment: Not usable outside of PowerShell
[0.373s] DEBUG:colcon.colcon_core.shell:Skip shell extension 'dsv' for command environment
[0.384s] DEBUG:colcon.colcon_core.event_handler.log_command:Invoking command in '/home/eldry/dv_ws/build/tank_bringup': CMAKE_PREFIX_PATH=${CMAKE_PREFIX_PATH}:/opt/ros/jazzy DEBUGINFOD_URLS=https://debuginfod.ubuntu.com /usr/bin/cmake --build /home/eldry/dv_ws/build/tank_bringup -- -j4 -l4
[0.387s] DEBUG:colcon.colcon_core.event_handler.log_command:Invoking command in '/home/eldry/dv_ws/build/tank_interfaces': CMAKE_PREFIX_PATH=${CMAKE_PREFIX_PATH}:/opt/ros/jazzy DEBUGINFOD_URLS=https://debuginfod.ubuntu.com /usr/bin/cmake --build /home/eldry/dv_ws/build/tank_interfaces -- -j4 -l4
[0.419s] DEBUG:colcon.colcon_core.event_handler.log_command:Invoked command in '/home/eldry/dv_ws/build/tank_bringup' returned '0': CMAKE_PREFIX_PATH=${CMAKE_PREFIX_PATH}:/opt/ros/jazzy DEBUGINFOD_URLS=https://debuginfod.ubuntu.com /usr/bin/cmake --build /home/eldry/dv_ws/build/tank_bringup -- -j4 -l4
[0.430s] DEBUG:colcon.colcon_core.event_handler.log_command:Invoking command in '/home/eldry/dv_ws/build/tank_bringup': CMAKE_PREFIX_PATH=${CMAKE_PREFIX_PATH}:/opt/ros/jazzy DEBUGINFOD_URLS=https://debuginfod.ubuntu.com /usr/bin/cmake --install /home/eldry/dv_ws/build/tank_bringup
[0.440s] Level 1:colcon.colcon_core.environment:create_environment_scripts_only(tank_bringup)
[0.441s] DEBUG:colcon.colcon_core.event_handler.log_command:Invoked command in '/home/eldry/dv_ws/build/tank_bringup' returned '0': CMAKE_PREFIX_PATH=${CMAKE_PREFIX_PATH}:/opt/ros/jazzy DEBUGINFOD_URLS=https://debuginfod.ubuntu.com /usr/bin/cmake --install /home/eldry/dv_ws/build/tank_bringup
[0.447s] Level 1:colcon.colcon_core.environment:checking '/home/eldry/dv_ws/install/tank_bringup' for CMake module files
[0.447s] Level 1:colcon.colcon_core.environment:checking '/home/eldry/dv_ws/install/tank_bringup' for CMake config files
[0.447s] Level 1:colcon.colcon_core.shell:create_environment_hook('tank_bringup', 'cmake_prefix_path')
[0.448s] INFO:colcon.colcon_core.shell:Creating environment hook '/home/eldry/dv_ws/install/tank_bringup/share/tank_bringup/hook/cmake_prefix_path.ps1'
[0.448s] INFO:colcon.colcon_core.shell:Creating environment descriptor '/home/eldry/dv_ws/install/tank_bringup/share/tank_bringup/hook/cmake_prefix_path.dsv'
[0.449s] INFO:colcon.colcon_core.shell:Creating environment hook '/home/eldry/dv_ws/install/tank_bringup/share/tank_bringup/hook/cmake_prefix_path.sh'
[0.449s] Level 1:colcon.colcon_core.environment:checking '/home/eldry/dv_ws/install/tank_bringup/bin'
[0.449s] Level 1:colcon.colcon_core.environment:checking '/home/eldry/dv_ws/install/tank_bringup/lib/pkgconfig/tank_bringup.pc'
[0.450s] Level 1:colcon.colcon_core.environment:checking '/home/eldry/dv_ws/install/tank_bringup/lib/python3.12/site-packages'
[0.450s] Level 1:colcon.colcon_core.environment:checking '/home/eldry/dv_ws/install/tank_bringup/bin'
[0.450s] INFO:colcon.colcon_core.shell:Creating package script '/home/eldry/dv_ws/install/tank_bringup/share/tank_bringup/package.ps1'
[0.451s] INFO:colcon.colcon_core.shell:Creating package descriptor '/home/eldry/dv_ws/install/tank_bringup/share/tank_bringup/package.dsv'
[0.451s] INFO:colcon.colcon_core.shell:Creating package script '/home/eldry/dv_ws/install/tank_bringup/share/tank_bringup/package.sh'
[0.452s] INFO:colcon.colcon_core.shell:Creating package script '/home/eldry/dv_ws/install/tank_bringup/share/tank_bringup/package.bash'
[0.453s] INFO:colcon.colcon_core.shell:Creating package script '/home/eldry/dv_ws/install/tank_bringup/share/tank_bringup/package.zsh'
[0.453s] Level 1:colcon.colcon_core.environment:create_file_with_runtime_dependencies(/home/eldry/dv_ws/install/tank_bringup/share/colcon-core/packages/tank_bringup)
[0.454s] Level 1:colcon.colcon_core.environment:create_environment_scripts_only(tank_bringup)
[0.454s] Level 1:colcon.colcon_core.environment:checking '/home/eldry/dv_ws/install/tank_bringup' for CMake module files
[0.455s] Level 1:colcon.colcon_core.environment:checking '/home/eldry/dv_ws/install/tank_bringup' for CMake config files
[0.455s] Level 1:colcon.colcon_core.shell:create_environment_hook('tank_bringup', 'cmake_prefix_path')
[0.455s] INFO:colcon.colcon_core.shell:Creating environment hook '/home/eldry/dv_ws/install/tank_bringup/share/tank_bringup/hook/cmake_prefix_path.ps1'
[0.455s] INFO:colcon.colcon_core.shell:Creating environment descriptor '/home/eldry/dv_ws/install/tank_bringup/share/tank_bringup/hook/cmake_prefix_path.dsv'
[0.456s] INFO:colcon.colcon_core.shell:Creating environment hook '/home/eldry/dv_ws/install/tank_bringup/share/tank_bringup/hook/cmake_prefix_path.sh'
[0.456s] Level 1:colcon.colcon_core.environment:checking '/home/eldry/dv_ws/install/tank_bringup/bin'
[0.456s] Level 1:colcon.colcon_core.environment:checking '/home/eldry/dv_ws/install/tank_bringup/lib/pkgconfig/tank_bringup.pc'
[0.457s] Level 1:colcon.colcon_core.environment:checking '/home/eldry/dv_ws/install/tank_bringup/lib/python3.12/site-packages'
[0.457s] Level 1:colcon.colcon_core.environment:checking '/home/eldry/dv_ws/install/tank_bringup/bin'
[0.457s] INFO:colcon.colcon_core.shell:Creating package script '/home/eldry/dv_ws/install/tank_bringup/share/tank_bringup/package.ps1'
[0.458s] INFO:colcon.colcon_core.shell:Creating package descriptor '/home/eldry/dv_ws/install/tank_bringup/share/tank_bringup/package.dsv'
[0.458s] INFO:colcon.colcon_core.shell:Creating package script '/home/eldry/dv_ws/install/tank_bringup/share/tank_bringup/package.sh'
[0.458s] INFO:colcon.colcon_core.shell:Creating package script '/home/eldry/dv_ws/install/tank_bringup/share/tank_bringup/package.bash'
[0.459s] INFO:colcon.colcon_core.shell:Creating package script '/home/eldry/dv_ws/install/tank_bringup/share/tank_bringup/package.zsh'
[0.459s] Level 1:colcon.colcon_core.environment:create_file_with_runtime_dependencies(/home/eldry/dv_ws/install/tank_bringup/share/colcon-core/packages/tank_bringup)
[6.819s] DEBUG:colcon.colcon_core.event_handler.log_command:Invoked command in '/home/eldry/dv_ws/build/tank_interfaces' returned '0': CMAKE_PREFIX_PATH=${CMAKE_PREFIX_PATH}:/opt/ros/jazzy DEBUGINFOD_URLS=https://debuginfod.ubuntu.com /usr/bin/cmake --build /home/eldry/dv_ws/build/tank_interfaces -- -j4 -l4
[6.820s] DEBUG:colcon.colcon_core.event_handler.log_command:Invoking command in '/home/eldry/dv_ws/build/tank_interfaces': CMAKE_PREFIX_PATH=${CMAKE_PREFIX_PATH}:/opt/ros/jazzy DEBUGINFOD_URLS=https://debuginfod.ubuntu.com /usr/bin/cmake --install /home/eldry/dv_ws/build/tank_interfaces
[6.895s] Level 1:colcon.colcon_core.environment:create_environment_scripts_only(tank_interfaces)
[6.895s] Level 1:colcon.colcon_core.environment:checking '/home/eldry/dv_ws/install/tank_interfaces' for CMake module files
[6.896s] DEBUG:colcon.colcon_core.event_handler.log_command:Invoked command in '/home/eldry/dv_ws/build/tank_interfaces' returned '0': CMAKE_PREFIX_PATH=${CMAKE_PREFIX_PATH}:/opt/ros/jazzy DEBUGINFOD_URLS=https://debuginfod.ubuntu.com /usr/bin/cmake --install /home/eldry/dv_ws/build/tank_interfaces
[6.896s] Level 1:colcon.colcon_core.environment:checking '/home/eldry/dv_ws/install/tank_interfaces' for CMake config files
[6.897s] Level 1:colcon.colcon_core.shell:create_environment_hook('tank_interfaces', 'cmake_prefix_path')
[6.897s] INFO:colcon.colcon_core.shell:Creating environment hook '/home/eldry/dv_ws/install/tank_interfaces/share/tank_interfaces/hook/cmake_prefix_path.ps1'
[6.897s] INFO:colcon.colcon_core.shell:Creating environment descriptor '/home/eldry/dv_ws/install/tank_interfaces/share/tank_interfaces/hook/cmake_prefix_path.dsv'
[6.898s] INFO:colcon.colcon_core.shell:Creating environment hook '/home/eldry/dv_ws/install/tank_interfaces/share/tank_interfaces/hook/cmake_prefix_path.sh'
[6.899s] Level 1:colcon.colcon_core.environment:checking '/home/eldry/dv_ws/install/tank_interfaces/lib'
[6.899s] Level 1:colcon.colcon_core.shell:create_environment_hook('tank_interfaces', 'ld_library_path_lib')
[6.899s] INFO:colcon.colcon_core.shell:Creating environment hook '/home/eldry/dv_ws/install/tank_interfaces/share/tank_interfaces/hook/ld_library_path_lib.ps1'
[6.899s] INFO:colcon.colcon_core.shell:Creating environment descriptor '/home/eldry/dv_ws/install/tank_interfaces/share/tank_interfaces/hook/ld_library_path_lib.dsv'
[6.900s] INFO:colcon.colcon_core.shell:Creating environment hook '/home/eldry/dv_ws/install/tank_interfaces/share/tank_interfaces/hook/ld_library_path_lib.sh'
[6.900s] Level 1:colcon.colcon_core.environment:checking '/home/eldry/dv_ws/install/tank_interfaces/bin'
[6.900s] Level 1:colcon.colcon_core.environment:checking '/home/eldry/dv_ws/install/tank_interfaces/lib/pkgconfig/tank_interfaces.pc'
[6.900s] Level 1:colcon.colcon_core.environment:checking '/home/eldry/dv_ws/install/tank_interfaces/lib/python3.12/site-packages'
[6.900s] Level 1:colcon.colcon_core.shell:create_environment_hook('tank_interfaces', 'pythonpath')
[6.901s] INFO:colcon.colcon_core.shell:Creating environment hook '/home/eldry/dv_ws/install/tank_interfaces/share/tank_interfaces/hook/pythonpath.ps1'
[6.901s] INFO:colcon.colcon_core.shell:Creating environment descriptor '/home/eldry/dv_ws/install/tank_interfaces/share/tank_interfaces/hook/pythonpath.dsv'
[6.901s] INFO:colcon.colcon_core.shell:Creating environment hook '/home/eldry/dv_ws/install/tank_interfaces/share/tank_interfaces/hook/pythonpath.sh'
[6.902s] Level 1:colcon.colcon_core.environment:checking '/home/eldry/dv_ws/install/tank_interfaces/bin'
[6.902s] INFO:colcon.colcon_core.shell:Creating package script '/home/eldry/dv_ws/install/tank_interfaces/share/tank_interfaces/package.ps1'
[6.902s] INFO:colcon.colcon_core.shell:Creating package descriptor '/home/eldry/dv_ws/install/tank_interfaces/share/tank_interfaces/package.dsv'
[6.903s] INFO:colcon.colcon_core.shell:Creating package script '/home/eldry/dv_ws/install/tank_interfaces/share/tank_interfaces/package.sh'
[6.903s] INFO:colcon.colcon_core.shell:Creating package script '/home/eldry/dv_ws/install/tank_interfaces/share/tank_interfaces/package.bash'
[6.904s] INFO:colcon.colcon_core.shell:Creating package script '/home/eldry/dv_ws/install/tank_interfaces/share/tank_interfaces/package.zsh'
[6.904s] Level 1:colcon.colcon_core.environment:create_file_with_runtime_dependencies(/home/eldry/dv_ws/install/tank_interfaces/share/colcon-core/packages/tank_interfaces)
[6.904s] Level 1:colcon.colcon_core.environment:create_environment_scripts_only(tank_interfaces)
[6.904s] Level 1:colcon.colcon_core.environment:checking '/home/eldry/dv_ws/install/tank_interfaces' for CMake module files
[6.905s] Level 1:colcon.colcon_core.environment:checking '/home/eldry/dv_ws/install/tank_interfaces' for CMake config files
[6.905s] Level 1:colcon.colcon_core.shell:create_environment_hook('tank_interfaces', 'cmake_prefix_path')
[6.906s] INFO:colcon.colcon_core.shell:Creating environment hook '/home/eldry/dv_ws/install/tank_interfaces/share/tank_interfaces/hook/cmake_prefix_path.ps1'
[6.906s] INFO:colcon.colcon_core.shell:Creating environment descriptor '/home/eldry/dv_ws/install/tank_interfaces/share/tank_interfaces/hook/cmake_prefix_path.dsv'
[6.906s] INFO:colcon.colcon_core.shell:Creating environment hook '/home/eldry/dv_ws/install/tank_interfaces/share/tank_interfaces/hook/cmake_prefix_path.sh'
[6.907s] Level 1:colcon.colcon_core.environment:checking '/home/eldry/dv_ws/install/tank_interfaces/lib'
[6.907s] Level 1:colcon.colcon_core.shell:create_environment_hook('tank_interfaces', 'ld_library_path_lib')
[6.907s] INFO:colcon.colcon_core.shell:Creating environment hook '/home/eldry/dv_ws/install/tank_interfaces/share/tank_interfaces/hook/ld_library_path_lib.ps1'
[6.908s] INFO:colcon.colcon_core.shell:Creating environment descriptor '/home/eldry/dv_ws/install/tank_interfaces/share/tank_interfaces/hook/ld_library_path_lib.dsv'
[6.908s] INFO:colcon.colcon_core.shell:Creating environment hook '/home/eldry/dv_ws/install/tank_interfaces/share/tank_interfaces/hook/ld_library_path_lib.sh'
[6.908s] Level 1:colcon.colcon_core.environment:checking '/home/eldry/dv_ws/install/tank_interfaces/bin'
[6.908s] Level 1:colcon.colcon_core.environment:checking '/home/eldry/dv_ws/install/tank_interfaces/lib/pkgconfig/tank_interfaces.pc'
[6.909s] Level 1:colcon.colcon_core.environment:checking '/home/eldry/dv_ws/install/tank_interfaces/lib/python3.12/site-packages'
[6.909s] Level 1:colcon.colcon_core.shell:create_environment_hook('tank_interfaces', 'pythonpath')
[6.909s] INFO:colcon.colcon_core.shell:Creating environment hook '/home/eldry/dv_ws/install/tank_interfaces/share/tank_interfaces/hook/pythonpath.ps1'
[6.909s] INFO:colcon.colcon_core.shell:Creating environment descriptor '/home/eldry/dv_ws/install/tank_interfaces/share/tank_interfaces/hook/pythonpath.dsv'
[6.909s] INFO:colcon.colcon_core.shell:Creating environment hook '/home/eldry/dv_ws/install/tank_interfaces/share/tank_interfaces/hook/pythonpath.sh'
[6.910s] Level 1:colcon.colcon_core.environment:checking '/home/eldry/dv_ws/install/tank_interfaces/bin'
[6.910s] INFO:colcon.colcon_core.shell:Creating package script '/home/eldry/dv_ws/install/tank_interfaces/share/tank_interfaces/package.ps1'
[6.911s] INFO:colcon.colcon_core.shell:Creating package descriptor '/home/eldry/dv_ws/install/tank_interfaces/share/tank_interfaces/package.dsv'
[6.911s] INFO:colcon.colcon_core.shell:Creating package script '/home/eldry/dv_ws/install/tank_interfaces/share/tank_interfaces/package.sh'
[6.912s] INFO:colcon.colcon_core.shell:Creating package script '/home/eldry/dv_ws/install/tank_interfaces/share/tank_interfaces/package.bash'
[6.912s] INFO:colcon.colcon_core.shell:Creating package script '/home/eldry/dv_ws/install/tank_interfaces/share/tank_interfaces/package.zsh'
[6.912s] Level 1:colcon.colcon_core.environment:create_file_with_runtime_dependencies(/home/eldry/dv_ws/install/tank_interfaces/share/colcon-core/packages/tank_interfaces)
[6.913s] DEBUG:colcon.colcon_parallel_executor.executor.parallel:closing loop
[6.913s] DEBUG:colcon.colcon_parallel_executor.executor.parallel:loop closed
[6.913s] DEBUG:colcon.colcon_parallel_executor.executor.parallel:run_until_complete finished with '0'
[6.913s] DEBUG:colcon.colcon_core.event_reactor:joining thread
[6.922s] INFO:colcon.colcon_core.plugin_system:Skipping extension 'colcon_notification.desktop_notification.terminal_notifier': Not used on non-Darwin systems
[6.923s] INFO:colcon.colcon_core.plugin_system:Skipping extension 'colcon_notification.desktop_notification.win32': Not used on non-Windows systems
[6.923s] INFO:colcon.colcon_notification.desktop_notification:Sending desktop notification using 'notify2'
[6.950s] DEBUG:colcon.colcon_core.event_reactor:joined thread
[6.951s] INFO:colcon.colcon_core.shell:Creating prefix script '/home/eldry/dv_ws/install/local_setup.ps1'
[6.952s] INFO:colcon.colcon_core.shell:Creating prefix util module '/home/eldry/dv_ws/install/_local_setup_util_ps1.py'
[6.954s] INFO:colcon.colcon_core.shell:Creating prefix chain script '/home/eldry/dv_ws/install/setup.ps1'
[6.955s] INFO:colcon.colcon_core.shell:Creating prefix script '/home/eldry/dv_ws/install/local_setup.sh'
[6.955s] INFO:colcon.colcon_core.shell:Creating prefix util module '/home/eldry/dv_ws/install/_local_setup_util_sh.py'
[6.956s] INFO:colcon.colcon_core.shell:Creating prefix chain script '/home/eldry/dv_ws/install/setup.sh'
[6.957s] INFO:colcon.colcon_core.shell:Creating prefix script '/home/eldry/dv_ws/install/local_setup.bash'
[6.958s] INFO:colcon.colcon_core.shell:Creating prefix chain script '/home/eldry/dv_ws/install/setup.bash'
[6.959s] INFO:colcon.colcon_core.shell:Creating prefix script '/home/eldry/dv_ws/install/local_setup.zsh'
[6.960s] INFO:colcon.colcon_core.shell:Creating prefix chain script '/home/eldry/dv_ws/install/setup.zsh'
