[0.012s] Invoking command in '/home/eldry/dv_ws/build/tank_interfaces': CMAKE_PREFIX_PATH=${CMAKE_PREFIX_PATH}:/opt/ros/jazzy DEBUGINFOD_URLS=https://debuginfod.ubuntu.com /usr/bin/cmake --build /home/eldry/dv_ws/build/tank_interfaces -- -j4 -l4
[0.035s] -- Found ament_cmake: 2.5.4 (/opt/ros/jazzy/share/ament_cmake/cmake)
[0.260s] -- Found rosidl_default_generators: 1.6.0 (/opt/ros/jazzy/share/rosidl_default_generators/cmake)
[0.266s] -- Using all available rosidl_typesupport_c: rosidl_typesupport_fastrtps_c;rosidl_typesupport_introspection_c
[0.321s] -- Using all available rosidl_typesupport_cpp: rosidl_typesupport_fastrtps_cpp;rosidl_typesupport_introspection_cpp
[0.352s] -- Found rosidl_adapter: 4.6.6 (/opt/ros/jazzy/share/rosidl_adapter/cmake)
[0.648s] [31mCMake Error at /opt/ros/jazzy/share/rosidl_adapter/cmake/rosidl_adapt_interfaces.cmake:57 (message):
[0.648s]   execute_process(/usr/bin/python3 -m rosidl_adapter --package-name
[0.648s]   tank_interfaces --arguments-file
[0.649s]   /home/eldry/dv_ws/build/tank_interfaces/rosidl_adapter__arguments__tank_interfaces.json
[0.649s]   --output-dir
[0.649s]   /home/eldry/dv_ws/build/tank_interfaces/rosidl_adapter/tank_interfaces
[0.649s]   --output-file
[0.649s]   /home/eldry/dv_ws/build/tank_interfaces/rosidl_adapter/tank_interfaces.idls)
[0.649s]   returned error code 1:
[0.650s] 
[0.650s]   Traceback (most recent call last):
[0.650s] 
[0.650s]     File "<frozen runpy>", line 198, in _run_module_as_main
[0.650s]     File "<frozen runpy>", line 88, in _run_code
[0.650s]     File "/opt/ros/jazzy/lib/python3.12/site-packages/rosidl_adapter/__main__.py", line 19, in <module>
[0.651s]       sys.exit(main())
[0.651s]                ^^^^^^
[0.651s]     File "/opt/ros/jazzy/lib/python3.12/site-packages/rosidl_adapter/main.py", line 53, in main
[0.651s]       abs_idl_file = convert_to_idl(
[0.651s]                      ^^^^^^^^^^^^^^^
[0.651s]     File "/opt/ros/jazzy/lib/python3.12/site-packages/rosidl_adapter/__init__.py", line 24, in convert_to_idl
[0.652s]       return convert_srv_to_idl(
[0.652s]              ^^^^^^^^^^^^^^^^^^^
[0.652s]     File "/opt/ros/jazzy/lib/python3.12/site-packages/rosidl_adapter/srv/__init__.py", line 28, in convert_srv_to_idl
[0.652s]       srv = parse_service_string(package_name, input_file.stem, content)
[0.652s]             ^^^^^^^^^^^^^^^^^^^^^^^^^^^^^^^^^^^^^^^^^^^^^^^^^^^^^^^^^^^^
[0.652s]     File "/opt/ros/jazzy/lib/python3.12/site-packages/rosidl_adapter/parser.py", line 851, in parse_service_string
[0.653s]       raise InvalidServiceSpecification(
[0.653s] 
[0.653s]   rosidl_adapter.parser.InvalidServiceSpecification: Could not find separator
[0.653s]   '---' between request and response
[0.653s] 
[0.653s] Call Stack (most recent call first):
[0.654s]   /opt/ros/jazzy/share/rosidl_cmake/cmake/rosidl_generate_interfaces.cmake:132 (rosidl_adapt_interfaces)
[0.654s]   CMakeLists.txt:12 (rosidl_generate_interfaces)
[0.654s] 
[0.654s] [0m
[0.654s] -- Configuring incomplete, errors occurred!
[0.657s] gmake: *** [Makefile:226: cmake_check_build_system] Error 1
[0.660s] Invoked command in '/home/eldry/dv_ws/build/tank_interfaces' returned '2': CMAKE_PREFIX_PATH=${CMAKE_PREFIX_PATH}:/opt/ros/jazzy DEBUGINFOD_URLS=https://debuginfod.ubuntu.com /usr/bin/cmake --build /home/eldry/dv_ws/build/tank_interfaces -- -j4 -l4
