[0.012s] Invoking command in '/home/eldry/dv_ws/build/tank_interfaces': CMAKE_PREFIX_PATH=${CMAKE_PREFIX_PATH}:/opt/ros/jazzy DEBUGINFOD_URLS=https://debuginfod.ubuntu.com /usr/bin/cmake --build /home/eldry/dv_ws/build/tank_interfaces -- -j4 -l4
[0.038s] -- Found ament_cmake: 2.5.4 (/opt/ros/jazzy/share/ament_cmake/cmake)
[0.162s] -- Found rosidl_default_generators: 1.6.0 (/opt/ros/jazzy/share/rosidl_default_generators/cmake)
[0.168s] -- Using all available rosidl_typesupport_c: rosidl_typesupport_fastrtps_c;rosidl_typesupport_introspection_c
[0.221s] -- Using all available rosidl_typesupport_cpp: rosidl_typesupport_fastrtps_cpp;rosidl_typesupport_introspection_cpp
[0.253s] -- Found rosidl_adapter: 4.6.6 (/opt/ros/jazzy/share/rosidl_adapter/cmake)
[0.608s] -- Found ament_cmake_ros: 0.12.0 (/opt/ros/jazzy/share/ament_cmake_ros/cmake)
[0.745s] -- Using all available rosidl_typesupport_c: rosidl_typesupport_fastrtps_c;rosidl_typesupport_introspection_c
[0.877s] -- Using all available rosidl_typesupport_cpp: rosidl_typesupport_fastrtps_cpp;rosidl_typesupport_introspection_cpp
[0.879s] -- Found python_cmake_module: 0.11.1 (/opt/ros/jazzy/share/python_cmake_module/cmake)
[1.245s] -- Found Python3: /usr/bin/python3 (found version "3.12.3") found components: Interpreter Development NumPy Development.Module Development.Embed 
[1.265s] -- Configuring done (1.2s)
[1.305s] -- Generating done (0.0s)
[1.319s] -- Build files have been written to: /home/eldry/dv_ws/build/tank_interfaces
[1.357s] [  2%] Built target tank_interfaces__rosidl_generator_type_description
[1.367s] [  2%] Built target ament_cmake_python_copy_tank_interfaces
[1.377s] [  5%] Built target tank_interfaces__cpp
[1.385s] [ 20%] Built target tank_interfaces__rosidl_generator_c
[1.416s] [ 47%] Built target tank_interfaces__rosidl_typesupport_c
[1.416s] [ 47%] Built target tank_interfaces__rosidl_typesupport_fastrtps_cpp
[1.416s] [ 47%] Built target tank_interfaces__rosidl_typesupport_introspection_c
[1.442s] [ 55%] Built target tank_interfaces__rosidl_typesupport_introspection_cpp
[1.445s] [ 64%] Built target tank_interfaces__rosidl_typesupport_fastrtps_c
[1.451s] [ 73%] Built target tank_interfaces__rosidl_typesupport_cpp
[1.474s] [ 73%] Built target tank_interfaces
[1.497s] [ 76%] Built target tank_interfaces__py
[1.524s] [ 82%] Built target tank_interfaces__rosidl_generator_py
[1.559s] [ 94%] Built target tank_interfaces_s__rosidl_typesupport_c
[1.559s] [ 94%] Built target tank_interfaces_s__rosidl_typesupport_fastrtps_c
[1.561s] [100%] Built target tank_interfaces_s__rosidl_typesupport_introspection_c
[1.654s] running egg_info
[1.680s] writing tank_interfaces.egg-info/PKG-INFO
[1.680s] writing dependency_links to tank_interfaces.egg-info/dependency_links.txt
[1.680s] writing top-level names to tank_interfaces.egg-info/top_level.txt
[1.758s] reading manifest file 'tank_interfaces.egg-info/SOURCES.txt'
[1.758s] writing manifest file 'tank_interfaces.egg-info/SOURCES.txt'
[1.802s] [100%] Built target ament_cmake_python_build_tank_interfaces_egg
[1.814s] Invoked command in '/home/eldry/dv_ws/build/tank_interfaces' returned '0': CMAKE_PREFIX_PATH=${CMAKE_PREFIX_PATH}:/opt/ros/jazzy DEBUGINFOD_URLS=https://debuginfod.ubuntu.com /usr/bin/cmake --build /home/eldry/dv_ws/build/tank_interfaces -- -j4 -l4
[1.815s] Invoking command in '/home/eldry/dv_ws/build/tank_interfaces': CMAKE_PREFIX_PATH=${CMAKE_PREFIX_PATH}:/opt/ros/jazzy DEBUGINFOD_URLS=https://debuginfod.ubuntu.com /usr/bin/cmake --install /home/eldry/dv_ws/build/tank_interfaces
[1.824s] -- Install configuration: ""
[1.824s] -- Up-to-date: /home/eldry/dv_ws/install/tank_interfaces/share/ament_index/resource_index/rosidl_interfaces/tank_interfaces
[1.824s] -- Up-to-date: /home/eldry/dv_ws/install/tank_interfaces/share/tank_interfaces/srv/Interface.json
[1.824s] -- Up-to-date: /home/eldry/dv_ws/install/tank_interfaces/include/tank_interfaces/tank_interfaces
[1.824s] -- Up-to-date: /home/eldry/dv_ws/install/tank_interfaces/include/tank_interfaces/tank_interfaces/srv
[1.824s] -- Up-to-date: /home/eldry/dv_ws/install/tank_interfaces/include/tank_interfaces/tank_interfaces/srv/detail
[1.824s] -- Up-to-date: /home/eldry/dv_ws/install/tank_interfaces/include/tank_interfaces/tank_interfaces/srv/detail/interface__description.c
[1.825s] -- Up-to-date: /home/eldry/dv_ws/install/tank_interfaces/include/tank_interfaces/tank_interfaces/srv/detail/interface__type_support.c
[1.825s] -- Up-to-date: /home/eldry/dv_ws/install/tank_interfaces/include/tank_interfaces/tank_interfaces/srv/detail/interface__functions.c
[1.825s] -- Up-to-date: /home/eldry/dv_ws/install/tank_interfaces/include/tank_interfaces/tank_interfaces/srv/detail/interface__functions.h
[1.825s] -- Up-to-date: /home/eldry/dv_ws/install/tank_interfaces/include/tank_interfaces/tank_interfaces/srv/detail/interface__type_support.h
[1.825s] -- Up-to-date: /home/eldry/dv_ws/install/tank_interfaces/include/tank_interfaces/tank_interfaces/srv/detail/interface__struct.h
[1.825s] -- Up-to-date: /home/eldry/dv_ws/install/tank_interfaces/include/tank_interfaces/tank_interfaces/srv/interface.h
[1.825s] -- Up-to-date: /home/eldry/dv_ws/install/tank_interfaces/include/tank_interfaces/tank_interfaces/msg
[1.826s] -- Up-to-date: /home/eldry/dv_ws/install/tank_interfaces/include/tank_interfaces/tank_interfaces/msg/rosidl_generator_c__visibility_control.h
[1.826s] -- Up-to-date: /home/eldry/dv_ws/install/tank_interfaces/share/tank_interfaces/environment/library_path.sh
[1.826s] -- Up-to-date: /home/eldry/dv_ws/install/tank_interfaces/share/tank_interfaces/environment/library_path.dsv
[1.826s] -- Up-to-date: /home/eldry/dv_ws/install/tank_interfaces/lib/libtank_interfaces__rosidl_generator_c.so
[1.826s] -- Up-to-date: /home/eldry/dv_ws/install/tank_interfaces/include/tank_interfaces/tank_interfaces
[1.826s] -- Up-to-date: /home/eldry/dv_ws/install/tank_interfaces/include/tank_interfaces/tank_interfaces/srv
[1.826s] -- Up-to-date: /home/eldry/dv_ws/install/tank_interfaces/include/tank_interfaces/tank_interfaces/srv/detail
[1.826s] -- Up-to-date: /home/eldry/dv_ws/install/tank_interfaces/include/tank_interfaces/tank_interfaces/srv/detail/interface__rosidl_typesupport_fastrtps_c.h
[1.826s] -- Up-to-date: /home/eldry/dv_ws/install/tank_interfaces/include/tank_interfaces/tank_interfaces/msg
[1.826s] -- Up-to-date: /home/eldry/dv_ws/install/tank_interfaces/include/tank_interfaces/tank_interfaces/msg/rosidl_typesupport_fastrtps_c__visibility_control.h
[1.827s] -- Up-to-date: /home/eldry/dv_ws/install/tank_interfaces/lib/libtank_interfaces__rosidl_typesupport_fastrtps_c.so
[1.827s] -- Up-to-date: /home/eldry/dv_ws/install/tank_interfaces/include/tank_interfaces/tank_interfaces
[1.827s] -- Up-to-date: /home/eldry/dv_ws/install/tank_interfaces/include/tank_interfaces/tank_interfaces/srv
[1.827s] -- Up-to-date: /home/eldry/dv_ws/install/tank_interfaces/include/tank_interfaces/tank_interfaces/srv/detail
[1.827s] -- Up-to-date: /home/eldry/dv_ws/install/tank_interfaces/include/tank_interfaces/tank_interfaces/srv/detail/interface__type_support.c
[1.827s] -- Up-to-date: /home/eldry/dv_ws/install/tank_interfaces/include/tank_interfaces/tank_interfaces/srv/detail/interface__rosidl_typesupport_introspection_c.h
[1.827s] -- Up-to-date: /home/eldry/dv_ws/install/tank_interfaces/include/tank_interfaces/tank_interfaces/msg
[1.827s] -- Up-to-date: /home/eldry/dv_ws/install/tank_interfaces/include/tank_interfaces/tank_interfaces/msg/rosidl_typesupport_introspection_c__visibility_control.h
[1.827s] -- Up-to-date: /home/eldry/dv_ws/install/tank_interfaces/lib/libtank_interfaces__rosidl_typesupport_introspection_c.so
[1.827s] -- Up-to-date: /home/eldry/dv_ws/install/tank_interfaces/lib/libtank_interfaces__rosidl_typesupport_c.so
[1.827s] -- Up-to-date: /home/eldry/dv_ws/install/tank_interfaces/include/tank_interfaces/tank_interfaces
[1.827s] -- Up-to-date: /home/eldry/dv_ws/install/tank_interfaces/include/tank_interfaces/tank_interfaces/srv
[1.827s] -- Up-to-date: /home/eldry/dv_ws/install/tank_interfaces/include/tank_interfaces/tank_interfaces/srv/detail
[1.827s] -- Up-to-date: /home/eldry/dv_ws/install/tank_interfaces/include/tank_interfaces/tank_interfaces/srv/detail/interface__type_support.hpp
[1.828s] -- Up-to-date: /home/eldry/dv_ws/install/tank_interfaces/include/tank_interfaces/tank_interfaces/srv/detail/interface__builder.hpp
[1.828s] -- Up-to-date: /home/eldry/dv_ws/install/tank_interfaces/include/tank_interfaces/tank_interfaces/srv/detail/interface__traits.hpp
[1.828s] -- Up-to-date: /home/eldry/dv_ws/install/tank_interfaces/include/tank_interfaces/tank_interfaces/srv/detail/interface__struct.hpp
[1.828s] -- Up-to-date: /home/eldry/dv_ws/install/tank_interfaces/include/tank_interfaces/tank_interfaces/srv/interface.hpp
[1.828s] -- Up-to-date: /home/eldry/dv_ws/install/tank_interfaces/include/tank_interfaces/tank_interfaces/msg
[1.828s] -- Up-to-date: /home/eldry/dv_ws/install/tank_interfaces/include/tank_interfaces/tank_interfaces/msg/rosidl_generator_cpp__visibility_control.hpp
[1.828s] -- Up-to-date: /home/eldry/dv_ws/install/tank_interfaces/include/tank_interfaces/tank_interfaces
[1.828s] -- Up-to-date: /home/eldry/dv_ws/install/tank_interfaces/include/tank_interfaces/tank_interfaces/srv
[1.828s] -- Up-to-date: /home/eldry/dv_ws/install/tank_interfaces/include/tank_interfaces/tank_interfaces/srv/detail
[1.828s] -- Up-to-date: /home/eldry/dv_ws/install/tank_interfaces/include/tank_interfaces/tank_interfaces/srv/detail/interface__rosidl_typesupport_fastrtps_cpp.hpp
[1.828s] -- Up-to-date: /home/eldry/dv_ws/install/tank_interfaces/include/tank_interfaces/tank_interfaces/srv/detail/dds_fastrtps
[1.829s] -- Up-to-date: /home/eldry/dv_ws/install/tank_interfaces/include/tank_interfaces/tank_interfaces/msg
[1.829s] -- Up-to-date: /home/eldry/dv_ws/install/tank_interfaces/include/tank_interfaces/tank_interfaces/msg/rosidl_typesupport_fastrtps_cpp__visibility_control.h
[1.829s] -- Up-to-date: /home/eldry/dv_ws/install/tank_interfaces/lib/libtank_interfaces__rosidl_typesupport_fastrtps_cpp.so
[1.829s] -- Up-to-date: /home/eldry/dv_ws/install/tank_interfaces/include/tank_interfaces/tank_interfaces
[1.829s] -- Up-to-date: /home/eldry/dv_ws/install/tank_interfaces/include/tank_interfaces/tank_interfaces/srv
[1.829s] -- Up-to-date: /home/eldry/dv_ws/install/tank_interfaces/include/tank_interfaces/tank_interfaces/srv/detail
[1.829s] -- Up-to-date: /home/eldry/dv_ws/install/tank_interfaces/include/tank_interfaces/tank_interfaces/srv/detail/interface__rosidl_typesupport_introspection_cpp.hpp
[1.829s] -- Up-to-date: /home/eldry/dv_ws/install/tank_interfaces/include/tank_interfaces/tank_interfaces/srv/detail/interface__type_support.cpp
[1.829s] -- Up-to-date: /home/eldry/dv_ws/install/tank_interfaces/lib/libtank_interfaces__rosidl_typesupport_introspection_cpp.so
[1.829s] -- Up-to-date: /home/eldry/dv_ws/install/tank_interfaces/lib/libtank_interfaces__rosidl_typesupport_cpp.so
[1.829s] -- Up-to-date: /home/eldry/dv_ws/install/tank_interfaces/share/tank_interfaces/environment/pythonpath.sh
[1.829s] -- Up-to-date: /home/eldry/dv_ws/install/tank_interfaces/share/tank_interfaces/environment/pythonpath.dsv
[1.830s] -- Up-to-date: /home/eldry/dv_ws/install/tank_interfaces/lib/python3.12/site-packages/tank_interfaces-0.0.0-py3.12.egg-info
[1.830s] -- Installing: /home/eldry/dv_ws/install/tank_interfaces/lib/python3.12/site-packages/tank_interfaces-0.0.0-py3.12.egg-info/SOURCES.txt
[1.830s] -- Installing: /home/eldry/dv_ws/install/tank_interfaces/lib/python3.12/site-packages/tank_interfaces-0.0.0-py3.12.egg-info/PKG-INFO
[1.830s] -- Installing: /home/eldry/dv_ws/install/tank_interfaces/lib/python3.12/site-packages/tank_interfaces-0.0.0-py3.12.egg-info/top_level.txt
[1.830s] -- Installing: /home/eldry/dv_ws/install/tank_interfaces/lib/python3.12/site-packages/tank_interfaces-0.0.0-py3.12.egg-info/dependency_links.txt
[1.830s] -- Up-to-date: /home/eldry/dv_ws/install/tank_interfaces/lib/python3.12/site-packages/tank_interfaces
[1.830s] -- Up-to-date: /home/eldry/dv_ws/install/tank_interfaces/lib/python3.12/site-packages/tank_interfaces/tank_interfaces_s__rosidl_typesupport_introspection_c.so
[1.830s] -- Up-to-date: /home/eldry/dv_ws/install/tank_interfaces/lib/python3.12/site-packages/tank_interfaces/_tank_interfaces_s.ep.rosidl_typesupport_fastrtps_c.c
[1.830s] -- Up-to-date: /home/eldry/dv_ws/install/tank_interfaces/lib/python3.12/site-packages/tank_interfaces/_tank_interfaces_s.ep.rosidl_typesupport_introspection_c.c
[1.830s] -- Up-to-date: /home/eldry/dv_ws/install/tank_interfaces/lib/python3.12/site-packages/tank_interfaces/tank_interfaces_s__rosidl_typesupport_c.so
[1.830s] -- Up-to-date: /home/eldry/dv_ws/install/tank_interfaces/lib/python3.12/site-packages/tank_interfaces/_tank_interfaces_s.ep.rosidl_typesupport_c.c
[1.830s] -- Up-to-date: /home/eldry/dv_ws/install/tank_interfaces/lib/python3.12/site-packages/tank_interfaces/srv
[1.830s] -- Up-to-date: /home/eldry/dv_ws/install/tank_interfaces/lib/python3.12/site-packages/tank_interfaces/srv/_interface.py
[1.831s] -- Up-to-date: /home/eldry/dv_ws/install/tank_interfaces/lib/python3.12/site-packages/tank_interfaces/srv/_interface_s.c
[1.831s] -- Up-to-date: /home/eldry/dv_ws/install/tank_interfaces/lib/python3.12/site-packages/tank_interfaces/srv/__init__.py
[1.831s] -- Up-to-date: /home/eldry/dv_ws/install/tank_interfaces/lib/python3.12/site-packages/tank_interfaces/tank_interfaces_s__rosidl_typesupport_fastrtps_c.so
[1.831s] -- Installing: /home/eldry/dv_ws/install/tank_interfaces/lib/python3.12/site-packages/tank_interfaces/__init__.py
[1.867s] Listing '/home/eldry/dv_ws/install/tank_interfaces/lib/python3.12/site-packages/tank_interfaces'...
[1.867s] Compiling '/home/eldry/dv_ws/install/tank_interfaces/lib/python3.12/site-packages/tank_interfaces/__init__.py'...
[1.867s] Listing '/home/eldry/dv_ws/install/tank_interfaces/lib/python3.12/site-packages/tank_interfaces/srv'...
[1.875s] -- Up-to-date: /home/eldry/dv_ws/install/tank_interfaces/lib/python3.12/site-packages/tank_interfaces/tank_interfaces_s__rosidl_typesupport_fastrtps_c.so
[1.875s] -- Up-to-date: /home/eldry/dv_ws/install/tank_interfaces/lib/python3.12/site-packages/tank_interfaces/tank_interfaces_s__rosidl_typesupport_introspection_c.so
[1.875s] -- Up-to-date: /home/eldry/dv_ws/install/tank_interfaces/lib/python3.12/site-packages/tank_interfaces/tank_interfaces_s__rosidl_typesupport_c.so
[1.875s] -- Up-to-date: /home/eldry/dv_ws/install/tank_interfaces/lib/libtank_interfaces__rosidl_generator_py.so
[1.875s] -- Up-to-date: /home/eldry/dv_ws/install/tank_interfaces/share/tank_interfaces/srv/Interface.idl
[1.875s] -- Up-to-date: /home/eldry/dv_ws/install/tank_interfaces/share/tank_interfaces/srv/Interface.srv
[1.875s] -- Up-to-date: /home/eldry/dv_ws/install/tank_interfaces/share/ament_index/resource_index/package_run_dependencies/tank_interfaces
[1.875s] -- Installing: /home/eldry/dv_ws/install/tank_interfaces/share/ament_index/resource_index/parent_prefix_path/tank_interfaces
[1.876s] -- Up-to-date: /home/eldry/dv_ws/install/tank_interfaces/share/tank_interfaces/environment/ament_prefix_path.sh
[1.876s] -- Up-to-date: /home/eldry/dv_ws/install/tank_interfaces/share/tank_interfaces/environment/ament_prefix_path.dsv
[1.876s] -- Up-to-date: /home/eldry/dv_ws/install/tank_interfaces/share/tank_interfaces/environment/path.sh
[1.876s] -- Up-to-date: /home/eldry/dv_ws/install/tank_interfaces/share/tank_interfaces/environment/path.dsv
[1.876s] -- Up-to-date: /home/eldry/dv_ws/install/tank_interfaces/share/tank_interfaces/local_setup.bash
[1.876s] -- Up-to-date: /home/eldry/dv_ws/install/tank_interfaces/share/tank_interfaces/local_setup.sh
[1.876s] -- Up-to-date: /home/eldry/dv_ws/install/tank_interfaces/share/tank_interfaces/local_setup.zsh
[1.876s] -- Up-to-date: /home/eldry/dv_ws/install/tank_interfaces/share/tank_interfaces/local_setup.dsv
[1.876s] -- Installing: /home/eldry/dv_ws/install/tank_interfaces/share/tank_interfaces/package.dsv
[1.876s] -- Up-to-date: /home/eldry/dv_ws/install/tank_interfaces/share/ament_index/resource_index/packages/tank_interfaces
[1.876s] -- Up-to-date: /home/eldry/dv_ws/install/tank_interfaces/share/tank_interfaces/cmake/export_tank_interfaces__rosidl_generator_cExport.cmake
[1.877s] -- Up-to-date: /home/eldry/dv_ws/install/tank_interfaces/share/tank_interfaces/cmake/export_tank_interfaces__rosidl_generator_cExport-noconfig.cmake
[1.877s] -- Up-to-date: /home/eldry/dv_ws/install/tank_interfaces/share/tank_interfaces/cmake/export_tank_interfaces__rosidl_typesupport_fastrtps_cExport.cmake
[1.877s] -- Up-to-date: /home/eldry/dv_ws/install/tank_interfaces/share/tank_interfaces/cmake/export_tank_interfaces__rosidl_typesupport_fastrtps_cExport-noconfig.cmake
[1.877s] -- Up-to-date: /home/eldry/dv_ws/install/tank_interfaces/share/tank_interfaces/cmake/tank_interfaces__rosidl_typesupport_introspection_cExport.cmake
[1.877s] -- Up-to-date: /home/eldry/dv_ws/install/tank_interfaces/share/tank_interfaces/cmake/tank_interfaces__rosidl_typesupport_introspection_cExport-noconfig.cmake
[1.877s] -- Up-to-date: /home/eldry/dv_ws/install/tank_interfaces/share/tank_interfaces/cmake/tank_interfaces__rosidl_typesupport_cExport.cmake
[1.877s] -- Up-to-date: /home/eldry/dv_ws/install/tank_interfaces/share/tank_interfaces/cmake/tank_interfaces__rosidl_typesupport_cExport-noconfig.cmake
[1.877s] -- Up-to-date: /home/eldry/dv_ws/install/tank_interfaces/share/tank_interfaces/cmake/export_tank_interfaces__rosidl_generator_cppExport.cmake
[1.877s] -- Up-to-date: /home/eldry/dv_ws/install/tank_interfaces/share/tank_interfaces/cmake/export_tank_interfaces__rosidl_typesupport_fastrtps_cppExport.cmake
[1.878s] -- Up-to-date: /home/eldry/dv_ws/install/tank_interfaces/share/tank_interfaces/cmake/export_tank_interfaces__rosidl_typesupport_fastrtps_cppExport-noconfig.cmake
[1.878s] -- Up-to-date: /home/eldry/dv_ws/install/tank_interfaces/share/tank_interfaces/cmake/tank_interfaces__rosidl_typesupport_introspection_cppExport.cmake
[1.878s] -- Up-to-date: /home/eldry/dv_ws/install/tank_interfaces/share/tank_interfaces/cmake/tank_interfaces__rosidl_typesupport_introspection_cppExport-noconfig.cmake
[1.878s] -- Up-to-date: /home/eldry/dv_ws/install/tank_interfaces/share/tank_interfaces/cmake/tank_interfaces__rosidl_typesupport_cppExport.cmake
[1.878s] -- Up-to-date: /home/eldry/dv_ws/install/tank_interfaces/share/tank_interfaces/cmake/tank_interfaces__rosidl_typesupport_cppExport-noconfig.cmake
[1.878s] -- Up-to-date: /home/eldry/dv_ws/install/tank_interfaces/share/tank_interfaces/cmake/export_tank_interfaces__rosidl_generator_pyExport.cmake
[1.878s] -- Up-to-date: /home/eldry/dv_ws/install/tank_interfaces/share/tank_interfaces/cmake/export_tank_interfaces__rosidl_generator_pyExport-noconfig.cmake
[1.878s] -- Up-to-date: /home/eldry/dv_ws/install/tank_interfaces/share/tank_interfaces/cmake/rosidl_cmake-extras.cmake
[1.878s] -- Up-to-date: /home/eldry/dv_ws/install/tank_interfaces/share/tank_interfaces/cmake/ament_cmake_export_dependencies-extras.cmake
[1.878s] -- Up-to-date: /home/eldry/dv_ws/install/tank_interfaces/share/tank_interfaces/cmake/ament_cmake_export_include_directories-extras.cmake
[1.878s] -- Up-to-date: /home/eldry/dv_ws/install/tank_interfaces/share/tank_interfaces/cmake/ament_cmake_export_libraries-extras.cmake
[1.878s] -- Up-to-date: /home/eldry/dv_ws/install/tank_interfaces/share/tank_interfaces/cmake/ament_cmake_export_targets-extras.cmake
[1.878s] -- Up-to-date: /home/eldry/dv_ws/install/tank_interfaces/share/tank_interfaces/cmake/rosidl_cmake_export_typesupport_targets-extras.cmake
[1.879s] -- Up-to-date: /home/eldry/dv_ws/install/tank_interfaces/share/tank_interfaces/cmake/rosidl_cmake_export_typesupport_libraries-extras.cmake
[1.879s] -- Up-to-date: /home/eldry/dv_ws/install/tank_interfaces/share/tank_interfaces/cmake/tank_interfacesConfig.cmake
[1.879s] -- Up-to-date: /home/eldry/dv_ws/install/tank_interfaces/share/tank_interfaces/cmake/tank_interfacesConfig-version.cmake
[1.879s] -- Installing: /home/eldry/dv_ws/install/tank_interfaces/share/tank_interfaces/package.xml
[1.880s] Invoked command in '/home/eldry/dv_ws/build/tank_interfaces' returned '0': CMAKE_PREFIX_PATH=${CMAKE_PREFIX_PATH}:/opt/ros/jazzy DEBUGINFOD_URLS=https://debuginfod.ubuntu.com /usr/bin/cmake --install /home/eldry/dv_ws/build/tank_interfaces
