[0.015s] Invoking command in '/home/eldry/dv_ws/build/tank_bringup': CMAKE_PREFIX_PATH=/home/eldry/dv_ws/install/tank_description:/home/eldry/dv_ws/install/tank_interfaces:/home/eldry/dv_ws/install/tank_bringup:/opt/ros/jazzy/opt/gz_sim_vendor:/opt/ros/jazzy/opt/gz_sensors_vendor:/opt/ros/jazzy/opt/gz_physics_vendor:/opt/ros/jazzy/opt/sdformat_vendor:/opt/ros/jazzy/opt/gz_gui_vendor:/opt/ros/jazzy/opt/gz_transport_vendor:/opt/ros/jazzy/opt/gz_rendering_vendor:/opt/ros/jazzy/opt/gz_plugin_vendor:/opt/ros/jazzy/opt/gz_fuel_tools_vendor:/opt/ros/jazzy/opt/gz_msgs_vendor:/opt/ros/jazzy/opt/gz_common_vendor:/opt/ros/jazzy/opt/gz_math_vendor:/opt/ros/jazzy/opt/gz_utils_vendor:/opt/ros/jazzy/opt/gz_tools_vendor:/opt/ros/jazzy/opt/gz_ogre_next_vendor:/opt/ros/jazzy/opt/gz_dartsim_vendor:/opt/ros/jazzy/opt/gz_cmake_vendor:/opt/ros/jazzy DEBUGINFOD_URLS=https://debuginfod.ubuntu.com /usr/bin/cmake --build /home/eldry/dv_ws/build/tank_bringup -- -j4 -l4
[0.039s] -- Found ament_cmake: 2.5.4 (/opt/ros/jazzy/share/ament_cmake/cmake)
[0.400s] -- Configuring done (0.4s)
[0.403s] -- Generating done (0.0s)
[0.405s] -- Build files have been written to: /home/eldry/dv_ws/build/tank_bringup
[0.426s] Invoked command in '/home/eldry/dv_ws/build/tank_bringup' returned '0': CMAKE_PREFIX_PATH=/home/eldry/dv_ws/install/tank_description:/home/eldry/dv_ws/install/tank_interfaces:/home/eldry/dv_ws/install/tank_bringup:/opt/ros/jazzy/opt/gz_sim_vendor:/opt/ros/jazzy/opt/gz_sensors_vendor:/opt/ros/jazzy/opt/gz_physics_vendor:/opt/ros/jazzy/opt/sdformat_vendor:/opt/ros/jazzy/opt/gz_gui_vendor:/opt/ros/jazzy/opt/gz_transport_vendor:/opt/ros/jazzy/opt/gz_rendering_vendor:/opt/ros/jazzy/opt/gz_plugin_vendor:/opt/ros/jazzy/opt/gz_fuel_tools_vendor:/opt/ros/jazzy/opt/gz_msgs_vendor:/opt/ros/jazzy/opt/gz_common_vendor:/opt/ros/jazzy/opt/gz_math_vendor:/opt/ros/jazzy/opt/gz_utils_vendor:/opt/ros/jazzy/opt/gz_tools_vendor:/opt/ros/jazzy/opt/gz_ogre_next_vendor:/opt/ros/jazzy/opt/gz_dartsim_vendor:/opt/ros/jazzy/opt/gz_cmake_vendor:/opt/ros/jazzy DEBUGINFOD_URLS=https://debuginfod.ubuntu.com /usr/bin/cmake --build /home/eldry/dv_ws/build/tank_bringup -- -j4 -l4
[0.427s] Invoking command in '/home/eldry/dv_ws/build/tank_bringup': CMAKE_PREFIX_PATH=/home/eldry/dv_ws/install/tank_description:/home/eldry/dv_ws/install/tank_interfaces:/home/eldry/dv_ws/install/tank_bringup:/opt/ros/jazzy/opt/gz_sim_vendor:/opt/ros/jazzy/opt/gz_sensors_vendor:/opt/ros/jazzy/opt/gz_physics_vendor:/opt/ros/jazzy/opt/sdformat_vendor:/opt/ros/jazzy/opt/gz_gui_vendor:/opt/ros/jazzy/opt/gz_transport_vendor:/opt/ros/jazzy/opt/gz_rendering_vendor:/opt/ros/jazzy/opt/gz_plugin_vendor:/opt/ros/jazzy/opt/gz_fuel_tools_vendor:/opt/ros/jazzy/opt/gz_msgs_vendor:/opt/ros/jazzy/opt/gz_common_vendor:/opt/ros/jazzy/opt/gz_math_vendor:/opt/ros/jazzy/opt/gz_utils_vendor:/opt/ros/jazzy/opt/gz_tools_vendor:/opt/ros/jazzy/opt/gz_ogre_next_vendor:/opt/ros/jazzy/opt/gz_dartsim_vendor:/opt/ros/jazzy/opt/gz_cmake_vendor:/opt/ros/jazzy DEBUGINFOD_URLS=https://debuginfod.ubuntu.com /usr/bin/cmake --install /home/eldry/dv_ws/build/tank_bringup
[0.435s] -- Install configuration: ""
[0.435s] -- Up-to-date: /home/eldry/dv_ws/install/tank_bringup/share/tank_bringup//launch
[0.435s] -- Up-to-date: /home/eldry/dv_ws/install/tank_bringup/share/tank_bringup//launch/display.launch.xml
[0.435s] -- Up-to-date: /home/eldry/dv_ws/install/tank_bringup/share/tank_bringup//config
[0.435s] -- Up-to-date: /home/eldry/dv_ws/install/tank_bringup/share/tank_bringup//config/parameter.yaml
[0.435s] -- Up-to-date: /home/eldry/dv_ws/install/tank_bringup/share/ament_index/resource_index/package_run_dependencies/tank_bringup
[0.435s] -- Installing: /home/eldry/dv_ws/install/tank_bringup/share/ament_index/resource_index/parent_prefix_path/tank_bringup
[0.436s] -- Up-to-date: /home/eldry/dv_ws/install/tank_bringup/share/tank_bringup/environment/ament_prefix_path.sh
[0.436s] -- Up-to-date: /home/eldry/dv_ws/install/tank_bringup/share/tank_bringup/environment/ament_prefix_path.dsv
[0.436s] -- Up-to-date: /home/eldry/dv_ws/install/tank_bringup/share/tank_bringup/environment/path.sh
[0.436s] -- Up-to-date: /home/eldry/dv_ws/install/tank_bringup/share/tank_bringup/environment/path.dsv
[0.436s] -- Up-to-date: /home/eldry/dv_ws/install/tank_bringup/share/tank_bringup/local_setup.bash
[0.436s] -- Up-to-date: /home/eldry/dv_ws/install/tank_bringup/share/tank_bringup/local_setup.sh
[0.436s] -- Up-to-date: /home/eldry/dv_ws/install/tank_bringup/share/tank_bringup/local_setup.zsh
[0.436s] -- Up-to-date: /home/eldry/dv_ws/install/tank_bringup/share/tank_bringup/local_setup.dsv
[0.436s] -- Installing: /home/eldry/dv_ws/install/tank_bringup/share/tank_bringup/package.dsv
[0.436s] -- Up-to-date: /home/eldry/dv_ws/install/tank_bringup/share/ament_index/resource_index/packages/tank_bringup
[0.436s] -- Up-to-date: /home/eldry/dv_ws/install/tank_bringup/share/tank_bringup/cmake/tank_bringupConfig.cmake
[0.436s] -- Up-to-date: /home/eldry/dv_ws/install/tank_bringup/share/tank_bringup/cmake/tank_bringupConfig-version.cmake
[0.436s] -- Installing: /home/eldry/dv_ws/install/tank_bringup/share/tank_bringup/package.xml
[0.438s] Invoked command in '/home/eldry/dv_ws/build/tank_bringup' returned '0': CMAKE_PREFIX_PATH=/home/eldry/dv_ws/install/tank_description:/home/eldry/dv_ws/install/tank_interfaces:/home/eldry/dv_ws/install/tank_bringup:/opt/ros/jazzy/opt/gz_sim_vendor:/opt/ros/jazzy/opt/gz_sensors_vendor:/opt/ros/jazzy/opt/gz_physics_vendor:/opt/ros/jazzy/opt/sdformat_vendor:/opt/ros/jazzy/opt/gz_gui_vendor:/opt/ros/jazzy/opt/gz_transport_vendor:/opt/ros/jazzy/opt/gz_rendering_vendor:/opt/ros/jazzy/opt/gz_plugin_vendor:/opt/ros/jazzy/opt/gz_fuel_tools_vendor:/opt/ros/jazzy/opt/gz_msgs_vendor:/opt/ros/jazzy/opt/gz_common_vendor:/opt/ros/jazzy/opt/gz_math_vendor:/opt/ros/jazzy/opt/gz_utils_vendor:/opt/ros/jazzy/opt/gz_tools_vendor:/opt/ros/jazzy/opt/gz_ogre_next_vendor:/opt/ros/jazzy/opt/gz_dartsim_vendor:/opt/ros/jazzy/opt/gz_cmake_vendor:/opt/ros/jazzy DEBUGINFOD_URLS=https://debuginfod.ubuntu.com /usr/bin/cmake --install /home/eldry/dv_ws/build/tank_bringup
