-- The C compiler identification is GNU 13.3.0
-- The CXX compiler identification is GNU 13.3.0
-- Detecting C compiler ABI info
-- Detecting C compiler ABI info - done
-- Check for working C compiler: /usr/bin/cc - skipped
-- Detecting C compile features
-- Detecting C compile features - done
-- Detecting CXX compiler ABI info
-- Detecting CXX compiler ABI info - done
-- Check for working CXX compiler: /usr/bin/c++ - skipped
-- Detecting CXX compile features
-- Detecting CXX compile features - done
-- Found ament_cmake: 2.5.4 (/opt/ros/jazzy/share/ament_cmake/cmake)
-- Found Python3: /usr/bin/python3 (found version "3.12.3") found components: Interpreter 
-- Configuring done (0.8s)
-- Generating done (0.0s)
-- Build files have been written to: /home/eldry/dv_ws/build/tank_description
-- Install configuration: ""
-- Installing: /home/eldry/dv_ws/install/tank_description/share///urdf
-- Installing: /home/eldry/dv_ws/install/tank_description/share///urdf/tank.urdf
-- Installing: /home/eldry/dv_ws/install/tank_description/share/ament_index/resource_index/package_run_dependencies/tank_description
-- Installing: /home/eldry/dv_ws/install/tank_description/share/ament_index/resource_index/parent_prefix_path/tank_description
-- Installing: /home/eldry/dv_ws/install/tank_description/share/tank_description/environment/ament_prefix_path.sh
-- Installing: /home/eldry/dv_ws/install/tank_description/share/tank_description/environment/ament_prefix_path.dsv
-- Installing: /home/eldry/dv_ws/install/tank_description/share/tank_description/environment/path.sh
-- Installing: /home/eldry/dv_ws/install/tank_description/share/tank_description/environment/path.dsv
-- Installing: /home/eldry/dv_ws/install/tank_description/share/tank_description/local_setup.bash
-- Installing: /home/eldry/dv_ws/install/tank_description/share/tank_description/local_setup.sh
-- Installing: /home/eldry/dv_ws/install/tank_description/share/tank_description/local_setup.zsh
-- Installing: /home/eldry/dv_ws/install/tank_description/share/tank_description/local_setup.dsv
-- Installing: /home/eldry/dv_ws/install/tank_description/share/tank_description/package.dsv
-- Installing: /home/eldry/dv_ws/install/tank_description/share/ament_index/resource_index/packages/tank_description
-- Installing: /home/eldry/dv_ws/install/tank_description/share/tank_description/cmake/tank_descriptionConfig.cmake
-- Installing: /home/eldry/dv_ws/install/tank_description/share/tank_description/cmake/tank_descriptionConfig-version.cmake
-- Installing: /home/eldry/dv_ws/install/tank_description/share/tank_description/package.xml
