[0.018s] Invoking command in '/home/eldry/dv_ws/build/tank_description': CMAKE_PREFIX_PATH=${CMAKE_PREFIX_PATH}:/opt/ros/jazzy DEBUGINFOD_URLS=https://debuginfod.ubuntu.com /usr/bin/cmake /home/eldry/dv_ws/src/tank_description -DCMAKE_INSTALL_PREFIX=/home/eldry/dv_ws/install/tank_description
[0.072s] -- The C compiler identification is GNU 13.3.0
[0.135s] -- The CXX compiler identification is GNU 13.3.0
[0.151s] -- Detecting C compiler ABI info
[0.241s] -- Detecting C compiler ABI info - done
[0.255s] -- Check for working C compiler: /usr/bin/cc - skipped
[0.255s] -- Detecting C compile features
[0.256s] -- Detecting C compile features - done
[0.266s] -- Detecting CXX compiler ABI info
[0.365s] -- Detecting CXX compiler ABI info - done
[0.376s] -- Check for working CXX compiler: /usr/bin/c++ - skipped
[0.376s] -- Detecting CXX compile features
[0.377s] -- Detecting CXX compile features - done
[0.381s] -- Found ament_cmake: 2.5.4 (/opt/ros/jazzy/share/ament_cmake/cmake)
[0.561s] -- Found Python3: /usr/bin/python3 (found version "3.12.3") found components: Interpreter 
[0.822s] -- Configuring done (0.8s)
[0.824s] -- Generating done (0.0s)
[0.826s] -- Build files have been written to: /home/eldry/dv_ws/build/tank_description
[0.830s] Invoked command in '/home/eldry/dv_ws/build/tank_description' returned '0': CMAKE_PREFIX_PATH=${CMAKE_PREFIX_PATH}:/opt/ros/jazzy DEBUGINFOD_URLS=https://debuginfod.ubuntu.com /usr/bin/cmake /home/eldry/dv_ws/src/tank_description -DCMAKE_INSTALL_PREFIX=/home/eldry/dv_ws/install/tank_description
[0.832s] Invoking command in '/home/eldry/dv_ws/build/tank_description': CMAKE_PREFIX_PATH=${CMAKE_PREFIX_PATH}:/opt/ros/jazzy DEBUGINFOD_URLS=https://debuginfod.ubuntu.com /usr/bin/cmake --build /home/eldry/dv_ws/build/tank_description -- -j4 -l4
[0.884s] Invoked command in '/home/eldry/dv_ws/build/tank_description' returned '0': CMAKE_PREFIX_PATH=${CMAKE_PREFIX_PATH}:/opt/ros/jazzy DEBUGINFOD_URLS=https://debuginfod.ubuntu.com /usr/bin/cmake --build /home/eldry/dv_ws/build/tank_description -- -j4 -l4
[0.885s] Invoking command in '/home/eldry/dv_ws/build/tank_description': CMAKE_PREFIX_PATH=${CMAKE_PREFIX_PATH}:/opt/ros/jazzy DEBUGINFOD_URLS=https://debuginfod.ubuntu.com /usr/bin/cmake --install /home/eldry/dv_ws/build/tank_description
[0.897s] -- Install configuration: ""
[0.897s] -- Installing: /home/eldry/dv_ws/install/tank_description/share///urdf
[0.897s] -- Installing: /home/eldry/dv_ws/install/tank_description/share///urdf/tank.urdf
[0.898s] -- Installing: /home/eldry/dv_ws/install/tank_description/share/ament_index/resource_index/package_run_dependencies/tank_description
[0.898s] -- Installing: /home/eldry/dv_ws/install/tank_description/share/ament_index/resource_index/parent_prefix_path/tank_description
[0.899s] -- Installing: /home/eldry/dv_ws/install/tank_description/share/tank_description/environment/ament_prefix_path.sh
[0.899s] -- Installing: /home/eldry/dv_ws/install/tank_description/share/tank_description/environment/ament_prefix_path.dsv
[0.899s] -- Installing: /home/eldry/dv_ws/install/tank_description/share/tank_description/environment/path.sh
[0.899s] -- Installing: /home/eldry/dv_ws/install/tank_description/share/tank_description/environment/path.dsv
[0.899s] -- Installing: /home/eldry/dv_ws/install/tank_description/share/tank_description/local_setup.bash
[0.899s] -- Installing: /home/eldry/dv_ws/install/tank_description/share/tank_description/local_setup.sh
[0.900s] -- Installing: /home/eldry/dv_ws/install/tank_description/share/tank_description/local_setup.zsh
[0.900s] -- Installing: /home/eldry/dv_ws/install/tank_description/share/tank_description/local_setup.dsv
[0.900s] -- Installing: /home/eldry/dv_ws/install/tank_description/share/tank_description/package.dsv
[0.901s] -- Installing: /home/eldry/dv_ws/install/tank_description/share/ament_index/resource_index/packages/tank_description
[0.901s] -- Installing: /home/eldry/dv_ws/install/tank_description/share/tank_description/cmake/tank_descriptionConfig.cmake
[0.901s] -- Installing: /home/eldry/dv_ws/install/tank_description/share/tank_description/cmake/tank_descriptionConfig-version.cmake
[0.902s] -- Installing: /home/eldry/dv_ws/install/tank_description/share/tank_description/package.xml
[0.904s] Invoked command in '/home/eldry/dv_ws/build/tank_description' returned '0': CMAKE_PREFIX_PATH=${CMAKE_PREFIX_PATH}:/opt/ros/jazzy DEBUGINFOD_URLS=https://debuginfod.ubuntu.com /usr/bin/cmake --install /home/eldry/dv_ws/build/tank_description
