[0.013s] Invoking command in '/home/eldry/dv_ws/build/tank_interfaces': CMAKE_PREFIX_PATH=${CMAKE_PREFIX_PATH}:/opt/ros/jazzy DEBUGINFOD_URLS=https://debuginfod.ubuntu.com /usr/bin/cmake --build /home/eldry/dv_ws/build/tank_interfaces -- -j4 -l4
[0.065s] [  2%] Built target tank_interfaces__rosidl_generator_type_description
[0.075s] [  2%] Built target ament_cmake_python_copy_tank_interfaces
[0.087s] [  5%] Built target tank_interfaces__cpp
[0.097s] [ 20%] Built target tank_interfaces__rosidl_generator_c
[0.123s] [ 29%] Built target tank_interfaces__rosidl_typesupport_introspection_c
[0.136s] [ 38%] Built target tank_interfaces__rosidl_typesupport_c
[0.139s] [ 47%] Built target tank_interfaces__rosidl_typesupport_fastrtps_cpp
[0.151s] [ 55%] Built target tank_interfaces__rosidl_typesupport_introspection_cpp
[0.164s] [ 64%] Built target tank_interfaces__rosidl_typesupport_fastrtps_c
[0.170s] [ 73%] Built target tank_interfaces__rosidl_typesupport_cpp
[0.192s] [ 73%] Built target tank_interfaces
[0.215s] [ 76%] Built target tank_interfaces__py
[0.238s] [ 82%] Built target tank_interfaces__rosidl_generator_py
[0.266s] [ 88%] Built target tank_interfaces_s__rosidl_typesupport_fastrtps_c
[0.270s] [ 94%] Built target tank_interfaces_s__rosidl_typesupport_c
[0.270s] [100%] Built target tank_interfaces_s__rosidl_typesupport_introspection_c
[0.355s] running egg_info
[0.380s] writing tank_interfaces.egg-info/PKG-INFO
[0.381s] writing dependency_links to tank_interfaces.egg-info/dependency_links.txt
[0.381s] writing top-level names to tank_interfaces.egg-info/top_level.txt
[0.456s] reading manifest file 'tank_interfaces.egg-info/SOURCES.txt'
[0.457s] writing manifest file 'tank_interfaces.egg-info/SOURCES.txt'
[0.500s] [100%] Built target ament_cmake_python_build_tank_interfaces_egg
[0.517s] Invoked command in '/home/eldry/dv_ws/build/tank_interfaces' returned '0': CMAKE_PREFIX_PATH=${CMAKE_PREFIX_PATH}:/opt/ros/jazzy DEBUGINFOD_URLS=https://debuginfod.ubuntu.com /usr/bin/cmake --build /home/eldry/dv_ws/build/tank_interfaces -- -j4 -l4
[0.528s] Invoking command in '/home/eldry/dv_ws/build/tank_interfaces': CMAKE_PREFIX_PATH=${CMAKE_PREFIX_PATH}:/opt/ros/jazzy DEBUGINFOD_URLS=https://debuginfod.ubuntu.com /usr/bin/cmake --install /home/eldry/dv_ws/build/tank_interfaces
[0.536s] -- Install configuration: ""
[0.536s] -- Up-to-date: /home/eldry/dv_ws/install/tank_interfaces/share/ament_index/resource_index/rosidl_interfaces/tank_interfaces
[0.536s] -- Up-to-date: /home/eldry/dv_ws/install/tank_interfaces/share/tank_interfaces/srv/Interface.json
[0.536s] -- Up-to-date: /home/eldry/dv_ws/install/tank_interfaces/include/tank_interfaces/tank_interfaces
[0.537s] -- Up-to-date: /home/eldry/dv_ws/install/tank_interfaces/include/tank_interfaces/tank_interfaces/srv
[0.537s] -- Up-to-date: /home/eldry/dv_ws/install/tank_interfaces/include/tank_interfaces/tank_interfaces/srv/detail
[0.537s] -- Up-to-date: /home/eldry/dv_ws/install/tank_interfaces/include/tank_interfaces/tank_interfaces/srv/detail/interface__description.c
[0.537s] -- Up-to-date: /home/eldry/dv_ws/install/tank_interfaces/include/tank_interfaces/tank_interfaces/srv/detail/interface__type_support.c
[0.537s] -- Up-to-date: /home/eldry/dv_ws/install/tank_interfaces/include/tank_interfaces/tank_interfaces/srv/detail/interface__functions.c
[0.538s] -- Up-to-date: /home/eldry/dv_ws/install/tank_interfaces/include/tank_interfaces/tank_interfaces/srv/detail/interface__functions.h
[0.538s] -- Up-to-date: /home/eldry/dv_ws/install/tank_interfaces/include/tank_interfaces/tank_interfaces/srv/detail/interface__type_support.h
[0.538s] -- Up-to-date: /home/eldry/dv_ws/install/tank_interfaces/include/tank_interfaces/tank_interfaces/srv/detail/interface__struct.h
[0.538s] -- Up-to-date: /home/eldry/dv_ws/install/tank_interfaces/include/tank_interfaces/tank_interfaces/srv/interface.h
[0.538s] -- Up-to-date: /home/eldry/dv_ws/install/tank_interfaces/include/tank_interfaces/tank_interfaces/msg
[0.539s] -- Up-to-date: /home/eldry/dv_ws/install/tank_interfaces/include/tank_interfaces/tank_interfaces/msg/rosidl_generator_c__visibility_control.h
[0.539s] -- Up-to-date: /home/eldry/dv_ws/install/tank_interfaces/share/tank_interfaces/environment/library_path.sh
[0.539s] -- Up-to-date: /home/eldry/dv_ws/install/tank_interfaces/share/tank_interfaces/environment/library_path.dsv
[0.539s] -- Up-to-date: /home/eldry/dv_ws/install/tank_interfaces/lib/libtank_interfaces__rosidl_generator_c.so
[0.540s] -- Up-to-date: /home/eldry/dv_ws/install/tank_interfaces/include/tank_interfaces/tank_interfaces
[0.540s] -- Up-to-date: /home/eldry/dv_ws/install/tank_interfaces/include/tank_interfaces/tank_interfaces/srv
[0.540s] -- Up-to-date: /home/eldry/dv_ws/install/tank_interfaces/include/tank_interfaces/tank_interfaces/srv/detail
[0.540s] -- Up-to-date: /home/eldry/dv_ws/install/tank_interfaces/include/tank_interfaces/tank_interfaces/srv/detail/interface__rosidl_typesupport_fastrtps_c.h
[0.540s] -- Up-to-date: /home/eldry/dv_ws/install/tank_interfaces/include/tank_interfaces/tank_interfaces/msg
[0.541s] -- Up-to-date: /home/eldry/dv_ws/install/tank_interfaces/include/tank_interfaces/tank_interfaces/msg/rosidl_typesupport_fastrtps_c__visibility_control.h
[0.541s] -- Up-to-date: /home/eldry/dv_ws/install/tank_interfaces/lib/libtank_interfaces__rosidl_typesupport_fastrtps_c.so
[0.541s] -- Up-to-date: /home/eldry/dv_ws/install/tank_interfaces/include/tank_interfaces/tank_interfaces
[0.541s] -- Up-to-date: /home/eldry/dv_ws/install/tank_interfaces/include/tank_interfaces/tank_interfaces/srv
[0.541s] -- Up-to-date: /home/eldry/dv_ws/install/tank_interfaces/include/tank_interfaces/tank_interfaces/srv/detail
[0.541s] -- Up-to-date: /home/eldry/dv_ws/install/tank_interfaces/include/tank_interfaces/tank_interfaces/srv/detail/interface__type_support.c
[0.542s] -- Up-to-date: /home/eldry/dv_ws/install/tank_interfaces/include/tank_interfaces/tank_interfaces/srv/detail/interface__rosidl_typesupport_introspection_c.h
[0.542s] -- Up-to-date: /home/eldry/dv_ws/install/tank_interfaces/include/tank_interfaces/tank_interfaces/msg
[0.542s] -- Up-to-date: /home/eldry/dv_ws/install/tank_interfaces/include/tank_interfaces/tank_interfaces/msg/rosidl_typesupport_introspection_c__visibility_control.h
[0.542s] -- Up-to-date: /home/eldry/dv_ws/install/tank_interfaces/lib/libtank_interfaces__rosidl_typesupport_introspection_c.so
[0.542s] -- Up-to-date: /home/eldry/dv_ws/install/tank_interfaces/lib/libtank_interfaces__rosidl_typesupport_c.so
[0.543s] -- Up-to-date: /home/eldry/dv_ws/install/tank_interfaces/include/tank_interfaces/tank_interfaces
[0.543s] -- Up-to-date: /home/eldry/dv_ws/install/tank_interfaces/include/tank_interfaces/tank_interfaces/srv
[0.543s] -- Up-to-date: /home/eldry/dv_ws/install/tank_interfaces/include/tank_interfaces/tank_interfaces/srv/detail
[0.543s] -- Up-to-date: /home/eldry/dv_ws/install/tank_interfaces/include/tank_interfaces/tank_interfaces/srv/detail/interface__type_support.hpp
[0.543s] -- Up-to-date: /home/eldry/dv_ws/install/tank_interfaces/include/tank_interfaces/tank_interfaces/srv/detail/interface__builder.hpp
[0.543s] -- Up-to-date: /home/eldry/dv_ws/install/tank_interfaces/include/tank_interfaces/tank_interfaces/srv/detail/interface__traits.hpp
[0.544s] -- Up-to-date: /home/eldry/dv_ws/install/tank_interfaces/include/tank_interfaces/tank_interfaces/srv/detail/interface__struct.hpp
[0.544s] -- Up-to-date: /home/eldry/dv_ws/install/tank_interfaces/include/tank_interfaces/tank_interfaces/srv/interface.hpp
[0.544s] -- Up-to-date: /home/eldry/dv_ws/install/tank_interfaces/include/tank_interfaces/tank_interfaces/msg
[0.544s] -- Up-to-date: /home/eldry/dv_ws/install/tank_interfaces/include/tank_interfaces/tank_interfaces/msg/rosidl_generator_cpp__visibility_control.hpp
[0.544s] -- Up-to-date: /home/eldry/dv_ws/install/tank_interfaces/include/tank_interfaces/tank_interfaces
[0.544s] -- Up-to-date: /home/eldry/dv_ws/install/tank_interfaces/include/tank_interfaces/tank_interfaces/srv
[0.545s] -- Up-to-date: /home/eldry/dv_ws/install/tank_interfaces/include/tank_interfaces/tank_interfaces/srv/detail
[0.545s] -- Up-to-date: /home/eldry/dv_ws/install/tank_interfaces/include/tank_interfaces/tank_interfaces/srv/detail/interface__rosidl_typesupport_fastrtps_cpp.hpp
[0.545s] -- Up-to-date: /home/eldry/dv_ws/install/tank_interfaces/include/tank_interfaces/tank_interfaces/srv/detail/dds_fastrtps
[0.545s] -- Up-to-date: /home/eldry/dv_ws/install/tank_interfaces/include/tank_interfaces/tank_interfaces/msg
[0.545s] -- Up-to-date: /home/eldry/dv_ws/install/tank_interfaces/include/tank_interfaces/tank_interfaces/msg/rosidl_typesupport_fastrtps_cpp__visibility_control.h
[0.546s] -- Up-to-date: /home/eldry/dv_ws/install/tank_interfaces/lib/libtank_interfaces__rosidl_typesupport_fastrtps_cpp.so
[0.546s] -- Up-to-date: /home/eldry/dv_ws/install/tank_interfaces/include/tank_interfaces/tank_interfaces
[0.546s] -- Up-to-date: /home/eldry/dv_ws/install/tank_interfaces/include/tank_interfaces/tank_interfaces/srv
[0.546s] -- Up-to-date: /home/eldry/dv_ws/install/tank_interfaces/include/tank_interfaces/tank_interfaces/srv/detail
[0.546s] -- Up-to-date: /home/eldry/dv_ws/install/tank_interfaces/include/tank_interfaces/tank_interfaces/srv/detail/interface__rosidl_typesupport_introspection_cpp.hpp
[0.547s] -- Up-to-date: /home/eldry/dv_ws/install/tank_interfaces/include/tank_interfaces/tank_interfaces/srv/detail/interface__type_support.cpp
[0.547s] -- Up-to-date: /home/eldry/dv_ws/install/tank_interfaces/lib/libtank_interfaces__rosidl_typesupport_introspection_cpp.so
[0.547s] -- Up-to-date: /home/eldry/dv_ws/install/tank_interfaces/lib/libtank_interfaces__rosidl_typesupport_cpp.so
[0.547s] -- Up-to-date: /home/eldry/dv_ws/install/tank_interfaces/share/tank_interfaces/environment/pythonpath.sh
[0.547s] -- Up-to-date: /home/eldry/dv_ws/install/tank_interfaces/share/tank_interfaces/environment/pythonpath.dsv
[0.547s] -- Up-to-date: /home/eldry/dv_ws/install/tank_interfaces/lib/python3.12/site-packages/tank_interfaces-0.0.0-py3.12.egg-info
[0.548s] -- Installing: /home/eldry/dv_ws/install/tank_interfaces/lib/python3.12/site-packages/tank_interfaces-0.0.0-py3.12.egg-info/SOURCES.txt
[0.548s] -- Installing: /home/eldry/dv_ws/install/tank_interfaces/lib/python3.12/site-packages/tank_interfaces-0.0.0-py3.12.egg-info/PKG-INFO
[0.548s] -- Installing: /home/eldry/dv_ws/install/tank_interfaces/lib/python3.12/site-packages/tank_interfaces-0.0.0-py3.12.egg-info/top_level.txt
[0.548s] -- Installing: /home/eldry/dv_ws/install/tank_interfaces/lib/python3.12/site-packages/tank_interfaces-0.0.0-py3.12.egg-info/dependency_links.txt
[0.548s] -- Up-to-date: /home/eldry/dv_ws/install/tank_interfaces/lib/python3.12/site-packages/tank_interfaces
[0.548s] -- Up-to-date: /home/eldry/dv_ws/install/tank_interfaces/lib/python3.12/site-packages/tank_interfaces/tank_interfaces_s__rosidl_typesupport_introspection_c.so
[0.549s] -- Up-to-date: /home/eldry/dv_ws/install/tank_interfaces/lib/python3.12/site-packages/tank_interfaces/_tank_interfaces_s.ep.rosidl_typesupport_fastrtps_c.c
[0.549s] -- Up-to-date: /home/eldry/dv_ws/install/tank_interfaces/lib/python3.12/site-packages/tank_interfaces/_tank_interfaces_s.ep.rosidl_typesupport_introspection_c.c
[0.549s] -- Up-to-date: /home/eldry/dv_ws/install/tank_interfaces/lib/python3.12/site-packages/tank_interfaces/tank_interfaces_s__rosidl_typesupport_c.so
[0.549s] -- Up-to-date: /home/eldry/dv_ws/install/tank_interfaces/lib/python3.12/site-packages/tank_interfaces/_tank_interfaces_s.ep.rosidl_typesupport_c.c
[0.549s] -- Up-to-date: /home/eldry/dv_ws/install/tank_interfaces/lib/python3.12/site-packages/tank_interfaces/srv
[0.550s] -- Up-to-date: /home/eldry/dv_ws/install/tank_interfaces/lib/python3.12/site-packages/tank_interfaces/srv/_interface.py
[0.550s] -- Up-to-date: /home/eldry/dv_ws/install/tank_interfaces/lib/python3.12/site-packages/tank_interfaces/srv/_interface_s.c
[0.550s] -- Up-to-date: /home/eldry/dv_ws/install/tank_interfaces/lib/python3.12/site-packages/tank_interfaces/srv/__init__.py
[0.550s] -- Up-to-date: /home/eldry/dv_ws/install/tank_interfaces/lib/python3.12/site-packages/tank_interfaces/tank_interfaces_s__rosidl_typesupport_fastrtps_c.so
[0.550s] -- Up-to-date: /home/eldry/dv_ws/install/tank_interfaces/lib/python3.12/site-packages/tank_interfaces/__init__.py
[0.575s] Listing '/home/eldry/dv_ws/install/tank_interfaces/lib/python3.12/site-packages/tank_interfaces'...
[0.575s] Listing '/home/eldry/dv_ws/install/tank_interfaces/lib/python3.12/site-packages/tank_interfaces/srv'...
[0.581s] -- Up-to-date: /home/eldry/dv_ws/install/tank_interfaces/lib/python3.12/site-packages/tank_interfaces/tank_interfaces_s__rosidl_typesupport_fastrtps_c.so
[0.582s] -- Up-to-date: /home/eldry/dv_ws/install/tank_interfaces/lib/python3.12/site-packages/tank_interfaces/tank_interfaces_s__rosidl_typesupport_introspection_c.so
[0.582s] -- Up-to-date: /home/eldry/dv_ws/install/tank_interfaces/lib/python3.12/site-packages/tank_interfaces/tank_interfaces_s__rosidl_typesupport_c.so
[0.582s] -- Up-to-date: /home/eldry/dv_ws/install/tank_interfaces/lib/libtank_interfaces__rosidl_generator_py.so
[0.583s] -- Up-to-date: /home/eldry/dv_ws/install/tank_interfaces/share/tank_interfaces/srv/Interface.idl
[0.583s] -- Up-to-date: /home/eldry/dv_ws/install/tank_interfaces/share/tank_interfaces/srv/Interface.srv
[0.583s] -- Up-to-date: /home/eldry/dv_ws/install/tank_interfaces/share/ament_index/resource_index/package_run_dependencies/tank_interfaces
[0.583s] -- Up-to-date: /home/eldry/dv_ws/install/tank_interfaces/share/ament_index/resource_index/parent_prefix_path/tank_interfaces
[0.584s] -- Up-to-date: /home/eldry/dv_ws/install/tank_interfaces/share/tank_interfaces/environment/ament_prefix_path.sh
[0.584s] -- Up-to-date: /home/eldry/dv_ws/install/tank_interfaces/share/tank_interfaces/environment/ament_prefix_path.dsv
[0.584s] -- Up-to-date: /home/eldry/dv_ws/install/tank_interfaces/share/tank_interfaces/environment/path.sh
[0.584s] -- Up-to-date: /home/eldry/dv_ws/install/tank_interfaces/share/tank_interfaces/environment/path.dsv
[0.584s] -- Up-to-date: /home/eldry/dv_ws/install/tank_interfaces/share/tank_interfaces/local_setup.bash
[0.585s] -- Up-to-date: /home/eldry/dv_ws/install/tank_interfaces/share/tank_interfaces/local_setup.sh
[0.585s] -- Up-to-date: /home/eldry/dv_ws/install/tank_interfaces/share/tank_interfaces/local_setup.zsh
[0.585s] -- Up-to-date: /home/eldry/dv_ws/install/tank_interfaces/share/tank_interfaces/local_setup.dsv
[0.585s] -- Installing: /home/eldry/dv_ws/install/tank_interfaces/share/tank_interfaces/package.dsv
[0.586s] -- Up-to-date: /home/eldry/dv_ws/install/tank_interfaces/share/ament_index/resource_index/packages/tank_interfaces
[0.586s] -- Up-to-date: /home/eldry/dv_ws/install/tank_interfaces/share/tank_interfaces/cmake/export_tank_interfaces__rosidl_generator_cExport.cmake
[0.586s] -- Up-to-date: /home/eldry/dv_ws/install/tank_interfaces/share/tank_interfaces/cmake/export_tank_interfaces__rosidl_generator_cExport-noconfig.cmake
[0.586s] -- Up-to-date: /home/eldry/dv_ws/install/tank_interfaces/share/tank_interfaces/cmake/export_tank_interfaces__rosidl_typesupport_fastrtps_cExport.cmake
[0.586s] -- Up-to-date: /home/eldry/dv_ws/install/tank_interfaces/share/tank_interfaces/cmake/export_tank_interfaces__rosidl_typesupport_fastrtps_cExport-noconfig.cmake
[0.586s] -- Up-to-date: /home/eldry/dv_ws/install/tank_interfaces/share/tank_interfaces/cmake/tank_interfaces__rosidl_typesupport_introspection_cExport.cmake
[0.586s] -- Up-to-date: /home/eldry/dv_ws/install/tank_interfaces/share/tank_interfaces/cmake/tank_interfaces__rosidl_typesupport_introspection_cExport-noconfig.cmake
[0.586s] -- Up-to-date: /home/eldry/dv_ws/install/tank_interfaces/share/tank_interfaces/cmake/tank_interfaces__rosidl_typesupport_cExport.cmake
[0.586s] -- Up-to-date: /home/eldry/dv_ws/install/tank_interfaces/share/tank_interfaces/cmake/tank_interfaces__rosidl_typesupport_cExport-noconfig.cmake
[0.586s] -- Up-to-date: /home/eldry/dv_ws/install/tank_interfaces/share/tank_interfaces/cmake/export_tank_interfaces__rosidl_generator_cppExport.cmake
[0.586s] -- Up-to-date: /home/eldry/dv_ws/install/tank_interfaces/share/tank_interfaces/cmake/export_tank_interfaces__rosidl_typesupport_fastrtps_cppExport.cmake
[0.586s] -- Up-to-date: /home/eldry/dv_ws/install/tank_interfaces/share/tank_interfaces/cmake/export_tank_interfaces__rosidl_typesupport_fastrtps_cppExport-noconfig.cmake
[0.586s] -- Up-to-date: /home/eldry/dv_ws/install/tank_interfaces/share/tank_interfaces/cmake/tank_interfaces__rosidl_typesupport_introspection_cppExport.cmake
[0.587s] -- Up-to-date: /home/eldry/dv_ws/install/tank_interfaces/share/tank_interfaces/cmake/tank_interfaces__rosidl_typesupport_introspection_cppExport-noconfig.cmake
[0.587s] -- Up-to-date: /home/eldry/dv_ws/install/tank_interfaces/share/tank_interfaces/cmake/tank_interfaces__rosidl_typesupport_cppExport.cmake
[0.587s] -- Up-to-date: /home/eldry/dv_ws/install/tank_interfaces/share/tank_interfaces/cmake/tank_interfaces__rosidl_typesupport_cppExport-noconfig.cmake
[0.587s] -- Up-to-date: /home/eldry/dv_ws/install/tank_interfaces/share/tank_interfaces/cmake/export_tank_interfaces__rosidl_generator_pyExport.cmake
[0.587s] -- Up-to-date: /home/eldry/dv_ws/install/tank_interfaces/share/tank_interfaces/cmake/export_tank_interfaces__rosidl_generator_pyExport-noconfig.cmake
[0.587s] -- Up-to-date: /home/eldry/dv_ws/install/tank_interfaces/share/tank_interfaces/cmake/rosidl_cmake-extras.cmake
[0.587s] -- Up-to-date: /home/eldry/dv_ws/install/tank_interfaces/share/tank_interfaces/cmake/ament_cmake_export_dependencies-extras.cmake
[0.587s] -- Up-to-date: /home/eldry/dv_ws/install/tank_interfaces/share/tank_interfaces/cmake/ament_cmake_export_include_directories-extras.cmake
[0.587s] -- Up-to-date: /home/eldry/dv_ws/install/tank_interfaces/share/tank_interfaces/cmake/ament_cmake_export_libraries-extras.cmake
[0.587s] -- Up-to-date: /home/eldry/dv_ws/install/tank_interfaces/share/tank_interfaces/cmake/ament_cmake_export_targets-extras.cmake
[0.587s] -- Up-to-date: /home/eldry/dv_ws/install/tank_interfaces/share/tank_interfaces/cmake/rosidl_cmake_export_typesupport_targets-extras.cmake
[0.587s] -- Up-to-date: /home/eldry/dv_ws/install/tank_interfaces/share/tank_interfaces/cmake/rosidl_cmake_export_typesupport_libraries-extras.cmake
[0.587s] -- Up-to-date: /home/eldry/dv_ws/install/tank_interfaces/share/tank_interfaces/cmake/tank_interfacesConfig.cmake
[0.588s] -- Up-to-date: /home/eldry/dv_ws/install/tank_interfaces/share/tank_interfaces/cmake/tank_interfacesConfig-version.cmake
[0.588s] -- Up-to-date: /home/eldry/dv_ws/install/tank_interfaces/share/tank_interfaces/package.xml
[0.588s] Invoked command in '/home/eldry/dv_ws/build/tank_interfaces' returned '0': CMAKE_PREFIX_PATH=${CMAKE_PREFIX_PATH}:/opt/ros/jazzy DEBUGINFOD_URLS=https://debuginfod.ubuntu.com /usr/bin/cmake --install /home/eldry/dv_ws/build/tank_interfaces
