[0.017s] Invoking command in '/home/eldry/dv_ws/build/tank_description': CMAKE_PREFIX_PATH=${CMAKE_PREFIX_PATH}:/opt/ros/jazzy DEBUGINFOD_URLS=https://debuginfod.ubuntu.com /usr/bin/cmake --build /home/eldry/dv_ws/build/tank_description -- -j4 -l4
[0.062s] Invoked command in '/home/eldry/dv_ws/build/tank_description' returned '0': CMAKE_PREFIX_PATH=${CMAKE_PREFIX_PATH}:/opt/ros/jazzy DEBUGINFOD_URLS=https://debuginfod.ubuntu.com /usr/bin/cmake --build /home/eldry/dv_ws/build/tank_description -- -j4 -l4
[0.072s] Invoking command in '/home/eldry/dv_ws/build/tank_description': CMAKE_PREFIX_PATH=${CMAKE_PREFIX_PATH}:/opt/ros/jazzy DEBUGINFOD_URLS=https://debuginfod.ubuntu.com /usr/bin/cmake --install /home/eldry/dv_ws/build/tank_description
[0.081s] -- Install configuration: ""
[0.081s] -- Up-to-date: /home/eldry/dv_ws/install/tank_description/share/tank_description//urdf
[0.081s] -- Up-to-date: /home/eldry/dv_ws/install/tank_description/share/tank_description//urdf/slambot_urdf.gazebo
[0.081s] -- Up-to-date: /home/eldry/dv_ws/install/tank_description/share/tank_description//urdf/slambot_urdf.trans
[0.081s] -- Installing: /home/eldry/dv_ws/install/tank_description/share/tank_description//urdf/slambot_urdf.xacro
[0.081s] -- Up-to-date: /home/eldry/dv_ws/install/tank_description/share/tank_description//urdf/world.urdf
[0.082s] -- Installing: /home/eldry/dv_ws/install/tank_description/share/tank_description//urdf/slambot.sdf
[0.082s] -- Up-to-date: /home/eldry/dv_ws/install/tank_description/share/tank_description//urdf/tank.urdf
[0.082s] -- Up-to-date: /home/eldry/dv_ws/install/tank_description/share/tank_description//rviz
[0.082s] -- Up-to-date: /home/eldry/dv_ws/install/tank_description/share/tank_description//rviz/urdf_config.rviz
[0.082s] -- Up-to-date: /home/eldry/dv_ws/install/tank_description/share/tank_description//rviz/display.rviz
[0.082s] -- Up-to-date: /home/eldry/dv_ws/install/tank_description/share/tank_description//meshes
[0.082s] -- Up-to-date: /home/eldry/dv_ws/install/tank_description/share/tank_description//meshes/Wheel2_1.stl
[0.082s] -- Up-to-date: /home/eldry/dv_ws/install/tank_description/share/tank_description//meshes/base_link.stl
[0.082s] -- Up-to-date: /home/eldry/dv_ws/install/tank_description/share/tank_description//meshes/Wheel1_1.stl
[0.082s] -- Up-to-date: /home/eldry/dv_ws/install/tank_description/share/ament_index/resource_index/package_run_dependencies/tank_description
[0.082s] -- Up-to-date: /home/eldry/dv_ws/install/tank_description/share/ament_index/resource_index/parent_prefix_path/tank_description
[0.082s] -- Up-to-date: /home/eldry/dv_ws/install/tank_description/share/tank_description/environment/ament_prefix_path.sh
[0.083s] -- Up-to-date: /home/eldry/dv_ws/install/tank_description/share/tank_description/environment/ament_prefix_path.dsv
[0.083s] -- Up-to-date: /home/eldry/dv_ws/install/tank_description/share/tank_description/environment/path.sh
[0.083s] -- Up-to-date: /home/eldry/dv_ws/install/tank_description/share/tank_description/environment/path.dsv
[0.083s] -- Up-to-date: /home/eldry/dv_ws/install/tank_description/share/tank_description/local_setup.bash
[0.083s] -- Up-to-date: /home/eldry/dv_ws/install/tank_description/share/tank_description/local_setup.sh
[0.083s] -- Up-to-date: /home/eldry/dv_ws/install/tank_description/share/tank_description/local_setup.zsh
[0.083s] -- Up-to-date: /home/eldry/dv_ws/install/tank_description/share/tank_description/local_setup.dsv
[0.083s] -- Installing: /home/eldry/dv_ws/install/tank_description/share/tank_description/package.dsv
[0.083s] -- Up-to-date: /home/eldry/dv_ws/install/tank_description/share/ament_index/resource_index/packages/tank_description
[0.083s] -- Up-to-date: /home/eldry/dv_ws/install/tank_description/share/tank_description/cmake/tank_descriptionConfig.cmake
[0.087s] -- Up-to-date: /home/eldry/dv_ws/install/tank_description/share/tank_description/cmake/tank_descriptionConfig-version.cmake
[0.087s] -- Up-to-date: /home/eldry/dv_ws/install/tank_description/share/tank_description/package.xml
[0.088s] Invoked command in '/home/eldry/dv_ws/build/tank_description' returned '0': CMAKE_PREFIX_PATH=${CMAKE_PREFIX_PATH}:/opt/ros/jazzy DEBUGINFOD_URLS=https://debuginfod.ubuntu.com /usr/bin/cmake --install /home/eldry/dv_ws/build/tank_description
