[0.200s] DEBUG:colcon:Command line arguments: ['/usr/bin/colcon', 'build']
[0.200s] DEBUG:colcon:Parsed command line arguments: Namespace(log_base=None, log_level=None, verb_name='build', build_base='build', install_base='install', merge_install=False, symlink_install=False, test_result_base=None, continue_on_error=False, executor='parallel', parallel_workers=4, event_handlers=None, ignore_user_meta=False, metas=['./colcon.meta'], base_paths=['.'], packages_ignore=None, packages_ignore_regex=None, paths=None, packages_up_to=None, packages_up_to_regex=None, packages_above=None, packages_above_and_dependencies=None, packages_above_depth=None, packages_select_by_dep=None, packages_skip_by_dep=None, packages_skip_up_to=None, packages_select_build_failed=False, packages_skip_build_finished=False, packages_select_test_failures=False, packages_skip_test_passed=False, packages_select=None, packages_skip=None, packages_select_regex=None, packages_skip_regex=None, packages_start=None, packages_end=None, allow_overriding=[], cmake_args=None, cmake_target=None, cmake_target_skip_unavailable=False, cmake_clean_cache=False, cmake_clean_first=False, cmake_force_configure=False, ament_cmake_args=None, catkin_cmake_args=None, catkin_skip_building_tests=False, mixin_files=None, mixin=None, verb_parser=<colcon_mixin.mixin.mixin_argument.MixinArgumentDecorator object at 0x7ae35c1b0890>, verb_extension=<colcon_core.verb.build.BuildVerb object at 0x7ae35c15dc10>, main=<bound method BuildVerb.main of <colcon_core.verb.build.BuildVerb object at 0x7ae35c15dc10>>, mixin_verb=('build',))
[0.243s] Level 1:colcon.colcon_core.package_discovery:discover_packages(colcon_meta) check parameters
[0.243s] Level 1:colcon.colcon_core.package_discovery:discover_packages(recursive) check parameters
[0.243s] Level 1:colcon.colcon_core.package_discovery:discover_packages(ignore) check parameters
[0.243s] Level 1:colcon.colcon_core.package_discovery:discover_packages(path) check parameters
[0.243s] Level 1:colcon.colcon_core.package_discovery:discover_packages(colcon_meta) discover
[0.243s] Level 1:colcon.colcon_core.package_discovery:discover_packages(recursive) discover
[0.243s] INFO:colcon.colcon_core.package_discovery:Crawling recursively for packages in '/home/eldry/dv_ws'
[0.243s] Level 1:colcon.colcon_core.package_identification:_identify(.) by extensions ['ignore', 'ignore_ament_install']
[0.243s] Level 1:colcon.colcon_core.package_identification:_identify(.) by extension 'ignore'
[0.243s] Level 1:colcon.colcon_core.package_identification:_identify(.) by extension 'ignore_ament_install'
[0.244s] Level 1:colcon.colcon_core.package_identification:_identify(.) by extensions ['colcon_pkg']
[0.244s] Level 1:colcon.colcon_core.package_identification:_identify(.) by extension 'colcon_pkg'
[0.244s] Level 1:colcon.colcon_core.package_identification:_identify(.) by extensions ['colcon_meta']
[0.244s] Level 1:colcon.colcon_core.package_identification:_identify(.) by extension 'colcon_meta'
[0.244s] Level 1:colcon.colcon_core.package_identification:_identify(.) by extensions ['ros']
[0.244s] Level 1:colcon.colcon_core.package_identification:_identify(.) by extension 'ros'
[0.275s] Level 1:colcon.colcon_core.package_identification:_identify(.) by extensions ['cmake', 'python']
[0.276s] Level 1:colcon.colcon_core.package_identification:_identify(.) by extension 'cmake'
[0.276s] Level 1:colcon.colcon_core.package_identification:_identify(.) by extension 'python'
[0.276s] Level 1:colcon.colcon_core.package_identification:_identify(.) by extensions ['python_setup_py']
[0.276s] Level 1:colcon.colcon_core.package_identification:_identify(.) by extension 'python_setup_py'
[0.276s] Level 1:colcon.colcon_core.package_identification:_identify(build) by extensions ['ignore', 'ignore_ament_install']
[0.276s] Level 1:colcon.colcon_core.package_identification:_identify(build) by extension 'ignore'
[0.276s] Level 1:colcon.colcon_core.package_identification:_identify(build) ignored
[0.276s] Level 1:colcon.colcon_core.package_identification:_identify(install) by extensions ['ignore', 'ignore_ament_install']
[0.276s] Level 1:colcon.colcon_core.package_identification:_identify(install) by extension 'ignore'
[0.276s] Level 1:colcon.colcon_core.package_identification:_identify(install) ignored
[0.276s] Level 1:colcon.colcon_core.package_identification:_identify(log) by extensions ['ignore', 'ignore_ament_install']
[0.276s] Level 1:colcon.colcon_core.package_identification:_identify(log) by extension 'ignore'
[0.276s] Level 1:colcon.colcon_core.package_identification:_identify(log) ignored
[0.277s] Level 1:colcon.colcon_core.package_identification:_identify(src) by extensions ['ignore', 'ignore_ament_install']
[0.277s] Level 1:colcon.colcon_core.package_identification:_identify(src) by extension 'ignore'
[0.277s] Level 1:colcon.colcon_core.package_identification:_identify(src) by extension 'ignore_ament_install'
[0.277s] Level 1:colcon.colcon_core.package_identification:_identify(src) by extensions ['colcon_pkg']
[0.277s] Level 1:colcon.colcon_core.package_identification:_identify(src) by extension 'colcon_pkg'
[0.277s] Level 1:colcon.colcon_core.package_identification:_identify(src) by extensions ['colcon_meta']
[0.277s] Level 1:colcon.colcon_core.package_identification:_identify(src) by extension 'colcon_meta'
[0.277s] Level 1:colcon.colcon_core.package_identification:_identify(src) by extensions ['ros']
[0.277s] Level 1:colcon.colcon_core.package_identification:_identify(src) by extension 'ros'
[0.277s] Level 1:colcon.colcon_core.package_identification:_identify(src) by extensions ['cmake', 'python']
[0.277s] Level 1:colcon.colcon_core.package_identification:_identify(src) by extension 'cmake'
[0.277s] Level 1:colcon.colcon_core.package_identification:_identify(src) by extension 'python'
[0.277s] Level 1:colcon.colcon_core.package_identification:_identify(src) by extensions ['python_setup_py']
[0.277s] Level 1:colcon.colcon_core.package_identification:_identify(src) by extension 'python_setup_py'
[0.277s] Level 1:colcon.colcon_core.package_identification:_identify(src/tank_bringup) by extensions ['ignore', 'ignore_ament_install']
[0.277s] Level 1:colcon.colcon_core.package_identification:_identify(src/tank_bringup) by extension 'ignore'
[0.277s] Level 1:colcon.colcon_core.package_identification:_identify(src/tank_bringup) by extension 'ignore_ament_install'
[0.277s] Level 1:colcon.colcon_core.package_identification:_identify(src/tank_bringup) by extensions ['colcon_pkg']
[0.277s] Level 1:colcon.colcon_core.package_identification:_identify(src/tank_bringup) by extension 'colcon_pkg'
[0.277s] Level 1:colcon.colcon_core.package_identification:_identify(src/tank_bringup) by extensions ['colcon_meta']
[0.277s] Level 1:colcon.colcon_core.package_identification:_identify(src/tank_bringup) by extension 'colcon_meta'
[0.278s] Level 1:colcon.colcon_core.package_identification:_identify(src/tank_bringup) by extensions ['ros']
[0.278s] Level 1:colcon.colcon_core.package_identification:_identify(src/tank_bringup) by extension 'ros'
[0.280s] DEBUG:colcon.colcon_core.package_identification:Package 'src/tank_bringup' with type 'ros.ament_cmake' and name 'tank_bringup'
[0.281s] Level 1:colcon.colcon_core.package_identification:_identify(src/tank_description) by extensions ['ignore', 'ignore_ament_install']
[0.281s] Level 1:colcon.colcon_core.package_identification:_identify(src/tank_description) by extension 'ignore'
[0.281s] Level 1:colcon.colcon_core.package_identification:_identify(src/tank_description) by extension 'ignore_ament_install'
[0.281s] Level 1:colcon.colcon_core.package_identification:_identify(src/tank_description) by extensions ['colcon_pkg']
[0.281s] Level 1:colcon.colcon_core.package_identification:_identify(src/tank_description) by extension 'colcon_pkg'
[0.281s] Level 1:colcon.colcon_core.package_identification:_identify(src/tank_description) by extensions ['colcon_meta']
[0.281s] Level 1:colcon.colcon_core.package_identification:_identify(src/tank_description) by extension 'colcon_meta'
[0.281s] Level 1:colcon.colcon_core.package_identification:_identify(src/tank_description) by extensions ['ros']
[0.281s] Level 1:colcon.colcon_core.package_identification:_identify(src/tank_description) by extension 'ros'
[0.281s] DEBUG:colcon.colcon_core.package_identification:Package 'src/tank_description' with type 'ros.ament_cmake' and name 'tank_description'
[0.282s] Level 1:colcon.colcon_core.package_identification:_identify(src/tank_interfaces) by extensions ['ignore', 'ignore_ament_install']
[0.282s] Level 1:colcon.colcon_core.package_identification:_identify(src/tank_interfaces) by extension 'ignore'
[0.282s] Level 1:colcon.colcon_core.package_identification:_identify(src/tank_interfaces) by extension 'ignore_ament_install'
[0.282s] Level 1:colcon.colcon_core.package_identification:_identify(src/tank_interfaces) by extensions ['colcon_pkg']
[0.282s] Level 1:colcon.colcon_core.package_identification:_identify(src/tank_interfaces) by extension 'colcon_pkg'
[0.282s] Level 1:colcon.colcon_core.package_identification:_identify(src/tank_interfaces) by extensions ['colcon_meta']
[0.282s] Level 1:colcon.colcon_core.package_identification:_identify(src/tank_interfaces) by extension 'colcon_meta'
[0.282s] Level 1:colcon.colcon_core.package_identification:_identify(src/tank_interfaces) by extensions ['ros']
[0.282s] Level 1:colcon.colcon_core.package_identification:_identify(src/tank_interfaces) by extension 'ros'
[0.282s] DEBUG:colcon.colcon_core.package_identification:Package 'src/tank_interfaces' with type 'ros.ament_cmake' and name 'tank_interfaces'
[0.282s] Level 1:colcon.colcon_core.package_discovery:discover_packages(recursive) using defaults
[0.282s] Level 1:colcon.colcon_core.package_discovery:discover_packages(ignore) discover
[0.282s] Level 1:colcon.colcon_core.package_discovery:discover_packages(ignore) using defaults
[0.282s] Level 1:colcon.colcon_core.package_discovery:discover_packages(path) discover
[0.282s] Level 1:colcon.colcon_core.package_discovery:discover_packages(path) using defaults
[0.303s] Level 1:colcon.colcon_core.package_discovery:discover_packages(prefix_path) check parameters
[0.303s] Level 1:colcon.colcon_core.package_discovery:discover_packages(prefix_path) discover
[0.307s] DEBUG:colcon.colcon_installed_package_information.package_discovery:Found 3 installed packages in /home/eldry/dv_ws/install
[0.308s] DEBUG:colcon.colcon_installed_package_information.package_discovery:Found 374 installed packages in /opt/ros/jazzy
[0.310s] Level 1:colcon.colcon_core.package_discovery:discover_packages(prefix_path) using defaults
[0.366s] Level 5:colcon.colcon_core.verb:set package 'tank_description' build argument 'cmake_args' from command line to 'None'
[0.366s] Level 5:colcon.colcon_core.verb:set package 'tank_description' build argument 'cmake_target' from command line to 'None'
[0.366s] Level 5:colcon.colcon_core.verb:set package 'tank_description' build argument 'cmake_target_skip_unavailable' from command line to 'False'
[0.366s] Level 5:colcon.colcon_core.verb:set package 'tank_description' build argument 'cmake_clean_cache' from command line to 'False'
[0.366s] Level 5:colcon.colcon_core.verb:set package 'tank_description' build argument 'cmake_clean_first' from command line to 'False'
[0.366s] Level 5:colcon.colcon_core.verb:set package 'tank_description' build argument 'cmake_force_configure' from command line to 'False'
[0.366s] Level 5:colcon.colcon_core.verb:set package 'tank_description' build argument 'ament_cmake_args' from command line to 'None'
[0.366s] Level 5:colcon.colcon_core.verb:set package 'tank_description' build argument 'catkin_cmake_args' from command line to 'None'
[0.366s] Level 5:colcon.colcon_core.verb:set package 'tank_description' build argument 'catkin_skip_building_tests' from command line to 'False'
[0.366s] DEBUG:colcon.colcon_core.verb:Building package 'tank_description' with the following arguments: {'ament_cmake_args': None, 'build_base': '/home/eldry/dv_ws/build/tank_description', 'catkin_cmake_args': None, 'catkin_skip_building_tests': False, 'cmake_args': None, 'cmake_clean_cache': False, 'cmake_clean_first': False, 'cmake_force_configure': False, 'cmake_target': None, 'cmake_target_skip_unavailable': False, 'install_base': '/home/eldry/dv_ws/install/tank_description', 'merge_install': False, 'path': '/home/eldry/dv_ws/src/tank_description', 'symlink_install': False, 'test_result_base': None}
[0.367s] Level 5:colcon.colcon_core.verb:set package 'tank_interfaces' build argument 'cmake_args' from command line to 'None'
[0.367s] Level 5:colcon.colcon_core.verb:set package 'tank_interfaces' build argument 'cmake_target' from command line to 'None'
[0.367s] Level 5:colcon.colcon_core.verb:set package 'tank_interfaces' build argument 'cmake_target_skip_unavailable' from command line to 'False'
[0.367s] Level 5:colcon.colcon_core.verb:set package 'tank_interfaces' build argument 'cmake_clean_cache' from command line to 'False'
[0.367s] Level 5:colcon.colcon_core.verb:set package 'tank_interfaces' build argument 'cmake_clean_first' from command line to 'False'
[0.367s] Level 5:colcon.colcon_core.verb:set package 'tank_interfaces' build argument 'cmake_force_configure' from command line to 'False'
[0.367s] Level 5:colcon.colcon_core.verb:set package 'tank_interfaces' build argument 'ament_cmake_args' from command line to 'None'
[0.367s] Level 5:colcon.colcon_core.verb:set package 'tank_interfaces' build argument 'catkin_cmake_args' from command line to 'None'
[0.367s] Level 5:colcon.colcon_core.verb:set package 'tank_interfaces' build argument 'catkin_skip_building_tests' from command line to 'False'
[0.367s] DEBUG:colcon.colcon_core.verb:Building package 'tank_interfaces' with the following arguments: {'ament_cmake_args': None, 'build_base': '/home/eldry/dv_ws/build/tank_interfaces', 'catkin_cmake_args': None, 'catkin_skip_building_tests': False, 'cmake_args': None, 'cmake_clean_cache': False, 'cmake_clean_first': False, 'cmake_force_configure': False, 'cmake_target': None, 'cmake_target_skip_unavailable': False, 'install_base': '/home/eldry/dv_ws/install/tank_interfaces', 'merge_install': False, 'path': '/home/eldry/dv_ws/src/tank_interfaces', 'symlink_install': False, 'test_result_base': None}
[0.367s] Level 5:colcon.colcon_core.verb:set package 'tank_bringup' build argument 'cmake_args' from command line to 'None'
[0.367s] Level 5:colcon.colcon_core.verb:set package 'tank_bringup' build argument 'cmake_target' from command line to 'None'
[0.367s] Level 5:colcon.colcon_core.verb:set package 'tank_bringup' build argument 'cmake_target_skip_unavailable' from command line to 'False'
[0.367s] Level 5:colcon.colcon_core.verb:set package 'tank_bringup' build argument 'cmake_clean_cache' from command line to 'False'
[0.367s] Level 5:colcon.colcon_core.verb:set package 'tank_bringup' build argument 'cmake_clean_first' from command line to 'False'
[0.367s] Level 5:colcon.colcon_core.verb:set package 'tank_bringup' build argument 'cmake_force_configure' from command line to 'False'
[0.367s] Level 5:colcon.colcon_core.verb:set package 'tank_bringup' build argument 'ament_cmake_args' from command line to 'None'
[0.367s] Level 5:colcon.colcon_core.verb:set package 'tank_bringup' build argument 'catkin_cmake_args' from command line to 'None'
[0.367s] Level 5:colcon.colcon_core.verb:set package 'tank_bringup' build argument 'catkin_skip_building_tests' from command line to 'False'
[0.367s] DEBUG:colcon.colcon_core.verb:Building package 'tank_bringup' with the following arguments: {'ament_cmake_args': None, 'build_base': '/home/eldry/dv_ws/build/tank_bringup', 'catkin_cmake_args': None, 'catkin_skip_building_tests': False, 'cmake_args': None, 'cmake_clean_cache': False, 'cmake_clean_first': False, 'cmake_force_configure': False, 'cmake_target': None, 'cmake_target_skip_unavailable': False, 'install_base': '/home/eldry/dv_ws/install/tank_bringup', 'merge_install': False, 'path': '/home/eldry/dv_ws/src/tank_bringup', 'symlink_install': False, 'test_result_base': None}
[0.368s] INFO:colcon.colcon_core.executor:Executing jobs using 'parallel' executor
[0.368s] DEBUG:colcon.colcon_parallel_executor.executor.parallel:run_until_complete
[0.369s] INFO:colcon.colcon_ros.task.ament_cmake.build:Building ROS package in '/home/eldry/dv_ws/src/tank_description' with build type 'ament_cmake'
[0.369s] INFO:colcon.colcon_cmake.task.cmake.build:Building CMake package in '/home/eldry/dv_ws/src/tank_description'
[0.376s] INFO:colcon.colcon_core.plugin_system:Skipping extension 'colcon_core.shell.bat': Not used on non-Windows systems
[0.376s] INFO:colcon.colcon_core.shell:Skip shell extension 'powershell' for command environment: Not usable outside of PowerShell
[0.376s] DEBUG:colcon.colcon_core.shell:Skip shell extension 'dsv' for command environment
[0.380s] INFO:colcon.colcon_ros.task.ament_cmake.build:Building ROS package in '/home/eldry/dv_ws/src/tank_interfaces' with build type 'ament_cmake'
[0.380s] INFO:colcon.colcon_cmake.task.cmake.build:Building CMake package in '/home/eldry/dv_ws/src/tank_interfaces'
[0.380s] INFO:colcon.colcon_core.shell:Skip shell extension 'powershell' for command environment: Not usable outside of PowerShell
[0.380s] DEBUG:colcon.colcon_core.shell:Skip shell extension 'dsv' for command environment
[0.388s] DEBUG:colcon.colcon_core.event_handler.log_command:Invoking command in '/home/eldry/dv_ws/build/tank_description': CMAKE_PREFIX_PATH=${CMAKE_PREFIX_PATH}:/opt/ros/jazzy DEBUGINFOD_URLS=https://debuginfod.ubuntu.com /usr/bin/cmake --build /home/eldry/dv_ws/build/tank_description -- -j4 -l4
[0.393s] DEBUG:colcon.colcon_core.event_handler.log_command:Invoking command in '/home/eldry/dv_ws/build/tank_interfaces': CMAKE_PREFIX_PATH=${CMAKE_PREFIX_PATH}:/opt/ros/jazzy DEBUGINFOD_URLS=https://debuginfod.ubuntu.com /usr/bin/cmake --build /home/eldry/dv_ws/build/tank_interfaces -- -j4 -l4
[0.425s] DEBUG:colcon.colcon_core.event_handler.log_command:Invoked command in '/home/eldry/dv_ws/build/tank_description' returned '0': CMAKE_PREFIX_PATH=${CMAKE_PREFIX_PATH}:/opt/ros/jazzy DEBUGINFOD_URLS=https://debuginfod.ubuntu.com /usr/bin/cmake --build /home/eldry/dv_ws/build/tank_description -- -j4 -l4
[0.435s] DEBUG:colcon.colcon_core.event_handler.log_command:Invoking command in '/home/eldry/dv_ws/build/tank_description': CMAKE_PREFIX_PATH=${CMAKE_PREFIX_PATH}:/opt/ros/jazzy DEBUGINFOD_URLS=https://debuginfod.ubuntu.com /usr/bin/cmake --install /home/eldry/dv_ws/build/tank_description
[0.446s] Level 1:colcon.colcon_core.environment:create_environment_scripts_only(tank_description)
[0.450s] DEBUG:colcon.colcon_core.event_handler.log_command:Invoked command in '/home/eldry/dv_ws/build/tank_description' returned '0': CMAKE_PREFIX_PATH=${CMAKE_PREFIX_PATH}:/opt/ros/jazzy DEBUGINFOD_URLS=https://debuginfod.ubuntu.com /usr/bin/cmake --install /home/eldry/dv_ws/build/tank_description
[0.452s] Level 1:colcon.colcon_core.environment:checking '/home/eldry/dv_ws/install/tank_description' for CMake module files
[0.453s] Level 1:colcon.colcon_core.environment:checking '/home/eldry/dv_ws/install/tank_description' for CMake config files
[0.453s] Level 1:colcon.colcon_core.shell:create_environment_hook('tank_description', 'cmake_prefix_path')
[0.453s] INFO:colcon.colcon_core.shell:Creating environment hook '/home/eldry/dv_ws/install/tank_description/share/tank_description/hook/cmake_prefix_path.ps1'
[0.454s] INFO:colcon.colcon_core.shell:Creating environment descriptor '/home/eldry/dv_ws/install/tank_description/share/tank_description/hook/cmake_prefix_path.dsv'
[0.455s] INFO:colcon.colcon_core.shell:Creating environment hook '/home/eldry/dv_ws/install/tank_description/share/tank_description/hook/cmake_prefix_path.sh'
[0.456s] Level 1:colcon.colcon_core.environment:checking '/home/eldry/dv_ws/install/tank_description/bin'
[0.456s] Level 1:colcon.colcon_core.environment:checking '/home/eldry/dv_ws/install/tank_description/lib/pkgconfig/tank_description.pc'
[0.456s] Level 1:colcon.colcon_core.environment:checking '/home/eldry/dv_ws/install/tank_description/lib/python3.12/site-packages'
[0.456s] Level 1:colcon.colcon_core.environment:checking '/home/eldry/dv_ws/install/tank_description/bin'
[0.457s] INFO:colcon.colcon_core.shell:Creating package script '/home/eldry/dv_ws/install/tank_description/share/tank_description/package.ps1'
[0.457s] INFO:colcon.colcon_core.shell:Creating package descriptor '/home/eldry/dv_ws/install/tank_description/share/tank_description/package.dsv'
[0.458s] INFO:colcon.colcon_core.shell:Creating package script '/home/eldry/dv_ws/install/tank_description/share/tank_description/package.sh'
[0.459s] INFO:colcon.colcon_core.shell:Creating package script '/home/eldry/dv_ws/install/tank_description/share/tank_description/package.bash'
[0.459s] INFO:colcon.colcon_core.shell:Creating package script '/home/eldry/dv_ws/install/tank_description/share/tank_description/package.zsh'
[0.461s] Level 1:colcon.colcon_core.environment:create_file_with_runtime_dependencies(/home/eldry/dv_ws/install/tank_description/share/colcon-core/packages/tank_description)
[0.461s] Level 1:colcon.colcon_core.environment:create_environment_scripts_only(tank_description)
[0.461s] Level 1:colcon.colcon_core.environment:checking '/home/eldry/dv_ws/install/tank_description' for CMake module files
[0.462s] Level 1:colcon.colcon_core.environment:checking '/home/eldry/dv_ws/install/tank_description' for CMake config files
[0.462s] Level 1:colcon.colcon_core.shell:create_environment_hook('tank_description', 'cmake_prefix_path')
[0.462s] INFO:colcon.colcon_core.shell:Creating environment hook '/home/eldry/dv_ws/install/tank_description/share/tank_description/hook/cmake_prefix_path.ps1'
[0.463s] INFO:colcon.colcon_core.shell:Creating environment descriptor '/home/eldry/dv_ws/install/tank_description/share/tank_description/hook/cmake_prefix_path.dsv'
[0.463s] INFO:colcon.colcon_core.shell:Creating environment hook '/home/eldry/dv_ws/install/tank_description/share/tank_description/hook/cmake_prefix_path.sh'
[0.464s] Level 1:colcon.colcon_core.environment:checking '/home/eldry/dv_ws/install/tank_description/bin'
[0.464s] Level 1:colcon.colcon_core.environment:checking '/home/eldry/dv_ws/install/tank_description/lib/pkgconfig/tank_description.pc'
[0.465s] Level 1:colcon.colcon_core.environment:checking '/home/eldry/dv_ws/install/tank_description/lib/python3.12/site-packages'
[0.465s] Level 1:colcon.colcon_core.environment:checking '/home/eldry/dv_ws/install/tank_description/bin'
[0.465s] INFO:colcon.colcon_core.shell:Creating package script '/home/eldry/dv_ws/install/tank_description/share/tank_description/package.ps1'
[0.466s] INFO:colcon.colcon_core.shell:Creating package descriptor '/home/eldry/dv_ws/install/tank_description/share/tank_description/package.dsv'
[0.466s] INFO:colcon.colcon_core.shell:Creating package script '/home/eldry/dv_ws/install/tank_description/share/tank_description/package.sh'
[0.467s] INFO:colcon.colcon_core.shell:Creating package script '/home/eldry/dv_ws/install/tank_description/share/tank_description/package.bash'
[0.468s] INFO:colcon.colcon_core.shell:Creating package script '/home/eldry/dv_ws/install/tank_description/share/tank_description/package.zsh'
[0.468s] Level 1:colcon.colcon_core.environment:create_file_with_runtime_dependencies(/home/eldry/dv_ws/install/tank_description/share/colcon-core/packages/tank_description)
[0.468s] INFO:colcon.colcon_ros.task.ament_cmake.build:Building ROS package in '/home/eldry/dv_ws/src/tank_bringup' with build type 'ament_cmake'
[0.468s] INFO:colcon.colcon_cmake.task.cmake.build:Building CMake package in '/home/eldry/dv_ws/src/tank_bringup'
[0.469s] INFO:colcon.colcon_core.shell:Skip shell extension 'powershell' for command environment: Not usable outside of PowerShell
[0.469s] DEBUG:colcon.colcon_core.shell:Skip shell extension 'dsv' for command environment
[0.484s] DEBUG:colcon.colcon_core.event_handler.log_command:Invoking command in '/home/eldry/dv_ws/build/tank_bringup': CMAKE_PREFIX_PATH=${CMAKE_PREFIX_PATH}:/opt/ros/jazzy DEBUGINFOD_URLS=https://debuginfod.ubuntu.com /usr/bin/cmake --build /home/eldry/dv_ws/build/tank_bringup -- -j4 -l4
[0.531s] DEBUG:colcon.colcon_core.event_handler.log_command:Invoked command in '/home/eldry/dv_ws/build/tank_bringup' returned '0': CMAKE_PREFIX_PATH=${CMAKE_PREFIX_PATH}:/opt/ros/jazzy DEBUGINFOD_URLS=https://debuginfod.ubuntu.com /usr/bin/cmake --build /home/eldry/dv_ws/build/tank_bringup -- -j4 -l4
[0.532s] DEBUG:colcon.colcon_core.event_handler.log_command:Invoking command in '/home/eldry/dv_ws/build/tank_bringup': CMAKE_PREFIX_PATH=${CMAKE_PREFIX_PATH}:/opt/ros/jazzy DEBUGINFOD_URLS=https://debuginfod.ubuntu.com /usr/bin/cmake --install /home/eldry/dv_ws/build/tank_bringup
[0.543s] Level 1:colcon.colcon_core.environment:create_environment_scripts_only(tank_bringup)
[0.543s] Level 1:colcon.colcon_core.environment:checking '/home/eldry/dv_ws/install/tank_bringup' for CMake module files
[0.544s] Level 1:colcon.colcon_core.environment:checking '/home/eldry/dv_ws/install/tank_bringup' for CMake config files
[0.544s] DEBUG:colcon.colcon_core.event_handler.log_command:Invoked command in '/home/eldry/dv_ws/build/tank_bringup' returned '0': CMAKE_PREFIX_PATH=${CMAKE_PREFIX_PATH}:/opt/ros/jazzy DEBUGINFOD_URLS=https://debuginfod.ubuntu.com /usr/bin/cmake --install /home/eldry/dv_ws/build/tank_bringup
[0.544s] Level 1:colcon.colcon_core.shell:create_environment_hook('tank_bringup', 'cmake_prefix_path')
[0.545s] INFO:colcon.colcon_core.shell:Creating environment hook '/home/eldry/dv_ws/install/tank_bringup/share/tank_bringup/hook/cmake_prefix_path.ps1'
[0.545s] INFO:colcon.colcon_core.shell:Creating environment descriptor '/home/eldry/dv_ws/install/tank_bringup/share/tank_bringup/hook/cmake_prefix_path.dsv'
[0.545s] INFO:colcon.colcon_core.shell:Creating environment hook '/home/eldry/dv_ws/install/tank_bringup/share/tank_bringup/hook/cmake_prefix_path.sh'
[0.546s] Level 1:colcon.colcon_core.environment:checking '/home/eldry/dv_ws/install/tank_bringup/bin'
[0.546s] Level 1:colcon.colcon_core.environment:checking '/home/eldry/dv_ws/install/tank_bringup/lib/pkgconfig/tank_bringup.pc'
[0.546s] Level 1:colcon.colcon_core.environment:checking '/home/eldry/dv_ws/install/tank_bringup/lib/python3.12/site-packages'
[0.547s] Level 1:colcon.colcon_core.environment:checking '/home/eldry/dv_ws/install/tank_bringup/bin'
[0.547s] INFO:colcon.colcon_core.shell:Creating package script '/home/eldry/dv_ws/install/tank_bringup/share/tank_bringup/package.ps1'
[0.547s] INFO:colcon.colcon_core.shell:Creating package descriptor '/home/eldry/dv_ws/install/tank_bringup/share/tank_bringup/package.dsv'
[0.548s] INFO:colcon.colcon_core.shell:Creating package script '/home/eldry/dv_ws/install/tank_bringup/share/tank_bringup/package.sh'
[0.548s] INFO:colcon.colcon_core.shell:Creating package script '/home/eldry/dv_ws/install/tank_bringup/share/tank_bringup/package.bash'
[0.549s] INFO:colcon.colcon_core.shell:Creating package script '/home/eldry/dv_ws/install/tank_bringup/share/tank_bringup/package.zsh'
[0.549s] Level 1:colcon.colcon_core.environment:create_file_with_runtime_dependencies(/home/eldry/dv_ws/install/tank_bringup/share/colcon-core/packages/tank_bringup)
[0.549s] Level 1:colcon.colcon_core.environment:create_environment_scripts_only(tank_bringup)
[0.549s] Level 1:colcon.colcon_core.environment:checking '/home/eldry/dv_ws/install/tank_bringup' for CMake module files
[0.550s] Level 1:colcon.colcon_core.environment:checking '/home/eldry/dv_ws/install/tank_bringup' for CMake config files
[0.550s] Level 1:colcon.colcon_core.shell:create_environment_hook('tank_bringup', 'cmake_prefix_path')
[0.551s] INFO:colcon.colcon_core.shell:Creating environment hook '/home/eldry/dv_ws/install/tank_bringup/share/tank_bringup/hook/cmake_prefix_path.ps1'
[0.551s] INFO:colcon.colcon_core.shell:Creating environment descriptor '/home/eldry/dv_ws/install/tank_bringup/share/tank_bringup/hook/cmake_prefix_path.dsv'
[0.551s] INFO:colcon.colcon_core.shell:Creating environment hook '/home/eldry/dv_ws/install/tank_bringup/share/tank_bringup/hook/cmake_prefix_path.sh'
[0.552s] Level 1:colcon.colcon_core.environment:checking '/home/eldry/dv_ws/install/tank_bringup/bin'
[0.552s] Level 1:colcon.colcon_core.environment:checking '/home/eldry/dv_ws/install/tank_bringup/lib/pkgconfig/tank_bringup.pc'
[0.552s] Level 1:colcon.colcon_core.environment:checking '/home/eldry/dv_ws/install/tank_bringup/lib/python3.12/site-packages'
[0.553s] Level 1:colcon.colcon_core.environment:checking '/home/eldry/dv_ws/install/tank_bringup/bin'
[0.553s] INFO:colcon.colcon_core.shell:Creating package script '/home/eldry/dv_ws/install/tank_bringup/share/tank_bringup/package.ps1'
[0.553s] INFO:colcon.colcon_core.shell:Creating package descriptor '/home/eldry/dv_ws/install/tank_bringup/share/tank_bringup/package.dsv'
[0.554s] INFO:colcon.colcon_core.shell:Creating package script '/home/eldry/dv_ws/install/tank_bringup/share/tank_bringup/package.sh'
[0.554s] INFO:colcon.colcon_core.shell:Creating package script '/home/eldry/dv_ws/install/tank_bringup/share/tank_bringup/package.bash'
[0.555s] INFO:colcon.colcon_core.shell:Creating package script '/home/eldry/dv_ws/install/tank_bringup/share/tank_bringup/package.zsh'
[0.555s] Level 1:colcon.colcon_core.environment:create_file_with_runtime_dependencies(/home/eldry/dv_ws/install/tank_bringup/share/colcon-core/packages/tank_bringup)
[0.886s] DEBUG:colcon.colcon_core.event_handler.log_command:Invoked command in '/home/eldry/dv_ws/build/tank_interfaces' returned '0': CMAKE_PREFIX_PATH=${CMAKE_PREFIX_PATH}:/opt/ros/jazzy DEBUGINFOD_URLS=https://debuginfod.ubuntu.com /usr/bin/cmake --build /home/eldry/dv_ws/build/tank_interfaces -- -j4 -l4
[0.888s] DEBUG:colcon.colcon_core.event_handler.log_command:Invoking command in '/home/eldry/dv_ws/build/tank_interfaces': CMAKE_PREFIX_PATH=${CMAKE_PREFIX_PATH}:/opt/ros/jazzy DEBUGINFOD_URLS=https://debuginfod.ubuntu.com /usr/bin/cmake --install /home/eldry/dv_ws/build/tank_interfaces
[0.949s] Level 1:colcon.colcon_core.environment:create_environment_scripts_only(tank_interfaces)
[0.949s] Level 1:colcon.colcon_core.environment:checking '/home/eldry/dv_ws/install/tank_interfaces' for CMake module files
[0.951s] DEBUG:colcon.colcon_core.event_handler.log_command:Invoked command in '/home/eldry/dv_ws/build/tank_interfaces' returned '0': CMAKE_PREFIX_PATH=${CMAKE_PREFIX_PATH}:/opt/ros/jazzy DEBUGINFOD_URLS=https://debuginfod.ubuntu.com /usr/bin/cmake --install /home/eldry/dv_ws/build/tank_interfaces
[0.952s] Level 1:colcon.colcon_core.environment:checking '/home/eldry/dv_ws/install/tank_interfaces' for CMake config files
[0.953s] Level 1:colcon.colcon_core.shell:create_environment_hook('tank_interfaces', 'cmake_prefix_path')
[0.953s] INFO:colcon.colcon_core.shell:Creating environment hook '/home/eldry/dv_ws/install/tank_interfaces/share/tank_interfaces/hook/cmake_prefix_path.ps1'
[0.954s] INFO:colcon.colcon_core.shell:Creating environment descriptor '/home/eldry/dv_ws/install/tank_interfaces/share/tank_interfaces/hook/cmake_prefix_path.dsv'
[0.954s] INFO:colcon.colcon_core.shell:Creating environment hook '/home/eldry/dv_ws/install/tank_interfaces/share/tank_interfaces/hook/cmake_prefix_path.sh'
[0.956s] Level 1:colcon.colcon_core.environment:checking '/home/eldry/dv_ws/install/tank_interfaces/lib'
[0.956s] Level 1:colcon.colcon_core.shell:create_environment_hook('tank_interfaces', 'ld_library_path_lib')
[0.957s] INFO:colcon.colcon_core.shell:Creating environment hook '/home/eldry/dv_ws/install/tank_interfaces/share/tank_interfaces/hook/ld_library_path_lib.ps1'
[0.958s] INFO:colcon.colcon_core.shell:Creating environment descriptor '/home/eldry/dv_ws/install/tank_interfaces/share/tank_interfaces/hook/ld_library_path_lib.dsv'
[0.958s] INFO:colcon.colcon_core.shell:Creating environment hook '/home/eldry/dv_ws/install/tank_interfaces/share/tank_interfaces/hook/ld_library_path_lib.sh'
[0.959s] Level 1:colcon.colcon_core.environment:checking '/home/eldry/dv_ws/install/tank_interfaces/bin'
[0.960s] Level 1:colcon.colcon_core.environment:checking '/home/eldry/dv_ws/install/tank_interfaces/lib/pkgconfig/tank_interfaces.pc'
[0.960s] Level 1:colcon.colcon_core.environment:checking '/home/eldry/dv_ws/install/tank_interfaces/lib/python3.12/site-packages'
[0.961s] Level 1:colcon.colcon_core.shell:create_environment_hook('tank_interfaces', 'pythonpath')
[0.961s] INFO:colcon.colcon_core.shell:Creating environment hook '/home/eldry/dv_ws/install/tank_interfaces/share/tank_interfaces/hook/pythonpath.ps1'
[0.962s] INFO:colcon.colcon_core.shell:Creating environment descriptor '/home/eldry/dv_ws/install/tank_interfaces/share/tank_interfaces/hook/pythonpath.dsv'
[0.963s] INFO:colcon.colcon_core.shell:Creating environment hook '/home/eldry/dv_ws/install/tank_interfaces/share/tank_interfaces/hook/pythonpath.sh'
[0.965s] Level 1:colcon.colcon_core.environment:checking '/home/eldry/dv_ws/install/tank_interfaces/bin'
[0.965s] INFO:colcon.colcon_core.shell:Creating package script '/home/eldry/dv_ws/install/tank_interfaces/share/tank_interfaces/package.ps1'
[0.967s] INFO:colcon.colcon_core.shell:Creating package descriptor '/home/eldry/dv_ws/install/tank_interfaces/share/tank_interfaces/package.dsv'
[0.968s] INFO:colcon.colcon_core.shell:Creating package script '/home/eldry/dv_ws/install/tank_interfaces/share/tank_interfaces/package.sh'
[0.969s] INFO:colcon.colcon_core.shell:Creating package script '/home/eldry/dv_ws/install/tank_interfaces/share/tank_interfaces/package.bash'
[0.970s] INFO:colcon.colcon_core.shell:Creating package script '/home/eldry/dv_ws/install/tank_interfaces/share/tank_interfaces/package.zsh'
[0.971s] Level 1:colcon.colcon_core.environment:create_file_with_runtime_dependencies(/home/eldry/dv_ws/install/tank_interfaces/share/colcon-core/packages/tank_interfaces)
[0.973s] Level 1:colcon.colcon_core.environment:create_environment_scripts_only(tank_interfaces)
[0.973s] Level 1:colcon.colcon_core.environment:checking '/home/eldry/dv_ws/install/tank_interfaces' for CMake module files
[0.975s] Level 1:colcon.colcon_core.environment:checking '/home/eldry/dv_ws/install/tank_interfaces' for CMake config files
[0.976s] Level 1:colcon.colcon_core.shell:create_environment_hook('tank_interfaces', 'cmake_prefix_path')
[0.976s] INFO:colcon.colcon_core.shell:Creating environment hook '/home/eldry/dv_ws/install/tank_interfaces/share/tank_interfaces/hook/cmake_prefix_path.ps1'
[0.978s] INFO:colcon.colcon_core.shell:Creating environment descriptor '/home/eldry/dv_ws/install/tank_interfaces/share/tank_interfaces/hook/cmake_prefix_path.dsv'
[0.978s] INFO:colcon.colcon_core.shell:Creating environment hook '/home/eldry/dv_ws/install/tank_interfaces/share/tank_interfaces/hook/cmake_prefix_path.sh'
[0.980s] Level 1:colcon.colcon_core.environment:checking '/home/eldry/dv_ws/install/tank_interfaces/lib'
[0.980s] Level 1:colcon.colcon_core.shell:create_environment_hook('tank_interfaces', 'ld_library_path_lib')
[0.981s] INFO:colcon.colcon_core.shell:Creating environment hook '/home/eldry/dv_ws/install/tank_interfaces/share/tank_interfaces/hook/ld_library_path_lib.ps1'
[0.982s] INFO:colcon.colcon_core.shell:Creating environment descriptor '/home/eldry/dv_ws/install/tank_interfaces/share/tank_interfaces/hook/ld_library_path_lib.dsv'
[0.982s] INFO:colcon.colcon_core.shell:Creating environment hook '/home/eldry/dv_ws/install/tank_interfaces/share/tank_interfaces/hook/ld_library_path_lib.sh'
[0.983s] Level 1:colcon.colcon_core.environment:checking '/home/eldry/dv_ws/install/tank_interfaces/bin'
[0.984s] Level 1:colcon.colcon_core.environment:checking '/home/eldry/dv_ws/install/tank_interfaces/lib/pkgconfig/tank_interfaces.pc'
[0.984s] Level 1:colcon.colcon_core.environment:checking '/home/eldry/dv_ws/install/tank_interfaces/lib/python3.12/site-packages'
[0.985s] Level 1:colcon.colcon_core.shell:create_environment_hook('tank_interfaces', 'pythonpath')
[0.985s] INFO:colcon.colcon_core.shell:Creating environment hook '/home/eldry/dv_ws/install/tank_interfaces/share/tank_interfaces/hook/pythonpath.ps1'
[0.986s] INFO:colcon.colcon_core.shell:Creating environment descriptor '/home/eldry/dv_ws/install/tank_interfaces/share/tank_interfaces/hook/pythonpath.dsv'
[0.987s] INFO:colcon.colcon_core.shell:Creating environment hook '/home/eldry/dv_ws/install/tank_interfaces/share/tank_interfaces/hook/pythonpath.sh'
[0.989s] Level 1:colcon.colcon_core.environment:checking '/home/eldry/dv_ws/install/tank_interfaces/bin'
[0.990s] INFO:colcon.colcon_core.shell:Creating package script '/home/eldry/dv_ws/install/tank_interfaces/share/tank_interfaces/package.ps1'
[0.991s] INFO:colcon.colcon_core.shell:Creating package descriptor '/home/eldry/dv_ws/install/tank_interfaces/share/tank_interfaces/package.dsv'
[0.993s] INFO:colcon.colcon_core.shell:Creating package script '/home/eldry/dv_ws/install/tank_interfaces/share/tank_interfaces/package.sh'
[0.994s] INFO:colcon.colcon_core.shell:Creating package script '/home/eldry/dv_ws/install/tank_interfaces/share/tank_interfaces/package.bash'
[0.995s] INFO:colcon.colcon_core.shell:Creating package script '/home/eldry/dv_ws/install/tank_interfaces/share/tank_interfaces/package.zsh'
[0.996s] Level 1:colcon.colcon_core.environment:create_file_with_runtime_dependencies(/home/eldry/dv_ws/install/tank_interfaces/share/colcon-core/packages/tank_interfaces)
[0.996s] DEBUG:colcon.colcon_parallel_executor.executor.parallel:closing loop
[0.997s] DEBUG:colcon.colcon_parallel_executor.executor.parallel:loop closed
[0.997s] DEBUG:colcon.colcon_parallel_executor.executor.parallel:run_until_complete finished with '0'
[0.997s] DEBUG:colcon.colcon_core.event_reactor:joining thread
[1.016s] INFO:colcon.colcon_core.plugin_system:Skipping extension 'colcon_notification.desktop_notification.terminal_notifier': Not used on non-Darwin systems
[1.016s] INFO:colcon.colcon_core.plugin_system:Skipping extension 'colcon_notification.desktop_notification.win32': Not used on non-Windows systems
[1.016s] INFO:colcon.colcon_notification.desktop_notification:Sending desktop notification using 'notify2'
[1.032s] DEBUG:colcon.colcon_core.event_reactor:joined thread
[1.032s] INFO:colcon.colcon_core.shell:Creating prefix script '/home/eldry/dv_ws/install/local_setup.ps1'
[1.033s] INFO:colcon.colcon_core.shell:Creating prefix util module '/home/eldry/dv_ws/install/_local_setup_util_ps1.py'
[1.035s] INFO:colcon.colcon_core.shell:Creating prefix chain script '/home/eldry/dv_ws/install/setup.ps1'
[1.037s] INFO:colcon.colcon_core.shell:Creating prefix script '/home/eldry/dv_ws/install/local_setup.sh'
[1.038s] INFO:colcon.colcon_core.shell:Creating prefix util module '/home/eldry/dv_ws/install/_local_setup_util_sh.py'
[1.038s] INFO:colcon.colcon_core.shell:Creating prefix chain script '/home/eldry/dv_ws/install/setup.sh'
[1.039s] INFO:colcon.colcon_core.shell:Creating prefix script '/home/eldry/dv_ws/install/local_setup.bash'
[1.039s] INFO:colcon.colcon_core.shell:Creating prefix chain script '/home/eldry/dv_ws/install/setup.bash'
[1.040s] INFO:colcon.colcon_core.shell:Creating prefix script '/home/eldry/dv_ws/install/local_setup.zsh'
[1.041s] INFO:colcon.colcon_core.shell:Creating prefix chain script '/home/eldry/dv_ws/install/setup.zsh'
