[0.011s] Invoking command in '/home/eldry/dv_ws/build/tank_interfaces': CMAKE_PREFIX_PATH=${CMAKE_PREFIX_PATH}:/opt/ros/jazzy DEBUGINFOD_URLS=https://debuginfod.ubuntu.com /usr/bin/cmake /home/eldry/dv_ws/src/tank_interfaces -DCMAKE_INSTALL_PREFIX=/home/eldry/dv_ws/install/tank_interfaces
[0.219s] -- The C compiler identification is GNU 13.3.0
[0.373s] -- The CXX compiler identification is GNU 13.3.0
[0.402s] -- Detecting C compiler ABI info
[0.496s] -- Detecting C compiler ABI info - done
[0.506s] -- Check for working C compiler: /usr/bin/cc - skipped
[0.507s] -- Detecting C compile features
[0.507s] -- Detecting C compile features - done
[0.517s] -- Detecting CXX compiler ABI info
[0.612s] -- Detecting CXX compiler ABI info - done
[0.622s] -- Check for working CXX compiler: /usr/bin/c++ - skipped
[0.623s] -- Detecting CXX compile features
[0.623s] -- Detecting CXX compile features - done
[0.632s] -- Found ament_cmake: 2.5.4 (/opt/ros/jazzy/share/ament_cmake/cmake)
[0.809s] -- Found Python3: /usr/bin/python3 (found version "3.12.3") found components: Interpreter 
[0.972s] -- Found ament_lint_auto: 0.17.3 (/opt/ros/jazzy/share/ament_lint_auto/cmake)
[1.111s] -- Added test 'lint_cmake' to check CMake code style
[1.113s] -- Added test 'xmllint' to check XML markup files
[1.115s] -- Configuring done (1.1s)
[1.118s] -- Generating done (0.0s)
[1.120s] -- Build files have been written to: /home/eldry/dv_ws/build/tank_interfaces
[1.125s] Invoked command in '/home/eldry/dv_ws/build/tank_interfaces' returned '0': CMAKE_PREFIX_PATH=${CMAKE_PREFIX_PATH}:/opt/ros/jazzy DEBUGINFOD_URLS=https://debuginfod.ubuntu.com /usr/bin/cmake /home/eldry/dv_ws/src/tank_interfaces -DCMAKE_INSTALL_PREFIX=/home/eldry/dv_ws/install/tank_interfaces
[1.126s] Invoking command in '/home/eldry/dv_ws/build/tank_interfaces': CMAKE_PREFIX_PATH=${CMAKE_PREFIX_PATH}:/opt/ros/jazzy DEBUGINFOD_URLS=https://debuginfod.ubuntu.com /usr/bin/cmake --build /home/eldry/dv_ws/build/tank_interfaces -- -j4 -l4
[1.174s] Invoked command in '/home/eldry/dv_ws/build/tank_interfaces' returned '0': CMAKE_PREFIX_PATH=${CMAKE_PREFIX_PATH}:/opt/ros/jazzy DEBUGINFOD_URLS=https://debuginfod.ubuntu.com /usr/bin/cmake --build /home/eldry/dv_ws/build/tank_interfaces -- -j4 -l4
[1.184s] Invoking command in '/home/eldry/dv_ws/build/tank_interfaces': CMAKE_PREFIX_PATH=${CMAKE_PREFIX_PATH}:/opt/ros/jazzy DEBUGINFOD_URLS=https://debuginfod.ubuntu.com /usr/bin/cmake --install /home/eldry/dv_ws/build/tank_interfaces
[1.192s] -- Install configuration: ""
[1.192s] -- Installing: /home/eldry/dv_ws/install/tank_interfaces/share/ament_index/resource_index/package_run_dependencies/tank_interfaces
[1.193s] -- Installing: /home/eldry/dv_ws/install/tank_interfaces/share/ament_index/resource_index/parent_prefix_path/tank_interfaces
[1.193s] -- Installing: /home/eldry/dv_ws/install/tank_interfaces/share/tank_interfaces/environment/ament_prefix_path.sh
[1.193s] -- Installing: /home/eldry/dv_ws/install/tank_interfaces/share/tank_interfaces/environment/ament_prefix_path.dsv
[1.193s] -- Installing: /home/eldry/dv_ws/install/tank_interfaces/share/tank_interfaces/environment/path.sh
[1.193s] -- Installing: /home/eldry/dv_ws/install/tank_interfaces/share/tank_interfaces/environment/path.dsv
[1.193s] -- Installing: /home/eldry/dv_ws/install/tank_interfaces/share/tank_interfaces/local_setup.bash
[1.193s] -- Installing: /home/eldry/dv_ws/install/tank_interfaces/share/tank_interfaces/local_setup.sh
[1.193s] -- Installing: /home/eldry/dv_ws/install/tank_interfaces/share/tank_interfaces/local_setup.zsh
[1.193s] -- Installing: /home/eldry/dv_ws/install/tank_interfaces/share/tank_interfaces/local_setup.dsv
[1.194s] -- Installing: /home/eldry/dv_ws/install/tank_interfaces/share/tank_interfaces/package.dsv
[1.194s] -- Installing: /home/eldry/dv_ws/install/tank_interfaces/share/ament_index/resource_index/packages/tank_interfaces
[1.194s] -- Installing: /home/eldry/dv_ws/install/tank_interfaces/share/tank_interfaces/cmake/tank_interfacesConfig.cmake
[1.194s] -- Installing: /home/eldry/dv_ws/install/tank_interfaces/share/tank_interfaces/cmake/tank_interfacesConfig-version.cmake
[1.194s] -- Installing: /home/eldry/dv_ws/install/tank_interfaces/share/tank_interfaces/package.xml
[1.197s] Invoked command in '/home/eldry/dv_ws/build/tank_interfaces' returned '0': CMAKE_PREFIX_PATH=${CMAKE_PREFIX_PATH}:/opt/ros/jazzy DEBUGINFOD_URLS=https://debuginfod.ubuntu.com /usr/bin/cmake --install /home/eldry/dv_ws/build/tank_interfaces
