[0.018s] Invoking command in '/home/eldry/dv_ws/build/tank_description': CMAKE_PREFIX_PATH=${CMAKE_PREFIX_PATH}:/opt/ros/jazzy DEBUGINFOD_URLS=https://debuginfod.ubuntu.com /usr/bin/cmake --build /home/eldry/dv_ws/build/tank_description -- -j4 -l4
[0.051s] -- Found ament_cmake: 2.5.4 (/opt/ros/jazzy/share/ament_cmake/cmake)
[0.401s] -- Configuring done (0.4s)
[0.411s] -- Generating done (0.0s)
[0.416s] -- Build files have been written to: /home/eldry/dv_ws/build/tank_description
[0.447s] Invoked command in '/home/eldry/dv_ws/build/tank_description' returned '0': CMAKE_PREFIX_PATH=${CMAKE_PREFIX_PATH}:/opt/ros/jazzy DEBUGINFOD_URLS=https://debuginfod.ubuntu.com /usr/bin/cmake --build /home/eldry/dv_ws/build/tank_description -- -j4 -l4
[0.457s] Invoking command in '/home/eldry/dv_ws/build/tank_description': CMAKE_PREFIX_PATH=${CMAKE_PREFIX_PATH}:/opt/ros/jazzy DEBUGINFOD_URLS=https://debuginfod.ubuntu.com /usr/bin/cmake --install /home/eldry/dv_ws/build/tank_description
[0.464s] -- Install configuration: ""
[0.465s] -- Up-to-date: /home/eldry/dv_ws/install/tank_description/share/tank_description//urdf
[0.465s] -- Installing: /home/eldry/dv_ws/install/tank_description/share/tank_description//urdf/tank.urdf
[0.465s] -- Up-to-date: /home/eldry/dv_ws/install/tank_description/share/tank_description//rviz
[0.465s] -- Up-to-date: /home/eldry/dv_ws/install/tank_description/share/tank_description//rviz/urdf_config.rviz
[0.465s] -- Up-to-date: /home/eldry/dv_ws/install/tank_description/share/tank_description//meshes
[0.466s] -- Up-to-date: /home/eldry/dv_ws/install/tank_description/share/ament_index/resource_index/package_run_dependencies/tank_description
[0.466s] -- Installing: /home/eldry/dv_ws/install/tank_description/share/ament_index/resource_index/parent_prefix_path/tank_description
[0.466s] -- Up-to-date: /home/eldry/dv_ws/install/tank_description/share/tank_description/environment/ament_prefix_path.sh
[0.466s] -- Up-to-date: /home/eldry/dv_ws/install/tank_description/share/tank_description/environment/ament_prefix_path.dsv
[0.466s] -- Up-to-date: /home/eldry/dv_ws/install/tank_description/share/tank_description/environment/path.sh
[0.467s] -- Up-to-date: /home/eldry/dv_ws/install/tank_description/share/tank_description/environment/path.dsv
[0.467s] -- Up-to-date: /home/eldry/dv_ws/install/tank_description/share/tank_description/local_setup.bash
[0.467s] -- Up-to-date: /home/eldry/dv_ws/install/tank_description/share/tank_description/local_setup.sh
[0.468s] -- Up-to-date: /home/eldry/dv_ws/install/tank_description/share/tank_description/local_setup.zsh
[0.468s] -- Up-to-date: /home/eldry/dv_ws/install/tank_description/share/tank_description/local_setup.dsv
[0.468s] -- Installing: /home/eldry/dv_ws/install/tank_description/share/tank_description/package.dsv
[0.468s] -- Up-to-date: /home/eldry/dv_ws/install/tank_description/share/ament_index/resource_index/packages/tank_description
[0.468s] -- Up-to-date: /home/eldry/dv_ws/install/tank_description/share/tank_description/cmake/tank_descriptionConfig.cmake
[0.468s] -- Up-to-date: /home/eldry/dv_ws/install/tank_description/share/tank_description/cmake/tank_descriptionConfig-version.cmake
[0.468s] -- Installing: /home/eldry/dv_ws/install/tank_description/share/tank_description/package.xml
[0.468s] Invoked command in '/home/eldry/dv_ws/build/tank_description' returned '0': CMAKE_PREFIX_PATH=${CMAKE_PREFIX_PATH}:/opt/ros/jazzy DEBUGINFOD_URLS=https://debuginfod.ubuntu.com /usr/bin/cmake --install /home/eldry/dv_ws/build/tank_description
