[0.017s] Invoking command in '/home/eldry/dv_ws/build/tank_bringup': CMAKE_PREFIX_PATH=${CMAKE_PREFIX_PATH}:/opt/ros/jazzy DEBUGINFOD_URLS=https://debuginfod.ubuntu.com /usr/bin/cmake --build /home/eldry/dv_ws/build/tank_bringup -- -j4 -l4
[0.041s] -- Found ament_cmake: 2.5.4 (/opt/ros/jazzy/share/ament_cmake/cmake)
[0.402s] -- Configuring done (0.4s)
[0.408s] -- Generating done (0.0s)
[0.412s] -- Build files have been written to: /home/eldry/dv_ws/build/tank_bringup
[0.448s] Invoked command in '/home/eldry/dv_ws/build/tank_bringup' returned '0': CMAKE_PREFIX_PATH=${CMAKE_PREFIX_PATH}:/opt/ros/jazzy DEBUGINFOD_URLS=https://debuginfod.ubuntu.com /usr/bin/cmake --build /home/eldry/dv_ws/build/tank_bringup -- -j4 -l4
[0.466s] Invoking command in '/home/eldry/dv_ws/build/tank_bringup': CMAKE_PREFIX_PATH=${CMAKE_PREFIX_PATH}:/opt/ros/jazzy DEBUGINFOD_URLS=https://debuginfod.ubuntu.com /usr/bin/cmake --install /home/eldry/dv_ws/build/tank_bringup
[0.479s] -- Install configuration: ""
[0.480s] -- Installing: /home/eldry/dv_ws/install/tank_bringup/share/tank_bringup//launch
[0.481s] -- Installing: /home/eldry/dv_ws/install/tank_bringup/share/tank_bringup//launch/main_app.launch.xml
[0.481s] -- Installing: /home/eldry/dv_ws/install/tank_bringup/share/tank_bringup//config
[0.481s] -- Installing: /home/eldry/dv_ws/install/tank_bringup/share/tank_bringup//config/parameter.yaml
[0.481s] -- Up-to-date: /home/eldry/dv_ws/install/tank_bringup/share/ament_index/resource_index/package_run_dependencies/tank_bringup
[0.482s] -- Up-to-date: /home/eldry/dv_ws/install/tank_bringup/share/ament_index/resource_index/parent_prefix_path/tank_bringup
[0.482s] -- Up-to-date: /home/eldry/dv_ws/install/tank_bringup/share/tank_bringup/environment/ament_prefix_path.sh
[0.482s] -- Up-to-date: /home/eldry/dv_ws/install/tank_bringup/share/tank_bringup/environment/ament_prefix_path.dsv
[0.482s] -- Up-to-date: /home/eldry/dv_ws/install/tank_bringup/share/tank_bringup/environment/path.sh
[0.483s] -- Up-to-date: /home/eldry/dv_ws/install/tank_bringup/share/tank_bringup/environment/path.dsv
[0.483s] -- Up-to-date: /home/eldry/dv_ws/install/tank_bringup/share/tank_bringup/local_setup.bash
[0.483s] -- Up-to-date: /home/eldry/dv_ws/install/tank_bringup/share/tank_bringup/local_setup.sh
[0.483s] -- Up-to-date: /home/eldry/dv_ws/install/tank_bringup/share/tank_bringup/local_setup.zsh
[0.483s] -- Up-to-date: /home/eldry/dv_ws/install/tank_bringup/share/tank_bringup/local_setup.dsv
[0.484s] -- Up-to-date: /home/eldry/dv_ws/install/tank_bringup/share/tank_bringup/package.dsv
[0.484s] -- Up-to-date: /home/eldry/dv_ws/install/tank_bringup/share/ament_index/resource_index/packages/tank_bringup
[0.485s] -- Up-to-date: /home/eldry/dv_ws/install/tank_bringup/share/tank_bringup/cmake/tank_bringupConfig.cmake
[0.485s] -- Up-to-date: /home/eldry/dv_ws/install/tank_bringup/share/tank_bringup/cmake/tank_bringupConfig-version.cmake
[0.485s] -- Up-to-date: /home/eldry/dv_ws/install/tank_bringup/share/tank_bringup/package.xml
