[0.202s] DEBUG:colcon:Command line arguments: ['/usr/bin/colcon', 'build']
[0.202s] DEBUG:colcon:Parsed command line arguments: Namespace(log_base=None, log_level=None, verb_name='build', build_base='build', install_base='install', merge_install=False, symlink_install=False, test_result_base=None, continue_on_error=False, executor='parallel', parallel_workers=4, event_handlers=None, ignore_user_meta=False, metas=['./colcon.meta'], base_paths=['.'], packages_ignore=None, packages_ignore_regex=None, paths=None, packages_up_to=None, packages_up_to_regex=None, packages_above=None, packages_above_and_dependencies=None, packages_above_depth=None, packages_select_by_dep=None, packages_skip_by_dep=None, packages_skip_up_to=None, packages_select_build_failed=False, packages_skip_build_finished=False, packages_select_test_failures=False, packages_skip_test_passed=False, packages_select=None, packages_skip=None, packages_select_regex=None, packages_skip_regex=None, packages_start=None, packages_end=None, allow_overriding=[], cmake_args=None, cmake_target=None, cmake_target_skip_unavailable=False, cmake_clean_cache=False, cmake_clean_first=False, cmake_force_configure=False, ament_cmake_args=None, catkin_cmake_args=None, catkin_skip_building_tests=False, mixin_files=None, mixin=None, verb_parser=<colcon_mixin.mixin.mixin_argument.MixinArgumentDecorator object at 0x77d0e8da0860>, verb_extension=<colcon_core.verb.build.BuildVerb object at 0x77d0e8d49ca0>, main=<bound method BuildVerb.main of <colcon_core.verb.build.BuildVerb object at 0x77d0e8d49ca0>>, mixin_verb=('build',))
[0.245s] Level 1:colcon.colcon_core.package_discovery:discover_packages(colcon_meta) check parameters
[0.245s] Level 1:colcon.colcon_core.package_discovery:discover_packages(recursive) check parameters
[0.245s] Level 1:colcon.colcon_core.package_discovery:discover_packages(ignore) check parameters
[0.245s] Level 1:colcon.colcon_core.package_discovery:discover_packages(path) check parameters
[0.245s] Level 1:colcon.colcon_core.package_discovery:discover_packages(colcon_meta) discover
[0.245s] Level 1:colcon.colcon_core.package_discovery:discover_packages(recursive) discover
[0.245s] INFO:colcon.colcon_core.package_discovery:Crawling recursively for packages in '/home/eldry/dv_ws'
[0.245s] Level 1:colcon.colcon_core.package_identification:_identify(.) by extensions ['ignore', 'ignore_ament_install']
[0.245s] Level 1:colcon.colcon_core.package_identification:_identify(.) by extension 'ignore'
[0.245s] Level 1:colcon.colcon_core.package_identification:_identify(.) by extension 'ignore_ament_install'
[0.245s] Level 1:colcon.colcon_core.package_identification:_identify(.) by extensions ['colcon_pkg']
[0.246s] Level 1:colcon.colcon_core.package_identification:_identify(.) by extension 'colcon_pkg'
[0.246s] Level 1:colcon.colcon_core.package_identification:_identify(.) by extensions ['colcon_meta']
[0.246s] Level 1:colcon.colcon_core.package_identification:_identify(.) by extension 'colcon_meta'
[0.246s] Level 1:colcon.colcon_core.package_identification:_identify(.) by extensions ['ros']
[0.246s] Level 1:colcon.colcon_core.package_identification:_identify(.) by extension 'ros'
[0.277s] Level 1:colcon.colcon_core.package_identification:_identify(.) by extensions ['cmake', 'python']
[0.277s] Level 1:colcon.colcon_core.package_identification:_identify(.) by extension 'cmake'
[0.277s] Level 1:colcon.colcon_core.package_identification:_identify(.) by extension 'python'
[0.277s] Level 1:colcon.colcon_core.package_identification:_identify(.) by extensions ['python_setup_py']
[0.277s] Level 1:colcon.colcon_core.package_identification:_identify(.) by extension 'python_setup_py'
[0.277s] Level 1:colcon.colcon_core.package_identification:_identify(build) by extensions ['ignore', 'ignore_ament_install']
[0.277s] Level 1:colcon.colcon_core.package_identification:_identify(build) by extension 'ignore'
[0.277s] Level 1:colcon.colcon_core.package_identification:_identify(build) ignored
[0.278s] Level 1:colcon.colcon_core.package_identification:_identify(install) by extensions ['ignore', 'ignore_ament_install']
[0.278s] Level 1:colcon.colcon_core.package_identification:_identify(install) by extension 'ignore'
[0.278s] Level 1:colcon.colcon_core.package_identification:_identify(install) ignored
[0.278s] Level 1:colcon.colcon_core.package_identification:_identify(log) by extensions ['ignore', 'ignore_ament_install']
[0.278s] Level 1:colcon.colcon_core.package_identification:_identify(log) by extension 'ignore'
[0.278s] Level 1:colcon.colcon_core.package_identification:_identify(log) ignored
[0.278s] Level 1:colcon.colcon_core.package_identification:_identify(src) by extensions ['ignore', 'ignore_ament_install']
[0.278s] Level 1:colcon.colcon_core.package_identification:_identify(src) by extension 'ignore'
[0.278s] Level 1:colcon.colcon_core.package_identification:_identify(src) by extension 'ignore_ament_install'
[0.278s] Level 1:colcon.colcon_core.package_identification:_identify(src) by extensions ['colcon_pkg']
[0.278s] Level 1:colcon.colcon_core.package_identification:_identify(src) by extension 'colcon_pkg'
[0.278s] Level 1:colcon.colcon_core.package_identification:_identify(src) by extensions ['colcon_meta']
[0.278s] Level 1:colcon.colcon_core.package_identification:_identify(src) by extension 'colcon_meta'
[0.278s] Level 1:colcon.colcon_core.package_identification:_identify(src) by extensions ['ros']
[0.278s] Level 1:colcon.colcon_core.package_identification:_identify(src) by extension 'ros'
[0.278s] Level 1:colcon.colcon_core.package_identification:_identify(src) by extensions ['cmake', 'python']
[0.278s] Level 1:colcon.colcon_core.package_identification:_identify(src) by extension 'cmake'
[0.278s] Level 1:colcon.colcon_core.package_identification:_identify(src) by extension 'python'
[0.279s] Level 1:colcon.colcon_core.package_identification:_identify(src) by extensions ['python_setup_py']
[0.279s] Level 1:colcon.colcon_core.package_identification:_identify(src) by extension 'python_setup_py'
[0.279s] Level 1:colcon.colcon_core.package_identification:_identify(src/tank_bringup) by extensions ['ignore', 'ignore_ament_install']
[0.279s] Level 1:colcon.colcon_core.package_identification:_identify(src/tank_bringup) by extension 'ignore'
[0.279s] Level 1:colcon.colcon_core.package_identification:_identify(src/tank_bringup) by extension 'ignore_ament_install'
[0.279s] Level 1:colcon.colcon_core.package_identification:_identify(src/tank_bringup) by extensions ['colcon_pkg']
[0.279s] Level 1:colcon.colcon_core.package_identification:_identify(src/tank_bringup) by extension 'colcon_pkg'
[0.279s] Level 1:colcon.colcon_core.package_identification:_identify(src/tank_bringup) by extensions ['colcon_meta']
[0.279s] Level 1:colcon.colcon_core.package_identification:_identify(src/tank_bringup) by extension 'colcon_meta'
[0.279s] Level 1:colcon.colcon_core.package_identification:_identify(src/tank_bringup) by extensions ['ros']
[0.279s] Level 1:colcon.colcon_core.package_identification:_identify(src/tank_bringup) by extension 'ros'
[0.282s] DEBUG:colcon.colcon_core.package_identification:Package 'src/tank_bringup' with type 'ros.ament_cmake' and name 'tank_bringup'
[0.282s] Level 1:colcon.colcon_core.package_identification:_identify(src/tank_description) by extensions ['ignore', 'ignore_ament_install']
[0.282s] Level 1:colcon.colcon_core.package_identification:_identify(src/tank_description) by extension 'ignore'
[0.282s] Level 1:colcon.colcon_core.package_identification:_identify(src/tank_description) by extension 'ignore_ament_install'
[0.282s] Level 1:colcon.colcon_core.package_identification:_identify(src/tank_description) by extensions ['colcon_pkg']
[0.282s] Level 1:colcon.colcon_core.package_identification:_identify(src/tank_description) by extension 'colcon_pkg'
[0.282s] Level 1:colcon.colcon_core.package_identification:_identify(src/tank_description) by extensions ['colcon_meta']
[0.282s] Level 1:colcon.colcon_core.package_identification:_identify(src/tank_description) by extension 'colcon_meta'
[0.282s] Level 1:colcon.colcon_core.package_identification:_identify(src/tank_description) by extensions ['ros']
[0.282s] Level 1:colcon.colcon_core.package_identification:_identify(src/tank_description) by extension 'ros'
[0.283s] DEBUG:colcon.colcon_core.package_identification:Package 'src/tank_description' with type 'ros.ament_cmake' and name 'tank_description'
[0.283s] Level 1:colcon.colcon_core.package_identification:_identify(src/tank_interfaces) by extensions ['ignore', 'ignore_ament_install']
[0.283s] Level 1:colcon.colcon_core.package_identification:_identify(src/tank_interfaces) by extension 'ignore'
[0.283s] Level 1:colcon.colcon_core.package_identification:_identify(src/tank_interfaces) by extension 'ignore_ament_install'
[0.283s] Level 1:colcon.colcon_core.package_identification:_identify(src/tank_interfaces) by extensions ['colcon_pkg']
[0.283s] Level 1:colcon.colcon_core.package_identification:_identify(src/tank_interfaces) by extension 'colcon_pkg'
[0.283s] Level 1:colcon.colcon_core.package_identification:_identify(src/tank_interfaces) by extensions ['colcon_meta']
[0.283s] Level 1:colcon.colcon_core.package_identification:_identify(src/tank_interfaces) by extension 'colcon_meta'
[0.283s] Level 1:colcon.colcon_core.package_identification:_identify(src/tank_interfaces) by extensions ['ros']
[0.283s] Level 1:colcon.colcon_core.package_identification:_identify(src/tank_interfaces) by extension 'ros'
[0.284s] DEBUG:colcon.colcon_core.package_identification:Package 'src/tank_interfaces' with type 'ros.ament_cmake' and name 'tank_interfaces'
[0.284s] Level 1:colcon.colcon_core.package_discovery:discover_packages(recursive) using defaults
[0.284s] Level 1:colcon.colcon_core.package_discovery:discover_packages(ignore) discover
[0.284s] Level 1:colcon.colcon_core.package_discovery:discover_packages(ignore) using defaults
[0.284s] Level 1:colcon.colcon_core.package_discovery:discover_packages(path) discover
[0.284s] Level 1:colcon.colcon_core.package_discovery:discover_packages(path) using defaults
[0.305s] Level 1:colcon.colcon_core.package_discovery:discover_packages(prefix_path) check parameters
[0.305s] Level 1:colcon.colcon_core.package_discovery:discover_packages(prefix_path) discover
[0.308s] DEBUG:colcon.colcon_installed_package_information.package_discovery:Found 3 installed packages in /home/eldry/dv_ws/install
[0.310s] DEBUG:colcon.colcon_installed_package_information.package_discovery:Found 374 installed packages in /opt/ros/jazzy
[0.311s] Level 1:colcon.colcon_core.package_discovery:discover_packages(prefix_path) using defaults
[0.368s] Level 5:colcon.colcon_core.verb:set package 'tank_description' build argument 'cmake_args' from command line to 'None'
[0.368s] Level 5:colcon.colcon_core.verb:set package 'tank_description' build argument 'cmake_target' from command line to 'None'
[0.368s] Level 5:colcon.colcon_core.verb:set package 'tank_description' build argument 'cmake_target_skip_unavailable' from command line to 'False'
[0.368s] Level 5:colcon.colcon_core.verb:set package 'tank_description' build argument 'cmake_clean_cache' from command line to 'False'
[0.368s] Level 5:colcon.colcon_core.verb:set package 'tank_description' build argument 'cmake_clean_first' from command line to 'False'
[0.368s] Level 5:colcon.colcon_core.verb:set package 'tank_description' build argument 'cmake_force_configure' from command line to 'False'
[0.369s] Level 5:colcon.colcon_core.verb:set package 'tank_description' build argument 'ament_cmake_args' from command line to 'None'
[0.369s] Level 5:colcon.colcon_core.verb:set package 'tank_description' build argument 'catkin_cmake_args' from command line to 'None'
[0.369s] Level 5:colcon.colcon_core.verb:set package 'tank_description' build argument 'catkin_skip_building_tests' from command line to 'False'
[0.369s] DEBUG:colcon.colcon_core.verb:Building package 'tank_description' with the following arguments: {'ament_cmake_args': None, 'build_base': '/home/eldry/dv_ws/build/tank_description', 'catkin_cmake_args': None, 'catkin_skip_building_tests': False, 'cmake_args': None, 'cmake_clean_cache': False, 'cmake_clean_first': False, 'cmake_force_configure': False, 'cmake_target': None, 'cmake_target_skip_unavailable': False, 'install_base': '/home/eldry/dv_ws/install/tank_description', 'merge_install': False, 'path': '/home/eldry/dv_ws/src/tank_description', 'symlink_install': False, 'test_result_base': None}
[0.369s] Level 5:colcon.colcon_core.verb:set package 'tank_interfaces' build argument 'cmake_args' from command line to 'None'
[0.369s] Level 5:colcon.colcon_core.verb:set package 'tank_interfaces' build argument 'cmake_target' from command line to 'None'
[0.369s] Level 5:colcon.colcon_core.verb:set package 'tank_interfaces' build argument 'cmake_target_skip_unavailable' from command line to 'False'
[0.369s] Level 5:colcon.colcon_core.verb:set package 'tank_interfaces' build argument 'cmake_clean_cache' from command line to 'False'
[0.369s] Level 5:colcon.colcon_core.verb:set package 'tank_interfaces' build argument 'cmake_clean_first' from command line to 'False'
[0.369s] Level 5:colcon.colcon_core.verb:set package 'tank_interfaces' build argument 'cmake_force_configure' from command line to 'False'
[0.369s] Level 5:colcon.colcon_core.verb:set package 'tank_interfaces' build argument 'ament_cmake_args' from command line to 'None'
[0.369s] Level 5:colcon.colcon_core.verb:set package 'tank_interfaces' build argument 'catkin_cmake_args' from command line to 'None'
[0.369s] Level 5:colcon.colcon_core.verb:set package 'tank_interfaces' build argument 'catkin_skip_building_tests' from command line to 'False'
[0.369s] DEBUG:colcon.colcon_core.verb:Building package 'tank_interfaces' with the following arguments: {'ament_cmake_args': None, 'build_base': '/home/eldry/dv_ws/build/tank_interfaces', 'catkin_cmake_args': None, 'catkin_skip_building_tests': False, 'cmake_args': None, 'cmake_clean_cache': False, 'cmake_clean_first': False, 'cmake_force_configure': False, 'cmake_target': None, 'cmake_target_skip_unavailable': False, 'install_base': '/home/eldry/dv_ws/install/tank_interfaces', 'merge_install': False, 'path': '/home/eldry/dv_ws/src/tank_interfaces', 'symlink_install': False, 'test_result_base': None}
[0.369s] Level 5:colcon.colcon_core.verb:set package 'tank_bringup' build argument 'cmake_args' from command line to 'None'
[0.369s] Level 5:colcon.colcon_core.verb:set package 'tank_bringup' build argument 'cmake_target' from command line to 'None'
[0.369s] Level 5:colcon.colcon_core.verb:set package 'tank_bringup' build argument 'cmake_target_skip_unavailable' from command line to 'False'
[0.369s] Level 5:colcon.colcon_core.verb:set package 'tank_bringup' build argument 'cmake_clean_cache' from command line to 'False'
[0.369s] Level 5:colcon.colcon_core.verb:set package 'tank_bringup' build argument 'cmake_clean_first' from command line to 'False'
[0.370s] Level 5:colcon.colcon_core.verb:set package 'tank_bringup' build argument 'cmake_force_configure' from command line to 'False'
[0.370s] Level 5:colcon.colcon_core.verb:set package 'tank_bringup' build argument 'ament_cmake_args' from command line to 'None'
[0.370s] Level 5:colcon.colcon_core.verb:set package 'tank_bringup' build argument 'catkin_cmake_args' from command line to 'None'
[0.370s] Level 5:colcon.colcon_core.verb:set package 'tank_bringup' build argument 'catkin_skip_building_tests' from command line to 'False'
[0.370s] DEBUG:colcon.colcon_core.verb:Building package 'tank_bringup' with the following arguments: {'ament_cmake_args': None, 'build_base': '/home/eldry/dv_ws/build/tank_bringup', 'catkin_cmake_args': None, 'catkin_skip_building_tests': False, 'cmake_args': None, 'cmake_clean_cache': False, 'cmake_clean_first': False, 'cmake_force_configure': False, 'cmake_target': None, 'cmake_target_skip_unavailable': False, 'install_base': '/home/eldry/dv_ws/install/tank_bringup', 'merge_install': False, 'path': '/home/eldry/dv_ws/src/tank_bringup', 'symlink_install': False, 'test_result_base': None}
[0.370s] INFO:colcon.colcon_core.executor:Executing jobs using 'parallel' executor
[0.371s] DEBUG:colcon.colcon_parallel_executor.executor.parallel:run_until_complete
[0.371s] INFO:colcon.colcon_ros.task.ament_cmake.build:Building ROS package in '/home/eldry/dv_ws/src/tank_description' with build type 'ament_cmake'
[0.371s] INFO:colcon.colcon_cmake.task.cmake.build:Building CMake package in '/home/eldry/dv_ws/src/tank_description'
[0.378s] INFO:colcon.colcon_core.plugin_system:Skipping extension 'colcon_core.shell.bat': Not used on non-Windows systems
[0.378s] INFO:colcon.colcon_core.shell:Skip shell extension 'powershell' for command environment: Not usable outside of PowerShell
[0.378s] DEBUG:colcon.colcon_core.shell:Skip shell extension 'dsv' for command environment
[0.382s] INFO:colcon.colcon_ros.task.ament_cmake.build:Building ROS package in '/home/eldry/dv_ws/src/tank_interfaces' with build type 'ament_cmake'
[0.382s] INFO:colcon.colcon_cmake.task.cmake.build:Building CMake package in '/home/eldry/dv_ws/src/tank_interfaces'
[0.382s] INFO:colcon.colcon_core.shell:Skip shell extension 'powershell' for command environment: Not usable outside of PowerShell
[0.382s] DEBUG:colcon.colcon_core.shell:Skip shell extension 'dsv' for command environment
[0.394s] DEBUG:colcon.colcon_core.event_handler.log_command:Invoking command in '/home/eldry/dv_ws/build/tank_description': CMAKE_PREFIX_PATH=${CMAKE_PREFIX_PATH}:/opt/ros/jazzy DEBUGINFOD_URLS=https://debuginfod.ubuntu.com /usr/bin/cmake --build /home/eldry/dv_ws/build/tank_description -- -j4 -l4
[0.396s] DEBUG:colcon.colcon_core.event_handler.log_command:Invoking command in '/home/eldry/dv_ws/build/tank_interfaces': CMAKE_PREFIX_PATH=${CMAKE_PREFIX_PATH}:/opt/ros/jazzy DEBUGINFOD_URLS=https://debuginfod.ubuntu.com /usr/bin/cmake --build /home/eldry/dv_ws/build/tank_interfaces -- -j4 -l4
[0.436s] DEBUG:colcon.colcon_core.event_handler.log_command:Invoked command in '/home/eldry/dv_ws/build/tank_description' returned '0': CMAKE_PREFIX_PATH=${CMAKE_PREFIX_PATH}:/opt/ros/jazzy DEBUGINFOD_URLS=https://debuginfod.ubuntu.com /usr/bin/cmake --build /home/eldry/dv_ws/build/tank_description -- -j4 -l4
[0.446s] DEBUG:colcon.colcon_core.event_handler.log_command:Invoking command in '/home/eldry/dv_ws/build/tank_description': CMAKE_PREFIX_PATH=${CMAKE_PREFIX_PATH}:/opt/ros/jazzy DEBUGINFOD_URLS=https://debuginfod.ubuntu.com /usr/bin/cmake --install /home/eldry/dv_ws/build/tank_description
[0.459s] Level 1:colcon.colcon_core.environment:create_environment_scripts_only(tank_description)
[0.461s] DEBUG:colcon.colcon_core.event_handler.log_command:Invoked command in '/home/eldry/dv_ws/build/tank_description' returned '0': CMAKE_PREFIX_PATH=${CMAKE_PREFIX_PATH}:/opt/ros/jazzy DEBUGINFOD_URLS=https://debuginfod.ubuntu.com /usr/bin/cmake --install /home/eldry/dv_ws/build/tank_description
[0.465s] Level 1:colcon.colcon_core.environment:checking '/home/eldry/dv_ws/install/tank_description' for CMake module files
[0.466s] Level 1:colcon.colcon_core.environment:checking '/home/eldry/dv_ws/install/tank_description' for CMake config files
[0.466s] Level 1:colcon.colcon_core.shell:create_environment_hook('tank_description', 'cmake_prefix_path')
[0.467s] INFO:colcon.colcon_core.shell:Creating environment hook '/home/eldry/dv_ws/install/tank_description/share/tank_description/hook/cmake_prefix_path.ps1'
[0.467s] INFO:colcon.colcon_core.shell:Creating environment descriptor '/home/eldry/dv_ws/install/tank_description/share/tank_description/hook/cmake_prefix_path.dsv'
[0.468s] INFO:colcon.colcon_core.shell:Creating environment hook '/home/eldry/dv_ws/install/tank_description/share/tank_description/hook/cmake_prefix_path.sh'
[0.469s] Level 1:colcon.colcon_core.environment:checking '/home/eldry/dv_ws/install/tank_description/bin'
[0.470s] Level 1:colcon.colcon_core.environment:checking '/home/eldry/dv_ws/install/tank_description/lib/pkgconfig/tank_description.pc'
[0.470s] Level 1:colcon.colcon_core.environment:checking '/home/eldry/dv_ws/install/tank_description/lib/python3.12/site-packages'
[0.470s] Level 1:colcon.colcon_core.environment:checking '/home/eldry/dv_ws/install/tank_description/bin'
[0.470s] INFO:colcon.colcon_core.shell:Creating package script '/home/eldry/dv_ws/install/tank_description/share/tank_description/package.ps1'
[0.473s] INFO:colcon.colcon_core.shell:Creating package descriptor '/home/eldry/dv_ws/install/tank_description/share/tank_description/package.dsv'
[0.474s] INFO:colcon.colcon_core.shell:Creating package script '/home/eldry/dv_ws/install/tank_description/share/tank_description/package.sh'
[0.475s] INFO:colcon.colcon_core.shell:Creating package script '/home/eldry/dv_ws/install/tank_description/share/tank_description/package.bash'
[0.475s] INFO:colcon.colcon_core.shell:Creating package script '/home/eldry/dv_ws/install/tank_description/share/tank_description/package.zsh'
[0.476s] Level 1:colcon.colcon_core.environment:create_file_with_runtime_dependencies(/home/eldry/dv_ws/install/tank_description/share/colcon-core/packages/tank_description)
[0.477s] Level 1:colcon.colcon_core.environment:create_environment_scripts_only(tank_description)
[0.477s] Level 1:colcon.colcon_core.environment:checking '/home/eldry/dv_ws/install/tank_description' for CMake module files
[0.478s] Level 1:colcon.colcon_core.environment:checking '/home/eldry/dv_ws/install/tank_description' for CMake config files
[0.478s] Level 1:colcon.colcon_core.shell:create_environment_hook('tank_description', 'cmake_prefix_path')
[0.478s] INFO:colcon.colcon_core.shell:Creating environment hook '/home/eldry/dv_ws/install/tank_description/share/tank_description/hook/cmake_prefix_path.ps1'
[0.479s] INFO:colcon.colcon_core.shell:Creating environment descriptor '/home/eldry/dv_ws/install/tank_description/share/tank_description/hook/cmake_prefix_path.dsv'
[0.480s] INFO:colcon.colcon_core.shell:Creating environment hook '/home/eldry/dv_ws/install/tank_description/share/tank_description/hook/cmake_prefix_path.sh'
[0.481s] Level 1:colcon.colcon_core.environment:checking '/home/eldry/dv_ws/install/tank_description/bin'
[0.481s] Level 1:colcon.colcon_core.environment:checking '/home/eldry/dv_ws/install/tank_description/lib/pkgconfig/tank_description.pc'
[0.481s] Level 1:colcon.colcon_core.environment:checking '/home/eldry/dv_ws/install/tank_description/lib/python3.12/site-packages'
[0.481s] Level 1:colcon.colcon_core.environment:checking '/home/eldry/dv_ws/install/tank_description/bin'
[0.482s] INFO:colcon.colcon_core.shell:Creating package script '/home/eldry/dv_ws/install/tank_description/share/tank_description/package.ps1'
[0.482s] INFO:colcon.colcon_core.shell:Creating package descriptor '/home/eldry/dv_ws/install/tank_description/share/tank_description/package.dsv'
[0.483s] INFO:colcon.colcon_core.shell:Creating package script '/home/eldry/dv_ws/install/tank_description/share/tank_description/package.sh'
[0.483s] INFO:colcon.colcon_core.shell:Creating package script '/home/eldry/dv_ws/install/tank_description/share/tank_description/package.bash'
[0.484s] INFO:colcon.colcon_core.shell:Creating package script '/home/eldry/dv_ws/install/tank_description/share/tank_description/package.zsh'
[0.484s] Level 1:colcon.colcon_core.environment:create_file_with_runtime_dependencies(/home/eldry/dv_ws/install/tank_description/share/colcon-core/packages/tank_description)
[0.485s] INFO:colcon.colcon_ros.task.ament_cmake.build:Building ROS package in '/home/eldry/dv_ws/src/tank_bringup' with build type 'ament_cmake'
[0.485s] INFO:colcon.colcon_cmake.task.cmake.build:Building CMake package in '/home/eldry/dv_ws/src/tank_bringup'
[0.485s] INFO:colcon.colcon_core.shell:Skip shell extension 'powershell' for command environment: Not usable outside of PowerShell
[0.485s] DEBUG:colcon.colcon_core.shell:Skip shell extension 'dsv' for command environment
[0.494s] DEBUG:colcon.colcon_core.event_handler.log_command:Invoking command in '/home/eldry/dv_ws/build/tank_bringup': CMAKE_PREFIX_PATH=${CMAKE_PREFIX_PATH}:/opt/ros/jazzy DEBUGINFOD_URLS=https://debuginfod.ubuntu.com /usr/bin/cmake --build /home/eldry/dv_ws/build/tank_bringup -- -j4 -l4
[0.545s] DEBUG:colcon.colcon_core.event_handler.log_command:Invoked command in '/home/eldry/dv_ws/build/tank_bringup' returned '0': CMAKE_PREFIX_PATH=${CMAKE_PREFIX_PATH}:/opt/ros/jazzy DEBUGINFOD_URLS=https://debuginfod.ubuntu.com /usr/bin/cmake --build /home/eldry/dv_ws/build/tank_bringup -- -j4 -l4
[0.546s] DEBUG:colcon.colcon_core.event_handler.log_command:Invoking command in '/home/eldry/dv_ws/build/tank_bringup': CMAKE_PREFIX_PATH=${CMAKE_PREFIX_PATH}:/opt/ros/jazzy DEBUGINFOD_URLS=https://debuginfod.ubuntu.com /usr/bin/cmake --install /home/eldry/dv_ws/build/tank_bringup
[0.557s] Level 1:colcon.colcon_core.environment:create_environment_scripts_only(tank_bringup)
[0.558s] Level 1:colcon.colcon_core.environment:checking '/home/eldry/dv_ws/install/tank_bringup' for CMake module files
[0.558s] DEBUG:colcon.colcon_core.event_handler.log_command:Invoked command in '/home/eldry/dv_ws/build/tank_bringup' returned '0': CMAKE_PREFIX_PATH=${CMAKE_PREFIX_PATH}:/opt/ros/jazzy DEBUGINFOD_URLS=https://debuginfod.ubuntu.com /usr/bin/cmake --install /home/eldry/dv_ws/build/tank_bringup
[0.559s] Level 1:colcon.colcon_core.environment:checking '/home/eldry/dv_ws/install/tank_bringup' for CMake config files
[0.559s] Level 1:colcon.colcon_core.shell:create_environment_hook('tank_bringup', 'cmake_prefix_path')
[0.559s] INFO:colcon.colcon_core.shell:Creating environment hook '/home/eldry/dv_ws/install/tank_bringup/share/tank_bringup/hook/cmake_prefix_path.ps1'
[0.560s] INFO:colcon.colcon_core.shell:Creating environment descriptor '/home/eldry/dv_ws/install/tank_bringup/share/tank_bringup/hook/cmake_prefix_path.dsv'
[0.561s] INFO:colcon.colcon_core.shell:Creating environment hook '/home/eldry/dv_ws/install/tank_bringup/share/tank_bringup/hook/cmake_prefix_path.sh'
[0.561s] Level 1:colcon.colcon_core.environment:checking '/home/eldry/dv_ws/install/tank_bringup/bin'
[0.561s] Level 1:colcon.colcon_core.environment:checking '/home/eldry/dv_ws/install/tank_bringup/lib/pkgconfig/tank_bringup.pc'
[0.562s] Level 1:colcon.colcon_core.environment:checking '/home/eldry/dv_ws/install/tank_bringup/lib/python3.12/site-packages'
[0.562s] Level 1:colcon.colcon_core.environment:checking '/home/eldry/dv_ws/install/tank_bringup/bin'
[0.562s] INFO:colcon.colcon_core.shell:Creating package script '/home/eldry/dv_ws/install/tank_bringup/share/tank_bringup/package.ps1'
[0.563s] INFO:colcon.colcon_core.shell:Creating package descriptor '/home/eldry/dv_ws/install/tank_bringup/share/tank_bringup/package.dsv'
[0.563s] INFO:colcon.colcon_core.shell:Creating package script '/home/eldry/dv_ws/install/tank_bringup/share/tank_bringup/package.sh'
[0.564s] INFO:colcon.colcon_core.shell:Creating package script '/home/eldry/dv_ws/install/tank_bringup/share/tank_bringup/package.bash'
[0.564s] INFO:colcon.colcon_core.shell:Creating package script '/home/eldry/dv_ws/install/tank_bringup/share/tank_bringup/package.zsh'
[0.564s] Level 1:colcon.colcon_core.environment:create_file_with_runtime_dependencies(/home/eldry/dv_ws/install/tank_bringup/share/colcon-core/packages/tank_bringup)
[0.565s] Level 1:colcon.colcon_core.environment:create_environment_scripts_only(tank_bringup)
[0.565s] Level 1:colcon.colcon_core.environment:checking '/home/eldry/dv_ws/install/tank_bringup' for CMake module files
[0.565s] Level 1:colcon.colcon_core.environment:checking '/home/eldry/dv_ws/install/tank_bringup' for CMake config files
[0.566s] Level 1:colcon.colcon_core.shell:create_environment_hook('tank_bringup', 'cmake_prefix_path')
[0.566s] INFO:colcon.colcon_core.shell:Creating environment hook '/home/eldry/dv_ws/install/tank_bringup/share/tank_bringup/hook/cmake_prefix_path.ps1'
[0.566s] INFO:colcon.colcon_core.shell:Creating environment descriptor '/home/eldry/dv_ws/install/tank_bringup/share/tank_bringup/hook/cmake_prefix_path.dsv'
[0.567s] INFO:colcon.colcon_core.shell:Creating environment hook '/home/eldry/dv_ws/install/tank_bringup/share/tank_bringup/hook/cmake_prefix_path.sh'
[0.567s] Level 1:colcon.colcon_core.environment:checking '/home/eldry/dv_ws/install/tank_bringup/bin'
[0.567s] Level 1:colcon.colcon_core.environment:checking '/home/eldry/dv_ws/install/tank_bringup/lib/pkgconfig/tank_bringup.pc'
[0.568s] Level 1:colcon.colcon_core.environment:checking '/home/eldry/dv_ws/install/tank_bringup/lib/python3.12/site-packages'
[0.568s] Level 1:colcon.colcon_core.environment:checking '/home/eldry/dv_ws/install/tank_bringup/bin'
[0.568s] INFO:colcon.colcon_core.shell:Creating package script '/home/eldry/dv_ws/install/tank_bringup/share/tank_bringup/package.ps1'
[0.569s] INFO:colcon.colcon_core.shell:Creating package descriptor '/home/eldry/dv_ws/install/tank_bringup/share/tank_bringup/package.dsv'
[0.569s] INFO:colcon.colcon_core.shell:Creating package script '/home/eldry/dv_ws/install/tank_bringup/share/tank_bringup/package.sh'
[0.570s] INFO:colcon.colcon_core.shell:Creating package script '/home/eldry/dv_ws/install/tank_bringup/share/tank_bringup/package.bash'
[0.570s] INFO:colcon.colcon_core.shell:Creating package script '/home/eldry/dv_ws/install/tank_bringup/share/tank_bringup/package.zsh'
[0.571s] Level 1:colcon.colcon_core.environment:create_file_with_runtime_dependencies(/home/eldry/dv_ws/install/tank_bringup/share/colcon-core/packages/tank_bringup)
[0.903s] DEBUG:colcon.colcon_core.event_handler.log_command:Invoked command in '/home/eldry/dv_ws/build/tank_interfaces' returned '0': CMAKE_PREFIX_PATH=${CMAKE_PREFIX_PATH}:/opt/ros/jazzy DEBUGINFOD_URLS=https://debuginfod.ubuntu.com /usr/bin/cmake --build /home/eldry/dv_ws/build/tank_interfaces -- -j4 -l4
[0.904s] DEBUG:colcon.colcon_core.event_handler.log_command:Invoking command in '/home/eldry/dv_ws/build/tank_interfaces': CMAKE_PREFIX_PATH=${CMAKE_PREFIX_PATH}:/opt/ros/jazzy DEBUGINFOD_URLS=https://debuginfod.ubuntu.com /usr/bin/cmake --install /home/eldry/dv_ws/build/tank_interfaces
[0.962s] Level 1:colcon.colcon_core.environment:create_environment_scripts_only(tank_interfaces)
[0.963s] Level 1:colcon.colcon_core.environment:checking '/home/eldry/dv_ws/install/tank_interfaces' for CMake module files
[0.963s] DEBUG:colcon.colcon_core.event_handler.log_command:Invoked command in '/home/eldry/dv_ws/build/tank_interfaces' returned '0': CMAKE_PREFIX_PATH=${CMAKE_PREFIX_PATH}:/opt/ros/jazzy DEBUGINFOD_URLS=https://debuginfod.ubuntu.com /usr/bin/cmake --install /home/eldry/dv_ws/build/tank_interfaces
[0.965s] Level 1:colcon.colcon_core.environment:checking '/home/eldry/dv_ws/install/tank_interfaces' for CMake config files
[0.966s] Level 1:colcon.colcon_core.shell:create_environment_hook('tank_interfaces', 'cmake_prefix_path')
[0.966s] INFO:colcon.colcon_core.shell:Creating environment hook '/home/eldry/dv_ws/install/tank_interfaces/share/tank_interfaces/hook/cmake_prefix_path.ps1'
[0.967s] INFO:colcon.colcon_core.shell:Creating environment descriptor '/home/eldry/dv_ws/install/tank_interfaces/share/tank_interfaces/hook/cmake_prefix_path.dsv'
[0.968s] INFO:colcon.colcon_core.shell:Creating environment hook '/home/eldry/dv_ws/install/tank_interfaces/share/tank_interfaces/hook/cmake_prefix_path.sh'
[0.969s] Level 1:colcon.colcon_core.environment:checking '/home/eldry/dv_ws/install/tank_interfaces/lib'
[0.969s] Level 1:colcon.colcon_core.shell:create_environment_hook('tank_interfaces', 'ld_library_path_lib')
[0.970s] INFO:colcon.colcon_core.shell:Creating environment hook '/home/eldry/dv_ws/install/tank_interfaces/share/tank_interfaces/hook/ld_library_path_lib.ps1'
[0.970s] INFO:colcon.colcon_core.shell:Creating environment descriptor '/home/eldry/dv_ws/install/tank_interfaces/share/tank_interfaces/hook/ld_library_path_lib.dsv'
[0.971s] INFO:colcon.colcon_core.shell:Creating environment hook '/home/eldry/dv_ws/install/tank_interfaces/share/tank_interfaces/hook/ld_library_path_lib.sh'
[0.972s] Level 1:colcon.colcon_core.environment:checking '/home/eldry/dv_ws/install/tank_interfaces/bin'
[0.973s] Level 1:colcon.colcon_core.environment:checking '/home/eldry/dv_ws/install/tank_interfaces/lib/pkgconfig/tank_interfaces.pc'
[0.973s] Level 1:colcon.colcon_core.environment:checking '/home/eldry/dv_ws/install/tank_interfaces/lib/python3.12/site-packages'
[0.974s] Level 1:colcon.colcon_core.shell:create_environment_hook('tank_interfaces', 'pythonpath')
[0.974s] INFO:colcon.colcon_core.shell:Creating environment hook '/home/eldry/dv_ws/install/tank_interfaces/share/tank_interfaces/hook/pythonpath.ps1'
[0.975s] INFO:colcon.colcon_core.shell:Creating environment descriptor '/home/eldry/dv_ws/install/tank_interfaces/share/tank_interfaces/hook/pythonpath.dsv'
[0.976s] INFO:colcon.colcon_core.shell:Creating environment hook '/home/eldry/dv_ws/install/tank_interfaces/share/tank_interfaces/hook/pythonpath.sh'
[0.978s] Level 1:colcon.colcon_core.environment:checking '/home/eldry/dv_ws/install/tank_interfaces/bin'
[0.979s] INFO:colcon.colcon_core.shell:Creating package script '/home/eldry/dv_ws/install/tank_interfaces/share/tank_interfaces/package.ps1'
[0.981s] INFO:colcon.colcon_core.shell:Creating package descriptor '/home/eldry/dv_ws/install/tank_interfaces/share/tank_interfaces/package.dsv'
[0.982s] INFO:colcon.colcon_core.shell:Creating package script '/home/eldry/dv_ws/install/tank_interfaces/share/tank_interfaces/package.sh'
[0.983s] INFO:colcon.colcon_core.shell:Creating package script '/home/eldry/dv_ws/install/tank_interfaces/share/tank_interfaces/package.bash'
[0.984s] INFO:colcon.colcon_core.shell:Creating package script '/home/eldry/dv_ws/install/tank_interfaces/share/tank_interfaces/package.zsh'
[0.984s] Level 1:colcon.colcon_core.environment:create_file_with_runtime_dependencies(/home/eldry/dv_ws/install/tank_interfaces/share/colcon-core/packages/tank_interfaces)
[0.986s] Level 1:colcon.colcon_core.environment:create_environment_scripts_only(tank_interfaces)
[0.986s] Level 1:colcon.colcon_core.environment:checking '/home/eldry/dv_ws/install/tank_interfaces' for CMake module files
[0.988s] Level 1:colcon.colcon_core.environment:checking '/home/eldry/dv_ws/install/tank_interfaces' for CMake config files
[0.989s] Level 1:colcon.colcon_core.shell:create_environment_hook('tank_interfaces', 'cmake_prefix_path')
[0.989s] INFO:colcon.colcon_core.shell:Creating environment hook '/home/eldry/dv_ws/install/tank_interfaces/share/tank_interfaces/hook/cmake_prefix_path.ps1'
[0.990s] INFO:colcon.colcon_core.shell:Creating environment descriptor '/home/eldry/dv_ws/install/tank_interfaces/share/tank_interfaces/hook/cmake_prefix_path.dsv'
[0.991s] INFO:colcon.colcon_core.shell:Creating environment hook '/home/eldry/dv_ws/install/tank_interfaces/share/tank_interfaces/hook/cmake_prefix_path.sh'
[0.992s] Level 1:colcon.colcon_core.environment:checking '/home/eldry/dv_ws/install/tank_interfaces/lib'
[0.993s] Level 1:colcon.colcon_core.shell:create_environment_hook('tank_interfaces', 'ld_library_path_lib')
[0.993s] INFO:colcon.colcon_core.shell:Creating environment hook '/home/eldry/dv_ws/install/tank_interfaces/share/tank_interfaces/hook/ld_library_path_lib.ps1'
[0.994s] INFO:colcon.colcon_core.shell:Creating environment descriptor '/home/eldry/dv_ws/install/tank_interfaces/share/tank_interfaces/hook/ld_library_path_lib.dsv'
[0.995s] INFO:colcon.colcon_core.shell:Creating environment hook '/home/eldry/dv_ws/install/tank_interfaces/share/tank_interfaces/hook/ld_library_path_lib.sh'
[0.995s] Level 1:colcon.colcon_core.environment:checking '/home/eldry/dv_ws/install/tank_interfaces/bin'
[0.996s] Level 1:colcon.colcon_core.environment:checking '/home/eldry/dv_ws/install/tank_interfaces/lib/pkgconfig/tank_interfaces.pc'
[0.996s] Level 1:colcon.colcon_core.environment:checking '/home/eldry/dv_ws/install/tank_interfaces/lib/python3.12/site-packages'
[0.996s] Level 1:colcon.colcon_core.shell:create_environment_hook('tank_interfaces', 'pythonpath')
[0.997s] INFO:colcon.colcon_core.shell:Creating environment hook '/home/eldry/dv_ws/install/tank_interfaces/share/tank_interfaces/hook/pythonpath.ps1'
[0.998s] INFO:colcon.colcon_core.shell:Creating environment descriptor '/home/eldry/dv_ws/install/tank_interfaces/share/tank_interfaces/hook/pythonpath.dsv'
[0.998s] INFO:colcon.colcon_core.shell:Creating environment hook '/home/eldry/dv_ws/install/tank_interfaces/share/tank_interfaces/hook/pythonpath.sh'
[1.000s] Level 1:colcon.colcon_core.environment:checking '/home/eldry/dv_ws/install/tank_interfaces/bin'
[1.001s] INFO:colcon.colcon_core.shell:Creating package script '/home/eldry/dv_ws/install/tank_interfaces/share/tank_interfaces/package.ps1'
[1.003s] INFO:colcon.colcon_core.shell:Creating package descriptor '/home/eldry/dv_ws/install/tank_interfaces/share/tank_interfaces/package.dsv'
[1.004s] INFO:colcon.colcon_core.shell:Creating package script '/home/eldry/dv_ws/install/tank_interfaces/share/tank_interfaces/package.sh'
[1.005s] INFO:colcon.colcon_core.shell:Creating package script '/home/eldry/dv_ws/install/tank_interfaces/share/tank_interfaces/package.bash'
[1.006s] INFO:colcon.colcon_core.shell:Creating package script '/home/eldry/dv_ws/install/tank_interfaces/share/tank_interfaces/package.zsh'
[1.007s] Level 1:colcon.colcon_core.environment:create_file_with_runtime_dependencies(/home/eldry/dv_ws/install/tank_interfaces/share/colcon-core/packages/tank_interfaces)
[1.007s] DEBUG:colcon.colcon_parallel_executor.executor.parallel:closing loop
[1.008s] DEBUG:colcon.colcon_parallel_executor.executor.parallel:loop closed
[1.008s] DEBUG:colcon.colcon_parallel_executor.executor.parallel:run_until_complete finished with '0'
[1.008s] DEBUG:colcon.colcon_core.event_reactor:joining thread
[1.027s] INFO:colcon.colcon_core.plugin_system:Skipping extension 'colcon_notification.desktop_notification.terminal_notifier': Not used on non-Darwin systems
[1.027s] INFO:colcon.colcon_core.plugin_system:Skipping extension 'colcon_notification.desktop_notification.win32': Not used on non-Windows systems
[1.027s] INFO:colcon.colcon_notification.desktop_notification:Sending desktop notification using 'notify2'
[1.043s] DEBUG:colcon.colcon_core.event_reactor:joined thread
[1.043s] INFO:colcon.colcon_core.shell:Creating prefix script '/home/eldry/dv_ws/install/local_setup.ps1'
[1.045s] INFO:colcon.colcon_core.shell:Creating prefix util module '/home/eldry/dv_ws/install/_local_setup_util_ps1.py'
[1.048s] INFO:colcon.colcon_core.shell:Creating prefix chain script '/home/eldry/dv_ws/install/setup.ps1'
[1.050s] INFO:colcon.colcon_core.shell:Creating prefix script '/home/eldry/dv_ws/install/local_setup.sh'
[1.051s] INFO:colcon.colcon_core.shell:Creating prefix util module '/home/eldry/dv_ws/install/_local_setup_util_sh.py'
[1.053s] INFO:colcon.colcon_core.shell:Creating prefix chain script '/home/eldry/dv_ws/install/setup.sh'
[1.055s] INFO:colcon.colcon_core.shell:Creating prefix script '/home/eldry/dv_ws/install/local_setup.bash'
[1.056s] INFO:colcon.colcon_core.shell:Creating prefix chain script '/home/eldry/dv_ws/install/setup.bash'
[1.058s] INFO:colcon.colcon_core.shell:Creating prefix script '/home/eldry/dv_ws/install/local_setup.zsh'
[1.059s] INFO:colcon.colcon_core.shell:Creating prefix chain script '/home/eldry/dv_ws/install/setup.zsh'
