[0.019s] Invoking command in '/home/eldry/dv_ws/build/tank_description': CMAKE_PREFIX_PATH=${CMAKE_PREFIX_PATH}:/opt/ros/jazzy DEBUGINFOD_URLS=https://debuginfod.ubuntu.com /usr/bin/cmake --build /home/eldry/dv_ws/build/tank_description -- -j4 -l4
[0.058s] Invoked command in '/home/eldry/dv_ws/build/tank_description' returned '0': CMAKE_PREFIX_PATH=${CMAKE_PREFIX_PATH}:/opt/ros/jazzy DEBUGINFOD_URLS=https://debuginfod.ubuntu.com /usr/bin/cmake --build /home/eldry/dv_ws/build/tank_description -- -j4 -l4
[0.068s] Invoking command in '/home/eldry/dv_ws/build/tank_description': CMAKE_PREFIX_PATH=${CMAKE_PREFIX_PATH}:/opt/ros/jazzy DEBUGINFOD_URLS=https://debuginfod.ubuntu.com /usr/bin/cmake --install /home/eldry/dv_ws/build/tank_description
[0.076s] -- Install configuration: ""
[0.076s] -- Up-to-date: /home/eldry/dv_ws/install/tank_description/share///urdf
[0.076s] -- Up-to-date: /home/eldry/dv_ws/install/tank_description/share///urdf/tank.urdf
[0.077s] -- Up-to-date: /home/eldry/dv_ws/install/tank_description/share/ament_index/resource_index/package_run_dependencies/tank_description
[0.077s] -- Up-to-date: /home/eldry/dv_ws/install/tank_description/share/ament_index/resource_index/parent_prefix_path/tank_description
[0.077s] -- Up-to-date: /home/eldry/dv_ws/install/tank_description/share/tank_description/environment/ament_prefix_path.sh
[0.077s] -- Up-to-date: /home/eldry/dv_ws/install/tank_description/share/tank_description/environment/ament_prefix_path.dsv
[0.077s] -- Up-to-date: /home/eldry/dv_ws/install/tank_description/share/tank_description/environment/path.sh
[0.077s] -- Up-to-date: /home/eldry/dv_ws/install/tank_description/share/tank_description/environment/path.dsv
[0.077s] -- Up-to-date: /home/eldry/dv_ws/install/tank_description/share/tank_description/local_setup.bash
[0.077s] -- Up-to-date: /home/eldry/dv_ws/install/tank_description/share/tank_description/local_setup.sh
[0.077s] -- Up-to-date: /home/eldry/dv_ws/install/tank_description/share/tank_description/local_setup.zsh
[0.077s] -- Up-to-date: /home/eldry/dv_ws/install/tank_description/share/tank_description/local_setup.dsv
[0.077s] -- Up-to-date: /home/eldry/dv_ws/install/tank_description/share/tank_description/package.dsv
[0.077s] -- Up-to-date: /home/eldry/dv_ws/install/tank_description/share/ament_index/resource_index/packages/tank_description
[0.077s] -- Up-to-date: /home/eldry/dv_ws/install/tank_description/share/tank_description/cmake/tank_descriptionConfig.cmake
[0.077s] -- Up-to-date: /home/eldry/dv_ws/install/tank_description/share/tank_description/cmake/tank_descriptionConfig-version.cmake
[0.078s] -- Up-to-date: /home/eldry/dv_ws/install/tank_description/share/tank_description/package.xml
[0.080s] Invoked command in '/home/eldry/dv_ws/build/tank_description' returned '0': CMAKE_PREFIX_PATH=${CMAKE_PREFIX_PATH}:/opt/ros/jazzy DEBUGINFOD_URLS=https://debuginfod.ubuntu.com /usr/bin/cmake --install /home/eldry/dv_ws/build/tank_description
