-- Found ament_cmake: 2.5.4 (/opt/ros/jazzy/share/ament_cmake/cmake)
-- Found rosidl_default_generators: 1.6.0 (/opt/ros/jazzy/share/rosidl_default_generators/cmake)
-- Using all available rosidl_typesupport_c: rosidl_typesupport_fastrtps_c;rosidl_typesupport_introspection_c
-- Using all available rosidl_typesupport_cpp: rosidl_typesupport_fastrtps_cpp;rosidl_typesupport_introspection_cpp
-- Found rosidl_adapter: 4.6.6 (/opt/ros/jazzy/share/rosidl_adapter/cmake)
-- Found ament_cmake_ros: 0.12.0 (/opt/ros/jazzy/share/ament_cmake_ros/cmake)
-- Using all available rosidl_typesupport_c: rosidl_typesupport_fastrtps_c;rosidl_typesupport_introspection_c
-- Using all available rosidl_typesupport_cpp: rosidl_typesupport_fastrtps_cpp;rosidl_typesupport_introspection_cpp
-- Found python_cmake_module: 0.11.1 (/opt/ros/jazzy/share/python_cmake_module/cmake)
-- Found PythonExtra: /usr/bin/python3  
-- Found Python3: /usr/bin/python3 (found version "3.12.3") found components: Interpreter Development NumPy Development.Module Development.Embed 
-- Configuring done (3.0s)
-- Generating done (0.0s)
-- Build files have been written to: /home/eldry/dv_ws/build/tank_interfaces
[  2%] [34m[1mGenerating type hashes for ROS interfaces[0m
[  2%] Built target ament_cmake_python_copy_tank_interfaces
[  2%] Built target tank_interfaces__rosidl_generator_type_description
[  5%] [34m[1mGenerating C code for ROS interfaces[0m
[  8%] [34m[1mGenerating C++ code for ROS interfaces[0m
running egg_info
creating tank_interfaces.egg-info
writing tank_interfaces.egg-info/PKG-INFO
writing dependency_links to tank_interfaces.egg-info/dependency_links.txt
writing top-level names to tank_interfaces.egg-info/top_level.txt
writing manifest file 'tank_interfaces.egg-info/SOURCES.txt'
reading manifest file 'tank_interfaces.egg-info/SOURCES.txt'
writing manifest file 'tank_interfaces.egg-info/SOURCES.txt'
[  8%] Built target ament_cmake_python_build_tank_interfaces_egg
[ 14%] [32mBuilding C object CMakeFiles/tank_interfaces__rosidl_generator_c.dir/rosidl_generator_c/tank_interfaces/srv/detail/interface__functions.c.o[0m
[ 14%] [32mBuilding C object CMakeFiles/tank_interfaces__rosidl_generator_c.dir/rosidl_generator_c/tank_interfaces/srv/detail/interface__description.c.o[0m
[ 14%] Built target tank_interfaces__cpp
[ 17%] [32mBuilding C object CMakeFiles/tank_interfaces__rosidl_generator_c.dir/rosidl_generator_c/tank_interfaces/srv/detail/interface__type_support.c.o[0m
[ 20%] [32m[1mLinking C shared library libtank_interfaces__rosidl_generator_c.so[0m
[ 20%] Built target tank_interfaces__rosidl_generator_c
[ 29%] [34m[1mGenerating C introspection for ROS interfaces[0m
[ 29%] [34m[1mGenerating C type support dispatch for ROS interfaces[0m
[ 29%] [34m[1mGenerating C++ introspection for ROS interfaces[0m
[ 32%] [34m[1mGenerating C++ type support for eProsima Fast-RTPS[0m
[ 35%] [32mBuilding CXX object CMakeFiles/tank_interfaces__rosidl_typesupport_c.dir/rosidl_typesupport_c/tank_interfaces/srv/interface__type_support.cpp.o[0m
[ 38%] [32m[1mLinking CXX shared library libtank_interfaces__rosidl_typesupport_c.so[0m
[ 41%] [32mBuilding CXX object CMakeFiles/tank_interfaces__rosidl_typesupport_introspection_cpp.dir/rosidl_typesupport_introspection_cpp/tank_interfaces/srv/detail/interface__type_support.cpp.o[0m
[ 44%] [32mBuilding C object CMakeFiles/tank_interfaces__rosidl_typesupport_introspection_c.dir/rosidl_typesupport_introspection_c/tank_interfaces/srv/detail/interface__type_support.c.o[0m
[ 44%] Built target tank_interfaces__rosidl_typesupport_c
[ 47%] [34m[1mGenerating C++ type support dispatch for ROS interfaces[0m
[ 50%] [32mBuilding CXX object CMakeFiles/tank_interfaces__rosidl_typesupport_fastrtps_cpp.dir/rosidl_typesupport_fastrtps_cpp/tank_interfaces/srv/detail/dds_fastrtps/interface__type_support.cpp.o[0m
[ 52%] [32m[1mLinking C shared library libtank_interfaces__rosidl_typesupport_introspection_c.so[0m
[ 52%] Built target tank_interfaces__rosidl_typesupport_introspection_c
[ 55%] [34m[1mGenerating C type support for eProsima Fast-RTPS[0m
[ 58%] [32mBuilding CXX object CMakeFiles/tank_interfaces__rosidl_typesupport_cpp.dir/rosidl_typesupport_cpp/tank_interfaces/srv/interface__type_support.cpp.o[0m
[ 61%] [32m[1mLinking CXX shared library libtank_interfaces__rosidl_typesupport_introspection_cpp.so[0m
[ 64%] [32mBuilding CXX object CMakeFiles/tank_interfaces__rosidl_typesupport_fastrtps_c.dir/rosidl_typesupport_fastrtps_c/tank_interfaces/srv/detail/interface__type_support_c.cpp.o[0m
[ 64%] Built target tank_interfaces__rosidl_typesupport_introspection_cpp
[ 67%] [32m[1mLinking CXX shared library libtank_interfaces__rosidl_typesupport_fastrtps_cpp.so[0m
[ 70%] [32m[1mLinking CXX shared library libtank_interfaces__rosidl_typesupport_cpp.so[0m
[ 70%] Built target tank_interfaces__rosidl_typesupport_fastrtps_cpp
[ 70%] Built target tank_interfaces__rosidl_typesupport_cpp
[ 73%] [32m[1mLinking CXX shared library libtank_interfaces__rosidl_typesupport_fastrtps_c.so[0m
[ 73%] Built target tank_interfaces__rosidl_typesupport_fastrtps_c
[ 73%] Built target tank_interfaces
[ 76%] [34m[1mGenerating Python code for ROS interfaces[0m
[ 76%] Built target tank_interfaces__py
[ 79%] [32mBuilding C object CMakeFiles/tank_interfaces__rosidl_generator_py.dir/rosidl_generator_py/tank_interfaces/srv/_interface_s.c.o[0m
[ 82%] [32m[1mLinking C shared library libtank_interfaces__rosidl_generator_py.so[0m
[ 82%] Built target tank_interfaces__rosidl_generator_py
[ 88%] [32mBuilding C object CMakeFiles/tank_interfaces_s__rosidl_typesupport_fastrtps_c.dir/rosidl_generator_py/tank_interfaces/_tank_interfaces_s.ep.rosidl_typesupport_fastrtps_c.c.o[0m
[ 88%] [32mBuilding C object CMakeFiles/tank_interfaces_s__rosidl_typesupport_introspection_c.dir/rosidl_generator_py/tank_interfaces/_tank_interfaces_s.ep.rosidl_typesupport_introspection_c.c.o[0m
[ 91%] [32mBuilding C object CMakeFiles/tank_interfaces_s__rosidl_typesupport_c.dir/rosidl_generator_py/tank_interfaces/_tank_interfaces_s.ep.rosidl_typesupport_c.c.o[0m
[ 94%] [32m[1mLinking C shared module rosidl_generator_py/tank_interfaces/tank_interfaces_s__rosidl_typesupport_c.so[0m
[ 97%] [32m[1mLinking C shared module rosidl_generator_py/tank_interfaces/tank_interfaces_s__rosidl_typesupport_fastrtps_c.so[0m
[100%] [32m[1mLinking C shared module rosidl_generator_py/tank_interfaces/tank_interfaces_s__rosidl_typesupport_introspection_c.so[0m
[100%] Built target tank_interfaces_s__rosidl_typesupport_c
[100%] Built target tank_interfaces_s__rosidl_typesupport_fastrtps_c
[100%] Built target tank_interfaces_s__rosidl_typesupport_introspection_c
-- Install configuration: ""
-- Installing: /home/eldry/dv_ws/install/tank_interfaces/share/ament_index/resource_index/rosidl_interfaces/tank_interfaces
-- Installing: /home/eldry/dv_ws/install/tank_interfaces/share/tank_interfaces/srv/Interface.json
-- Installing: /home/eldry/dv_ws/install/tank_interfaces/include/tank_interfaces/tank_interfaces
-- Installing: /home/eldry/dv_ws/install/tank_interfaces/include/tank_interfaces/tank_interfaces/srv
-- Installing: /home/eldry/dv_ws/install/tank_interfaces/include/tank_interfaces/tank_interfaces/srv/detail
-- Installing: /home/eldry/dv_ws/install/tank_interfaces/include/tank_interfaces/tank_interfaces/srv/detail/interface__description.c
-- Installing: /home/eldry/dv_ws/install/tank_interfaces/include/tank_interfaces/tank_interfaces/srv/detail/interface__type_support.c
-- Installing: /home/eldry/dv_ws/install/tank_interfaces/include/tank_interfaces/tank_interfaces/srv/detail/interface__functions.c
-- Installing: /home/eldry/dv_ws/install/tank_interfaces/include/tank_interfaces/tank_interfaces/srv/detail/interface__functions.h
-- Installing: /home/eldry/dv_ws/install/tank_interfaces/include/tank_interfaces/tank_interfaces/srv/detail/interface__type_support.h
-- Installing: /home/eldry/dv_ws/install/tank_interfaces/include/tank_interfaces/tank_interfaces/srv/detail/interface__struct.h
-- Installing: /home/eldry/dv_ws/install/tank_interfaces/include/tank_interfaces/tank_interfaces/srv/interface.h
-- Installing: /home/eldry/dv_ws/install/tank_interfaces/include/tank_interfaces/tank_interfaces/msg
-- Installing: /home/eldry/dv_ws/install/tank_interfaces/include/tank_interfaces/tank_interfaces/msg/rosidl_generator_c__visibility_control.h
-- Installing: /home/eldry/dv_ws/install/tank_interfaces/share/tank_interfaces/environment/library_path.sh
-- Installing: /home/eldry/dv_ws/install/tank_interfaces/share/tank_interfaces/environment/library_path.dsv
-- Installing: /home/eldry/dv_ws/install/tank_interfaces/lib/libtank_interfaces__rosidl_generator_c.so
-- Set non-toolchain portion of runtime path of "/home/eldry/dv_ws/install/tank_interfaces/lib/libtank_interfaces__rosidl_generator_c.so" to ""
-- Up-to-date: /home/eldry/dv_ws/install/tank_interfaces/include/tank_interfaces/tank_interfaces
-- Up-to-date: /home/eldry/dv_ws/install/tank_interfaces/include/tank_interfaces/tank_interfaces/srv
-- Up-to-date: /home/eldry/dv_ws/install/tank_interfaces/include/tank_interfaces/tank_interfaces/srv/detail
-- Installing: /home/eldry/dv_ws/install/tank_interfaces/include/tank_interfaces/tank_interfaces/srv/detail/interface__rosidl_typesupport_fastrtps_c.h
-- Up-to-date: /home/eldry/dv_ws/install/tank_interfaces/include/tank_interfaces/tank_interfaces/msg
-- Installing: /home/eldry/dv_ws/install/tank_interfaces/include/tank_interfaces/tank_interfaces/msg/rosidl_typesupport_fastrtps_c__visibility_control.h
-- Installing: /home/eldry/dv_ws/install/tank_interfaces/lib/libtank_interfaces__rosidl_typesupport_fastrtps_c.so
-- Set non-toolchain portion of runtime path of "/home/eldry/dv_ws/install/tank_interfaces/lib/libtank_interfaces__rosidl_typesupport_fastrtps_c.so" to ""
-- Up-to-date: /home/eldry/dv_ws/install/tank_interfaces/include/tank_interfaces/tank_interfaces
-- Up-to-date: /home/eldry/dv_ws/install/tank_interfaces/include/tank_interfaces/tank_interfaces/srv
-- Up-to-date: /home/eldry/dv_ws/install/tank_interfaces/include/tank_interfaces/tank_interfaces/srv/detail
-- Installing: /home/eldry/dv_ws/install/tank_interfaces/include/tank_interfaces/tank_interfaces/srv/detail/interface__type_support.c
-- Installing: /home/eldry/dv_ws/install/tank_interfaces/include/tank_interfaces/tank_interfaces/srv/detail/interface__rosidl_typesupport_introspection_c.h
-- Up-to-date: /home/eldry/dv_ws/install/tank_interfaces/include/tank_interfaces/tank_interfaces/msg
-- Installing: /home/eldry/dv_ws/install/tank_interfaces/include/tank_interfaces/tank_interfaces/msg/rosidl_typesupport_introspection_c__visibility_control.h
-- Installing: /home/eldry/dv_ws/install/tank_interfaces/lib/libtank_interfaces__rosidl_typesupport_introspection_c.so
-- Set non-toolchain portion of runtime path of "/home/eldry/dv_ws/install/tank_interfaces/lib/libtank_interfaces__rosidl_typesupport_introspection_c.so" to ""
-- Installing: /home/eldry/dv_ws/install/tank_interfaces/lib/libtank_interfaces__rosidl_typesupport_c.so
-- Set non-toolchain portion of runtime path of "/home/eldry/dv_ws/install/tank_interfaces/lib/libtank_interfaces__rosidl_typesupport_c.so" to ""
-- Up-to-date: /home/eldry/dv_ws/install/tank_interfaces/include/tank_interfaces/tank_interfaces
-- Up-to-date: /home/eldry/dv_ws/install/tank_interfaces/include/tank_interfaces/tank_interfaces/srv
-- Up-to-date: /home/eldry/dv_ws/install/tank_interfaces/include/tank_interfaces/tank_interfaces/srv/detail
-- Installing: /home/eldry/dv_ws/install/tank_interfaces/include/tank_interfaces/tank_interfaces/srv/detail/interface__type_support.hpp
-- Installing: /home/eldry/dv_ws/install/tank_interfaces/include/tank_interfaces/tank_interfaces/srv/detail/interface__builder.hpp
-- Installing: /home/eldry/dv_ws/install/tank_interfaces/include/tank_interfaces/tank_interfaces/srv/detail/interface__traits.hpp
-- Installing: /home/eldry/dv_ws/install/tank_interfaces/include/tank_interfaces/tank_interfaces/srv/detail/interface__struct.hpp
-- Installing: /home/eldry/dv_ws/install/tank_interfaces/include/tank_interfaces/tank_interfaces/srv/interface.hpp
-- Up-to-date: /home/eldry/dv_ws/install/tank_interfaces/include/tank_interfaces/tank_interfaces/msg
-- Installing: /home/eldry/dv_ws/install/tank_interfaces/include/tank_interfaces/tank_interfaces/msg/rosidl_generator_cpp__visibility_control.hpp
-- Up-to-date: /home/eldry/dv_ws/install/tank_interfaces/include/tank_interfaces/tank_interfaces
-- Up-to-date: /home/eldry/dv_ws/install/tank_interfaces/include/tank_interfaces/tank_interfaces/srv
-- Up-to-date: /home/eldry/dv_ws/install/tank_interfaces/include/tank_interfaces/tank_interfaces/srv/detail
-- Installing: /home/eldry/dv_ws/install/tank_interfaces/include/tank_interfaces/tank_interfaces/srv/detail/interface__rosidl_typesupport_fastrtps_cpp.hpp
-- Installing: /home/eldry/dv_ws/install/tank_interfaces/include/tank_interfaces/tank_interfaces/srv/detail/dds_fastrtps
-- Up-to-date: /home/eldry/dv_ws/install/tank_interfaces/include/tank_interfaces/tank_interfaces/msg
-- Installing: /home/eldry/dv_ws/install/tank_interfaces/include/tank_interfaces/tank_interfaces/msg/rosidl_typesupport_fastrtps_cpp__visibility_control.h
-- Installing: /home/eldry/dv_ws/install/tank_interfaces/lib/libtank_interfaces__rosidl_typesupport_fastrtps_cpp.so
-- Set non-toolchain portion of runtime path of "/home/eldry/dv_ws/install/tank_interfaces/lib/libtank_interfaces__rosidl_typesupport_fastrtps_cpp.so" to ""
-- Up-to-date: /home/eldry/dv_ws/install/tank_interfaces/include/tank_interfaces/tank_interfaces
-- Up-to-date: /home/eldry/dv_ws/install/tank_interfaces/include/tank_interfaces/tank_interfaces/srv
-- Up-to-date: /home/eldry/dv_ws/install/tank_interfaces/include/tank_interfaces/tank_interfaces/srv/detail
-- Installing: /home/eldry/dv_ws/install/tank_interfaces/include/tank_interfaces/tank_interfaces/srv/detail/interface__rosidl_typesupport_introspection_cpp.hpp
-- Installing: /home/eldry/dv_ws/install/tank_interfaces/include/tank_interfaces/tank_interfaces/srv/detail/interface__type_support.cpp
-- Installing: /home/eldry/dv_ws/install/tank_interfaces/lib/libtank_interfaces__rosidl_typesupport_introspection_cpp.so
-- Set non-toolchain portion of runtime path of "/home/eldry/dv_ws/install/tank_interfaces/lib/libtank_interfaces__rosidl_typesupport_introspection_cpp.so" to ""
-- Installing: /home/eldry/dv_ws/install/tank_interfaces/lib/libtank_interfaces__rosidl_typesupport_cpp.so
-- Set non-toolchain portion of runtime path of "/home/eldry/dv_ws/install/tank_interfaces/lib/libtank_interfaces__rosidl_typesupport_cpp.so" to ""
-- Installing: /home/eldry/dv_ws/install/tank_interfaces/share/tank_interfaces/environment/pythonpath.sh
-- Installing: /home/eldry/dv_ws/install/tank_interfaces/share/tank_interfaces/environment/pythonpath.dsv
-- Installing: /home/eldry/dv_ws/install/tank_interfaces/lib/python3.12/site-packages/tank_interfaces-0.0.0-py3.12.egg-info
-- Installing: /home/eldry/dv_ws/install/tank_interfaces/lib/python3.12/site-packages/tank_interfaces-0.0.0-py3.12.egg-info/SOURCES.txt
-- Installing: /home/eldry/dv_ws/install/tank_interfaces/lib/python3.12/site-packages/tank_interfaces-0.0.0-py3.12.egg-info/PKG-INFO
-- Installing: /home/eldry/dv_ws/install/tank_interfaces/lib/python3.12/site-packages/tank_interfaces-0.0.0-py3.12.egg-info/top_level.txt
-- Installing: /home/eldry/dv_ws/install/tank_interfaces/lib/python3.12/site-packages/tank_interfaces-0.0.0-py3.12.egg-info/dependency_links.txt
-- Installing: /home/eldry/dv_ws/install/tank_interfaces/lib/python3.12/site-packages/tank_interfaces
-- Installing: /home/eldry/dv_ws/install/tank_interfaces/lib/python3.12/site-packages/tank_interfaces/tank_interfaces_s__rosidl_typesupport_introspection_c.so
-- Installing: /home/eldry/dv_ws/install/tank_interfaces/lib/python3.12/site-packages/tank_interfaces/_tank_interfaces_s.ep.rosidl_typesupport_fastrtps_c.c
-- Installing: /home/eldry/dv_ws/install/tank_interfaces/lib/python3.12/site-packages/tank_interfaces/_tank_interfaces_s.ep.rosidl_typesupport_introspection_c.c
-- Installing: /home/eldry/dv_ws/install/tank_interfaces/lib/python3.12/site-packages/tank_interfaces/tank_interfaces_s__rosidl_typesupport_c.so
-- Installing: /home/eldry/dv_ws/install/tank_interfaces/lib/python3.12/site-packages/tank_interfaces/_tank_interfaces_s.ep.rosidl_typesupport_c.c
-- Installing: /home/eldry/dv_ws/install/tank_interfaces/lib/python3.12/site-packages/tank_interfaces/srv
-- Installing: /home/eldry/dv_ws/install/tank_interfaces/lib/python3.12/site-packages/tank_interfaces/srv/_interface.py
-- Installing: /home/eldry/dv_ws/install/tank_interfaces/lib/python3.12/site-packages/tank_interfaces/srv/_interface_s.c
-- Installing: /home/eldry/dv_ws/install/tank_interfaces/lib/python3.12/site-packages/tank_interfaces/srv/__init__.py
-- Installing: /home/eldry/dv_ws/install/tank_interfaces/lib/python3.12/site-packages/tank_interfaces/tank_interfaces_s__rosidl_typesupport_fastrtps_c.so
-- Installing: /home/eldry/dv_ws/install/tank_interfaces/lib/python3.12/site-packages/tank_interfaces/__init__.py
Listing '/home/eldry/dv_ws/install/tank_interfaces/lib/python3.12/site-packages/tank_interfaces'...
Compiling '/home/eldry/dv_ws/install/tank_interfaces/lib/python3.12/site-packages/tank_interfaces/__init__.py'...
Listing '/home/eldry/dv_ws/install/tank_interfaces/lib/python3.12/site-packages/tank_interfaces/srv'...
Compiling '/home/eldry/dv_ws/install/tank_interfaces/lib/python3.12/site-packages/tank_interfaces/srv/__init__.py'...
Compiling '/home/eldry/dv_ws/install/tank_interfaces/lib/python3.12/site-packages/tank_interfaces/srv/_interface.py'...
-- Installing: /home/eldry/dv_ws/install/tank_interfaces/lib/python3.12/site-packages/tank_interfaces/tank_interfaces_s__rosidl_typesupport_fastrtps_c.so
-- Set non-toolchain portion of runtime path of "/home/eldry/dv_ws/install/tank_interfaces/lib/python3.12/site-packages/tank_interfaces/tank_interfaces_s__rosidl_typesupport_fastrtps_c.so" to ""
-- Installing: /home/eldry/dv_ws/install/tank_interfaces/lib/python3.12/site-packages/tank_interfaces/tank_interfaces_s__rosidl_typesupport_introspection_c.so
-- Set non-toolchain portion of runtime path of "/home/eldry/dv_ws/install/tank_interfaces/lib/python3.12/site-packages/tank_interfaces/tank_interfaces_s__rosidl_typesupport_introspection_c.so" to ""
-- Installing: /home/eldry/dv_ws/install/tank_interfaces/lib/python3.12/site-packages/tank_interfaces/tank_interfaces_s__rosidl_typesupport_c.so
-- Set non-toolchain portion of runtime path of "/home/eldry/dv_ws/install/tank_interfaces/lib/python3.12/site-packages/tank_interfaces/tank_interfaces_s__rosidl_typesupport_c.so" to ""
-- Installing: /home/eldry/dv_ws/install/tank_interfaces/lib/libtank_interfaces__rosidl_generator_py.so
-- Set non-toolchain portion of runtime path of "/home/eldry/dv_ws/install/tank_interfaces/lib/libtank_interfaces__rosidl_generator_py.so" to ""
-- Installing: /home/eldry/dv_ws/install/tank_interfaces/share/tank_interfaces/srv/Interface.idl
-- Installing: /home/eldry/dv_ws/install/tank_interfaces/share/tank_interfaces/srv/Interface.srv
-- Installing: /home/eldry/dv_ws/install/tank_interfaces/share/ament_index/resource_index/package_run_dependencies/tank_interfaces
-- Up-to-date: /home/eldry/dv_ws/install/tank_interfaces/share/ament_index/resource_index/parent_prefix_path/tank_interfaces
-- Up-to-date: /home/eldry/dv_ws/install/tank_interfaces/share/tank_interfaces/environment/ament_prefix_path.sh
-- Up-to-date: /home/eldry/dv_ws/install/tank_interfaces/share/tank_interfaces/environment/ament_prefix_path.dsv
-- Up-to-date: /home/eldry/dv_ws/install/tank_interfaces/share/tank_interfaces/environment/path.sh
-- Up-to-date: /home/eldry/dv_ws/install/tank_interfaces/share/tank_interfaces/environment/path.dsv
-- Up-to-date: /home/eldry/dv_ws/install/tank_interfaces/share/tank_interfaces/local_setup.bash
-- Installing: /home/eldry/dv_ws/install/tank_interfaces/share/tank_interfaces/local_setup.sh
-- Up-to-date: /home/eldry/dv_ws/install/tank_interfaces/share/tank_interfaces/local_setup.zsh
-- Installing: /home/eldry/dv_ws/install/tank_interfaces/share/tank_interfaces/local_setup.dsv
-- Installing: /home/eldry/dv_ws/install/tank_interfaces/share/tank_interfaces/package.dsv
-- Up-to-date: /home/eldry/dv_ws/install/tank_interfaces/share/ament_index/resource_index/packages/tank_interfaces
-- Installing: /home/eldry/dv_ws/install/tank_interfaces/share/tank_interfaces/cmake/export_tank_interfaces__rosidl_generator_cExport.cmake
-- Installing: /home/eldry/dv_ws/install/tank_interfaces/share/tank_interfaces/cmake/export_tank_interfaces__rosidl_generator_cExport-noconfig.cmake
-- Installing: /home/eldry/dv_ws/install/tank_interfaces/share/tank_interfaces/cmake/export_tank_interfaces__rosidl_typesupport_fastrtps_cExport.cmake
-- Installing: /home/eldry/dv_ws/install/tank_interfaces/share/tank_interfaces/cmake/export_tank_interfaces__rosidl_typesupport_fastrtps_cExport-noconfig.cmake
-- Installing: /home/eldry/dv_ws/install/tank_interfaces/share/tank_interfaces/cmake/tank_interfaces__rosidl_typesupport_introspection_cExport.cmake
-- Installing: /home/eldry/dv_ws/install/tank_interfaces/share/tank_interfaces/cmake/tank_interfaces__rosidl_typesupport_introspection_cExport-noconfig.cmake
-- Installing: /home/eldry/dv_ws/install/tank_interfaces/share/tank_interfaces/cmake/tank_interfaces__rosidl_typesupport_cExport.cmake
-- Installing: /home/eldry/dv_ws/install/tank_interfaces/share/tank_interfaces/cmake/tank_interfaces__rosidl_typesupport_cExport-noconfig.cmake
-- Installing: /home/eldry/dv_ws/install/tank_interfaces/share/tank_interfaces/cmake/export_tank_interfaces__rosidl_generator_cppExport.cmake
-- Installing: /home/eldry/dv_ws/install/tank_interfaces/share/tank_interfaces/cmake/export_tank_interfaces__rosidl_typesupport_fastrtps_cppExport.cmake
-- Installing: /home/eldry/dv_ws/install/tank_interfaces/share/tank_interfaces/cmake/export_tank_interfaces__rosidl_typesupport_fastrtps_cppExport-noconfig.cmake
-- Installing: /home/eldry/dv_ws/install/tank_interfaces/share/tank_interfaces/cmake/tank_interfaces__rosidl_typesupport_introspection_cppExport.cmake
-- Installing: /home/eldry/dv_ws/install/tank_interfaces/share/tank_interfaces/cmake/tank_interfaces__rosidl_typesupport_introspection_cppExport-noconfig.cmake
-- Installing: /home/eldry/dv_ws/install/tank_interfaces/share/tank_interfaces/cmake/tank_interfaces__rosidl_typesupport_cppExport.cmake
-- Installing: /home/eldry/dv_ws/install/tank_interfaces/share/tank_interfaces/cmake/tank_interfaces__rosidl_typesupport_cppExport-noconfig.cmake
-- Installing: /home/eldry/dv_ws/install/tank_interfaces/share/tank_interfaces/cmake/export_tank_interfaces__rosidl_generator_pyExport.cmake
-- Installing: /home/eldry/dv_ws/install/tank_interfaces/share/tank_interfaces/cmake/export_tank_interfaces__rosidl_generator_pyExport-noconfig.cmake
-- Installing: /home/eldry/dv_ws/install/tank_interfaces/share/tank_interfaces/cmake/rosidl_cmake-extras.cmake
-- Installing: /home/eldry/dv_ws/install/tank_interfaces/share/tank_interfaces/cmake/ament_cmake_export_dependencies-extras.cmake
-- Installing: /home/eldry/dv_ws/install/tank_interfaces/share/tank_interfaces/cmake/ament_cmake_export_include_directories-extras.cmake
-- Installing: /home/eldry/dv_ws/install/tank_interfaces/share/tank_interfaces/cmake/ament_cmake_export_libraries-extras.cmake
-- Installing: /home/eldry/dv_ws/install/tank_interfaces/share/tank_interfaces/cmake/ament_cmake_export_targets-extras.cmake
-- Installing: /home/eldry/dv_ws/install/tank_interfaces/share/tank_interfaces/cmake/rosidl_cmake_export_typesupport_targets-extras.cmake
-- Installing: /home/eldry/dv_ws/install/tank_interfaces/share/tank_interfaces/cmake/rosidl_cmake_export_typesupport_libraries-extras.cmake
-- Installing: /home/eldry/dv_ws/install/tank_interfaces/share/tank_interfaces/cmake/tank_interfacesConfig.cmake
-- Up-to-date: /home/eldry/dv_ws/install/tank_interfaces/share/tank_interfaces/cmake/tank_interfacesConfig-version.cmake
-- Installing: /home/eldry/dv_ws/install/tank_interfaces/share/tank_interfaces/package.xml
