[0.013s] Invoking command in '/home/eldry/dv_ws/build/tank_interfaces': CMAKE_PREFIX_PATH=${CMAKE_PREFIX_PATH}:/opt/ros/jazzy DEBUGINFOD_URLS=https://debuginfod.ubuntu.com /usr/bin/cmake --build /home/eldry/dv_ws/build/tank_interfaces -- -j4 -l4
[0.062s] [  2%] Built target tank_interfaces__rosidl_generator_type_description
[0.080s] [  2%] Built target ament_cmake_python_copy_tank_interfaces
[0.085s] [ 17%] Built target tank_interfaces__rosidl_generator_c
[0.086s] [ 20%] Built target tank_interfaces__cpp
[0.119s] [ 29%] Built target tank_interfaces__rosidl_typesupport_c
[0.126s] [ 38%] Built target tank_interfaces__rosidl_typesupport_introspection_c
[0.129s] [ 47%] Built target tank_interfaces__rosidl_typesupport_fastrtps_c
[0.154s] [ 55%] Built target tank_interfaces__rosidl_typesupport_fastrtps_cpp
[0.158s] [ 64%] Built target tank_interfaces__rosidl_typesupport_introspection_cpp
[0.161s] [ 73%] Built target tank_interfaces__rosidl_typesupport_cpp
[0.181s] [ 73%] Built target tank_interfaces
[0.205s] [ 76%] Built target tank_interfaces__py
[0.227s] [ 82%] Built target tank_interfaces__rosidl_generator_py
[0.256s] [ 88%] Built target tank_interfaces_s__rosidl_typesupport_fastrtps_c
[0.261s] [ 94%] Built target tank_interfaces_s__rosidl_typesupport_introspection_c
[0.262s] [100%] Built target tank_interfaces_s__rosidl_typesupport_c
[0.347s] running egg_info
[0.373s] writing tank_interfaces.egg-info/PKG-INFO
[0.373s] writing dependency_links to tank_interfaces.egg-info/dependency_links.txt
[0.373s] writing top-level names to tank_interfaces.egg-info/top_level.txt
[0.449s] reading manifest file 'tank_interfaces.egg-info/SOURCES.txt'
[0.449s] writing manifest file 'tank_interfaces.egg-info/SOURCES.txt'
[0.486s] [100%] Built target ament_cmake_python_build_tank_interfaces_egg
[0.504s] Invoked command in '/home/eldry/dv_ws/build/tank_interfaces' returned '0': CMAKE_PREFIX_PATH=${CMAKE_PREFIX_PATH}:/opt/ros/jazzy DEBUGINFOD_URLS=https://debuginfod.ubuntu.com /usr/bin/cmake --build /home/eldry/dv_ws/build/tank_interfaces -- -j4 -l4
[0.504s] Invoking command in '/home/eldry/dv_ws/build/tank_interfaces': CMAKE_PREFIX_PATH=${CMAKE_PREFIX_PATH}:/opt/ros/jazzy DEBUGINFOD_URLS=https://debuginfod.ubuntu.com /usr/bin/cmake --install /home/eldry/dv_ws/build/tank_interfaces
[0.517s] -- Install configuration: ""
[0.517s] -- Up-to-date: /home/eldry/dv_ws/install/tank_interfaces/share/ament_index/resource_index/rosidl_interfaces/tank_interfaces
[0.517s] -- Up-to-date: /home/eldry/dv_ws/install/tank_interfaces/share/tank_interfaces/srv/Interface.json
[0.518s] -- Up-to-date: /home/eldry/dv_ws/install/tank_interfaces/include/tank_interfaces/tank_interfaces
[0.518s] -- Up-to-date: /home/eldry/dv_ws/install/tank_interfaces/include/tank_interfaces/tank_interfaces/srv
[0.518s] -- Up-to-date: /home/eldry/dv_ws/install/tank_interfaces/include/tank_interfaces/tank_interfaces/srv/detail
[0.518s] -- Up-to-date: /home/eldry/dv_ws/install/tank_interfaces/include/tank_interfaces/tank_interfaces/srv/detail/interface__description.c
[0.518s] -- Up-to-date: /home/eldry/dv_ws/install/tank_interfaces/include/tank_interfaces/tank_interfaces/srv/detail/interface__type_support.c
[0.518s] -- Up-to-date: /home/eldry/dv_ws/install/tank_interfaces/include/tank_interfaces/tank_interfaces/srv/detail/interface__functions.c
[0.518s] -- Up-to-date: /home/eldry/dv_ws/install/tank_interfaces/include/tank_interfaces/tank_interfaces/srv/detail/interface__functions.h
[0.518s] -- Up-to-date: /home/eldry/dv_ws/install/tank_interfaces/include/tank_interfaces/tank_interfaces/srv/detail/interface__type_support.h
[0.518s] -- Up-to-date: /home/eldry/dv_ws/install/tank_interfaces/include/tank_interfaces/tank_interfaces/srv/detail/interface__struct.h
[0.518s] -- Up-to-date: /home/eldry/dv_ws/install/tank_interfaces/include/tank_interfaces/tank_interfaces/srv/interface.h
[0.518s] -- Up-to-date: /home/eldry/dv_ws/install/tank_interfaces/include/tank_interfaces/tank_interfaces/msg
[0.519s] -- Up-to-date: /home/eldry/dv_ws/install/tank_interfaces/include/tank_interfaces/tank_interfaces/msg/rosidl_generator_c__visibility_control.h
[0.519s] -- Up-to-date: /home/eldry/dv_ws/install/tank_interfaces/share/tank_interfaces/environment/library_path.sh
[0.519s] -- Up-to-date: /home/eldry/dv_ws/install/tank_interfaces/share/tank_interfaces/environment/library_path.dsv
[0.519s] -- Up-to-date: /home/eldry/dv_ws/install/tank_interfaces/lib/libtank_interfaces__rosidl_generator_c.so
[0.519s] -- Up-to-date: /home/eldry/dv_ws/install/tank_interfaces/include/tank_interfaces/tank_interfaces
[0.519s] -- Up-to-date: /home/eldry/dv_ws/install/tank_interfaces/include/tank_interfaces/tank_interfaces/srv
[0.520s] -- Up-to-date: /home/eldry/dv_ws/install/tank_interfaces/include/tank_interfaces/tank_interfaces/srv/detail
[0.520s] -- Up-to-date: /home/eldry/dv_ws/install/tank_interfaces/include/tank_interfaces/tank_interfaces/srv/detail/interface__rosidl_typesupport_fastrtps_c.h
[0.520s] -- Up-to-date: /home/eldry/dv_ws/install/tank_interfaces/include/tank_interfaces/tank_interfaces/msg
[0.520s] -- Up-to-date: /home/eldry/dv_ws/install/tank_interfaces/include/tank_interfaces/tank_interfaces/msg/rosidl_typesupport_fastrtps_c__visibility_control.h
[0.520s] -- Up-to-date: /home/eldry/dv_ws/install/tank_interfaces/lib/libtank_interfaces__rosidl_typesupport_fastrtps_c.so
[0.520s] -- Up-to-date: /home/eldry/dv_ws/install/tank_interfaces/include/tank_interfaces/tank_interfaces
[0.520s] -- Up-to-date: /home/eldry/dv_ws/install/tank_interfaces/include/tank_interfaces/tank_interfaces/srv
[0.520s] -- Up-to-date: /home/eldry/dv_ws/install/tank_interfaces/include/tank_interfaces/tank_interfaces/srv/detail
[0.520s] -- Up-to-date: /home/eldry/dv_ws/install/tank_interfaces/include/tank_interfaces/tank_interfaces/srv/detail/interface__type_support.c
[0.520s] -- Up-to-date: /home/eldry/dv_ws/install/tank_interfaces/include/tank_interfaces/tank_interfaces/srv/detail/interface__rosidl_typesupport_introspection_c.h
[0.520s] -- Up-to-date: /home/eldry/dv_ws/install/tank_interfaces/include/tank_interfaces/tank_interfaces/msg
[0.520s] -- Up-to-date: /home/eldry/dv_ws/install/tank_interfaces/include/tank_interfaces/tank_interfaces/msg/rosidl_typesupport_introspection_c__visibility_control.h
[0.521s] -- Up-to-date: /home/eldry/dv_ws/install/tank_interfaces/lib/libtank_interfaces__rosidl_typesupport_introspection_c.so
[0.521s] -- Up-to-date: /home/eldry/dv_ws/install/tank_interfaces/lib/libtank_interfaces__rosidl_typesupport_c.so
[0.521s] -- Up-to-date: /home/eldry/dv_ws/install/tank_interfaces/include/tank_interfaces/tank_interfaces
[0.521s] -- Up-to-date: /home/eldry/dv_ws/install/tank_interfaces/include/tank_interfaces/tank_interfaces/srv
[0.521s] -- Up-to-date: /home/eldry/dv_ws/install/tank_interfaces/include/tank_interfaces/tank_interfaces/srv/detail
[0.521s] -- Up-to-date: /home/eldry/dv_ws/install/tank_interfaces/include/tank_interfaces/tank_interfaces/srv/detail/interface__type_support.hpp
[0.521s] -- Up-to-date: /home/eldry/dv_ws/install/tank_interfaces/include/tank_interfaces/tank_interfaces/srv/detail/interface__builder.hpp
[0.521s] -- Up-to-date: /home/eldry/dv_ws/install/tank_interfaces/include/tank_interfaces/tank_interfaces/srv/detail/interface__traits.hpp
[0.521s] -- Up-to-date: /home/eldry/dv_ws/install/tank_interfaces/include/tank_interfaces/tank_interfaces/srv/detail/interface__struct.hpp
[0.521s] -- Up-to-date: /home/eldry/dv_ws/install/tank_interfaces/include/tank_interfaces/tank_interfaces/srv/interface.hpp
[0.521s] -- Up-to-date: /home/eldry/dv_ws/install/tank_interfaces/include/tank_interfaces/tank_interfaces/msg
[0.521s] -- Up-to-date: /home/eldry/dv_ws/install/tank_interfaces/include/tank_interfaces/tank_interfaces/msg/rosidl_generator_cpp__visibility_control.hpp
[0.522s] -- Up-to-date: /home/eldry/dv_ws/install/tank_interfaces/include/tank_interfaces/tank_interfaces
[0.522s] -- Up-to-date: /home/eldry/dv_ws/install/tank_interfaces/include/tank_interfaces/tank_interfaces/srv
[0.522s] -- Up-to-date: /home/eldry/dv_ws/install/tank_interfaces/include/tank_interfaces/tank_interfaces/srv/detail
[0.522s] -- Up-to-date: /home/eldry/dv_ws/install/tank_interfaces/include/tank_interfaces/tank_interfaces/srv/detail/interface__rosidl_typesupport_fastrtps_cpp.hpp
[0.522s] -- Up-to-date: /home/eldry/dv_ws/install/tank_interfaces/include/tank_interfaces/tank_interfaces/srv/detail/dds_fastrtps
[0.522s] -- Up-to-date: /home/eldry/dv_ws/install/tank_interfaces/include/tank_interfaces/tank_interfaces/msg
[0.522s] -- Up-to-date: /home/eldry/dv_ws/install/tank_interfaces/include/tank_interfaces/tank_interfaces/msg/rosidl_typesupport_fastrtps_cpp__visibility_control.h
[0.522s] -- Up-to-date: /home/eldry/dv_ws/install/tank_interfaces/lib/libtank_interfaces__rosidl_typesupport_fastrtps_cpp.so
[0.522s] -- Up-to-date: /home/eldry/dv_ws/install/tank_interfaces/include/tank_interfaces/tank_interfaces
[0.522s] -- Up-to-date: /home/eldry/dv_ws/install/tank_interfaces/include/tank_interfaces/tank_interfaces/srv
[0.522s] -- Up-to-date: /home/eldry/dv_ws/install/tank_interfaces/include/tank_interfaces/tank_interfaces/srv/detail
[0.522s] -- Up-to-date: /home/eldry/dv_ws/install/tank_interfaces/include/tank_interfaces/tank_interfaces/srv/detail/interface__rosidl_typesupport_introspection_cpp.hpp
[0.522s] -- Up-to-date: /home/eldry/dv_ws/install/tank_interfaces/include/tank_interfaces/tank_interfaces/srv/detail/interface__type_support.cpp
[0.523s] -- Up-to-date: /home/eldry/dv_ws/install/tank_interfaces/lib/libtank_interfaces__rosidl_typesupport_introspection_cpp.so
[0.523s] -- Up-to-date: /home/eldry/dv_ws/install/tank_interfaces/lib/libtank_interfaces__rosidl_typesupport_cpp.so
[0.523s] -- Up-to-date: /home/eldry/dv_ws/install/tank_interfaces/share/tank_interfaces/environment/pythonpath.sh
[0.523s] -- Up-to-date: /home/eldry/dv_ws/install/tank_interfaces/share/tank_interfaces/environment/pythonpath.dsv
[0.523s] -- Up-to-date: /home/eldry/dv_ws/install/tank_interfaces/lib/python3.12/site-packages/tank_interfaces-0.0.0-py3.12.egg-info
[0.523s] -- Installing: /home/eldry/dv_ws/install/tank_interfaces/lib/python3.12/site-packages/tank_interfaces-0.0.0-py3.12.egg-info/SOURCES.txt
[0.523s] -- Installing: /home/eldry/dv_ws/install/tank_interfaces/lib/python3.12/site-packages/tank_interfaces-0.0.0-py3.12.egg-info/PKG-INFO
[0.523s] -- Installing: /home/eldry/dv_ws/install/tank_interfaces/lib/python3.12/site-packages/tank_interfaces-0.0.0-py3.12.egg-info/top_level.txt
[0.523s] -- Installing: /home/eldry/dv_ws/install/tank_interfaces/lib/python3.12/site-packages/tank_interfaces-0.0.0-py3.12.egg-info/dependency_links.txt
[0.523s] -- Up-to-date: /home/eldry/dv_ws/install/tank_interfaces/lib/python3.12/site-packages/tank_interfaces
[0.523s] -- Up-to-date: /home/eldry/dv_ws/install/tank_interfaces/lib/python3.12/site-packages/tank_interfaces/tank_interfaces_s__rosidl_typesupport_introspection_c.so
[0.523s] -- Up-to-date: /home/eldry/dv_ws/install/tank_interfaces/lib/python3.12/site-packages/tank_interfaces/_tank_interfaces_s.ep.rosidl_typesupport_fastrtps_c.c
[0.523s] -- Up-to-date: /home/eldry/dv_ws/install/tank_interfaces/lib/python3.12/site-packages/tank_interfaces/_tank_interfaces_s.ep.rosidl_typesupport_introspection_c.c
[0.524s] -- Up-to-date: /home/eldry/dv_ws/install/tank_interfaces/lib/python3.12/site-packages/tank_interfaces/tank_interfaces_s__rosidl_typesupport_c.so
[0.524s] -- Up-to-date: /home/eldry/dv_ws/install/tank_interfaces/lib/python3.12/site-packages/tank_interfaces/_tank_interfaces_s.ep.rosidl_typesupport_c.c
[0.524s] -- Up-to-date: /home/eldry/dv_ws/install/tank_interfaces/lib/python3.12/site-packages/tank_interfaces/srv
[0.524s] -- Up-to-date: /home/eldry/dv_ws/install/tank_interfaces/lib/python3.12/site-packages/tank_interfaces/srv/_interface.py
[0.524s] -- Up-to-date: /home/eldry/dv_ws/install/tank_interfaces/lib/python3.12/site-packages/tank_interfaces/srv/_interface_s.c
[0.524s] -- Up-to-date: /home/eldry/dv_ws/install/tank_interfaces/lib/python3.12/site-packages/tank_interfaces/srv/__init__.py
[0.524s] -- Up-to-date: /home/eldry/dv_ws/install/tank_interfaces/lib/python3.12/site-packages/tank_interfaces/tank_interfaces_s__rosidl_typesupport_fastrtps_c.so
[0.524s] -- Up-to-date: /home/eldry/dv_ws/install/tank_interfaces/lib/python3.12/site-packages/tank_interfaces/__init__.py
[0.558s] Listing '/home/eldry/dv_ws/install/tank_interfaces/lib/python3.12/site-packages/tank_interfaces'...
[0.558s] Listing '/home/eldry/dv_ws/install/tank_interfaces/lib/python3.12/site-packages/tank_interfaces/srv'...
[0.565s] -- Up-to-date: /home/eldry/dv_ws/install/tank_interfaces/lib/python3.12/site-packages/tank_interfaces/tank_interfaces_s__rosidl_typesupport_fastrtps_c.so
[0.565s] -- Up-to-date: /home/eldry/dv_ws/install/tank_interfaces/lib/python3.12/site-packages/tank_interfaces/tank_interfaces_s__rosidl_typesupport_introspection_c.so
[0.566s] -- Up-to-date: /home/eldry/dv_ws/install/tank_interfaces/lib/python3.12/site-packages/tank_interfaces/tank_interfaces_s__rosidl_typesupport_c.so
[0.566s] -- Up-to-date: /home/eldry/dv_ws/install/tank_interfaces/lib/libtank_interfaces__rosidl_generator_py.so
[0.566s] -- Up-to-date: /home/eldry/dv_ws/install/tank_interfaces/share/tank_interfaces/srv/Interface.idl
[0.566s] -- Up-to-date: /home/eldry/dv_ws/install/tank_interfaces/share/tank_interfaces/srv/Interface.srv
[0.567s] -- Up-to-date: /home/eldry/dv_ws/install/tank_interfaces/share/ament_index/resource_index/package_run_dependencies/tank_interfaces
[0.567s] -- Up-to-date: /home/eldry/dv_ws/install/tank_interfaces/share/ament_index/resource_index/parent_prefix_path/tank_interfaces
[0.567s] -- Up-to-date: /home/eldry/dv_ws/install/tank_interfaces/share/tank_interfaces/environment/ament_prefix_path.sh
[0.567s] -- Up-to-date: /home/eldry/dv_ws/install/tank_interfaces/share/tank_interfaces/environment/ament_prefix_path.dsv
[0.568s] -- Up-to-date: /home/eldry/dv_ws/install/tank_interfaces/share/tank_interfaces/environment/path.sh
[0.568s] -- Up-to-date: /home/eldry/dv_ws/install/tank_interfaces/share/tank_interfaces/environment/path.dsv
[0.568s] -- Up-to-date: /home/eldry/dv_ws/install/tank_interfaces/share/tank_interfaces/local_setup.bash
[0.568s] -- Up-to-date: /home/eldry/dv_ws/install/tank_interfaces/share/tank_interfaces/local_setup.sh
[0.568s] -- Up-to-date: /home/eldry/dv_ws/install/tank_interfaces/share/tank_interfaces/local_setup.zsh
[0.569s] -- Up-to-date: /home/eldry/dv_ws/install/tank_interfaces/share/tank_interfaces/local_setup.dsv
[0.569s] -- Installing: /home/eldry/dv_ws/install/tank_interfaces/share/tank_interfaces/package.dsv
[0.569s] -- Up-to-date: /home/eldry/dv_ws/install/tank_interfaces/share/ament_index/resource_index/packages/tank_interfaces
[0.569s] -- Up-to-date: /home/eldry/dv_ws/install/tank_interfaces/share/tank_interfaces/cmake/export_tank_interfaces__rosidl_generator_cExport.cmake
[0.569s] -- Up-to-date: /home/eldry/dv_ws/install/tank_interfaces/share/tank_interfaces/cmake/export_tank_interfaces__rosidl_generator_cExport-noconfig.cmake
[0.570s] -- Up-to-date: /home/eldry/dv_ws/install/tank_interfaces/share/tank_interfaces/cmake/export_tank_interfaces__rosidl_typesupport_fastrtps_cExport.cmake
[0.571s] -- Up-to-date: /home/eldry/dv_ws/install/tank_interfaces/share/tank_interfaces/cmake/export_tank_interfaces__rosidl_typesupport_fastrtps_cExport-noconfig.cmake
[0.571s] -- Up-to-date: /home/eldry/dv_ws/install/tank_interfaces/share/tank_interfaces/cmake/tank_interfaces__rosidl_typesupport_introspection_cExport.cmake
[0.571s] -- Up-to-date: /home/eldry/dv_ws/install/tank_interfaces/share/tank_interfaces/cmake/tank_interfaces__rosidl_typesupport_introspection_cExport-noconfig.cmake
[0.572s] -- Up-to-date: /home/eldry/dv_ws/install/tank_interfaces/share/tank_interfaces/cmake/tank_interfaces__rosidl_typesupport_cExport.cmake
[0.572s] -- Up-to-date: /home/eldry/dv_ws/install/tank_interfaces/share/tank_interfaces/cmake/tank_interfaces__rosidl_typesupport_cExport-noconfig.cmake
[0.572s] -- Up-to-date: /home/eldry/dv_ws/install/tank_interfaces/share/tank_interfaces/cmake/export_tank_interfaces__rosidl_generator_cppExport.cmake
[0.572s] -- Up-to-date: /home/eldry/dv_ws/install/tank_interfaces/share/tank_interfaces/cmake/export_tank_interfaces__rosidl_typesupport_fastrtps_cppExport.cmake
[0.572s] -- Up-to-date: /home/eldry/dv_ws/install/tank_interfaces/share/tank_interfaces/cmake/export_tank_interfaces__rosidl_typesupport_fastrtps_cppExport-noconfig.cmake
[0.573s] -- Up-to-date: /home/eldry/dv_ws/install/tank_interfaces/share/tank_interfaces/cmake/tank_interfaces__rosidl_typesupport_introspection_cppExport.cmake
[0.573s] -- Up-to-date: /home/eldry/dv_ws/install/tank_interfaces/share/tank_interfaces/cmake/tank_interfaces__rosidl_typesupport_introspection_cppExport-noconfig.cmake
[0.573s] -- Up-to-date: /home/eldry/dv_ws/install/tank_interfaces/share/tank_interfaces/cmake/tank_interfaces__rosidl_typesupport_cppExport.cmake
[0.573s] -- Up-to-date: /home/eldry/dv_ws/install/tank_interfaces/share/tank_interfaces/cmake/tank_interfaces__rosidl_typesupport_cppExport-noconfig.cmake
[0.574s] -- Up-to-date: /home/eldry/dv_ws/install/tank_interfaces/share/tank_interfaces/cmake/export_tank_interfaces__rosidl_generator_pyExport.cmake
[0.574s] -- Up-to-date: /home/eldry/dv_ws/install/tank_interfaces/share/tank_interfaces/cmake/export_tank_interfaces__rosidl_generator_pyExport-noconfig.cmake
[0.574s] -- Up-to-date: /home/eldry/dv_ws/install/tank_interfaces/share/tank_interfaces/cmake/rosidl_cmake-extras.cmake
[0.574s] -- Up-to-date: /home/eldry/dv_ws/install/tank_interfaces/share/tank_interfaces/cmake/ament_cmake_export_dependencies-extras.cmake
[0.575s] -- Up-to-date: /home/eldry/dv_ws/install/tank_interfaces/share/tank_interfaces/cmake/ament_cmake_export_include_directories-extras.cmake
[0.575s] -- Up-to-date: /home/eldry/dv_ws/install/tank_interfaces/share/tank_interfaces/cmake/ament_cmake_export_libraries-extras.cmake
[0.575s] -- Up-to-date: /home/eldry/dv_ws/install/tank_interfaces/share/tank_interfaces/cmake/ament_cmake_export_targets-extras.cmake
[0.575s] -- Up-to-date: /home/eldry/dv_ws/install/tank_interfaces/share/tank_interfaces/cmake/rosidl_cmake_export_typesupport_targets-extras.cmake
[0.575s] -- Up-to-date: /home/eldry/dv_ws/install/tank_interfaces/share/tank_interfaces/cmake/rosidl_cmake_export_typesupport_libraries-extras.cmake
[0.576s] -- Up-to-date: /home/eldry/dv_ws/install/tank_interfaces/share/tank_interfaces/cmake/tank_interfacesConfig.cmake
[0.576s] -- Up-to-date: /home/eldry/dv_ws/install/tank_interfaces/share/tank_interfaces/cmake/tank_interfacesConfig-version.cmake
[0.577s] -- Up-to-date: /home/eldry/dv_ws/install/tank_interfaces/share/tank_interfaces/package.xml
[0.577s] Invoked command in '/home/eldry/dv_ws/build/tank_interfaces' returned '0': CMAKE_PREFIX_PATH=${CMAKE_PREFIX_PATH}:/opt/ros/jazzy DEBUGINFOD_URLS=https://debuginfod.ubuntu.com /usr/bin/cmake --install /home/eldry/dv_ws/build/tank_interfaces
